2025-03-03 10:57:35 -Starting ServiceApplication on LAPTOP-7HT4VH9K with PID 26008 (D:\Java\im-system\service\target\classes started by 33175 in D:\Java\im-system)
2025-03-03 10:57:35 -The following profiles are active: dev
2025-03-03 10:57:36 -Multiple Spring Data modules found, entering strict repository configuration mode!
2025-03-03 10:57:36 -Bootstrapping Spring Data Redis repositories in DEFAULT mode.
2025-03-03 10:57:36 -Finished Spring Data repository scanning in 8ms. Found 0 Redis repository interfaces.
2025-03-03 10:57:36 -Tomcat initialized with port(s): 8000 (http)
2025-03-03 10:57:36 -Initializing ProtocolHandler ["http-nio-8000"]
2025-03-03 10:57:36 -Starting service [Tomcat]
2025-03-03 10:57:36 -Starting Servlet engine: [Apache Tomcat/9.0.37]
2025-03-03 10:57:36 -Initializing Spring embedded WebApplicationContext
2025-03-03 10:57:36 -Root WebApplicationContext: initialization completed in 1107 ms
2025-03-03 10:57:37 -Initializing ExecutorService 'applicationTaskExecutor'
2025-03-03 10:57:38 -Starting ProtocolHandler ["http-nio-8000"]
2025-03-03 10:57:38 -Tomcat started on port(s): 8000 (http) with context path ''
2025-03-03 10:57:38 -Started ServiceApplication in 3.179 seconds (JVM running for 3.841)
2025-03-03 10:57:59 -Initializing Spring DispatcherServlet 'dispatcherServlet'
2025-03-03 10:57:59 -Initializing Servlet 'dispatcherServlet'
2025-03-03 10:57:59 -Completed initialization in 6 ms
2025-03-03 10:57:59 -HikariPool-1 - Starting...
2025-03-03 10:58:00 -HikariPool-1 - Start completed.
2025-03-03 10:58:13 -Shutting down ExecutorService 'applicationTaskExecutor'
2025-03-03 10:58:13 -HikariPool-1 - Shutdown initiated...
2025-03-03 10:58:13 -HikariPool-1 - Shutdown completed.
