2025-04-13 22:34:16 -Starting ServiceApplication on LAPTOP-7HT4VH9K with PID 26056 (D:\Java\ImSystem\im-system\service\target\classes started by 33175 in D:\Java\ImSystem)
2025-04-13 22:34:16 -The following profiles are active: dev
2025-04-13 22:34:17 -Multiple Spring Data modules found, entering strict repository configuration mode!
2025-04-13 22:34:17 -Bootstrapping Spring Data Redis repositories in DEFAULT mode.
2025-04-13 22:34:17 -Finished Spring Data repository scanning in 13ms. Found 0 Redis repository interfaces.
2025-04-13 22:34:17 -Tomcat initialized with port(s): 8000 (http)
2025-04-13 22:34:17 -Initializing ProtocolHandler ["http-nio-8000"]
2025-04-13 22:34:17 -Starting service [Tomcat]
2025-04-13 22:34:17 -Starting Servlet engine: [Apache Tomcat/9.0.37]
2025-04-13 22:34:17 -Initializing Spring embedded WebApplicationContext
2025-04-13 22:34:17 -Root WebApplicationContext: initialization completed in 889 ms
2025-04-13 22:34:18 -Initializing ExecutorService 'applicationTaskExecutor'
2025-04-13 22:34:18 -Starting ProtocolHandler ["http-nio-8000"]
2025-04-13 22:34:18 -Tomcat started on port(s): 8000 (http) with context path ''
2025-04-13 22:34:18 -Attempting to connect to: [192.168.88.130:5672]
2025-04-13 22:34:19 -Created new connection: rabbitConnectionFactory#2100d047:0/SimpleConnection@67e0ff3a [delegate=amqp://root@192.168.88.130:5672/, localPort= 57599]
2025-04-13 22:34:19 -Started ServiceApplication in 2.83 seconds (JVM running for 3.403)
2025-04-13 22:34:24 -Starting Application on LAPTOP-7HT4VH9K with PID 28792 (D:\Java\ImSystem\im-system\message-store\target\classes started by 33175 in D:\Java\ImSystem)
2025-04-13 22:34:24 -The following profiles are active: dev
2025-04-13 22:34:25 -Attempting to connect to: [192.168.88.130:5672]
2025-04-13 22:34:25 -Created new connection: rabbitConnectionFactory#55b5e331:0/SimpleConnection@30cecdca [delegate=amqp://root@192.168.88.130:5672/, localPort= 57611]
2025-04-13 22:34:25 -Started Application in 1.595 seconds (JVM running for 2.069)
2025-04-13 22:38:21 -CHAT MSG FROM QUEUE :::::{"clientType":1,"appId":10000,"imei":"10000","userId":"lld1","command":4001,"status":1}
2025-04-13 22:38:22 -HikariPool-1 - Starting...
2025-04-13 22:38:22 -HikariPool-1 - Start completed.
2025-04-13 22:39:02 -CHAT MSG FROM QUEUE :::::{"clientType":1,"appId":10000,"imei":"10000","userId":"lld2","command":4001,"status":1}
2025-04-13 22:39:26 -CHAT MSG FROM QUEUE :::::{"clientType":1,"appId":10000,"imei":"10000","userId":"lld5","command":4001,"status":1}
2025-04-13 22:41:42 -CHAT MSG FROM QUEUE :::::{"clientType":1,"appId":10000,"imei":"10000","userId":"lld2","command":4001,"status":1}
2025-04-13 22:45:09 -Waiting for workers to finish.
2025-04-13 22:45:09 -Successfully waited for workers to finish.
2025-04-13 22:45:09 -Waiting for workers to finish.
2025-04-13 22:45:10 -Successfully waited for workers to finish.
2025-04-13 22:45:10 -Waiting for workers to finish.
2025-04-13 22:45:11 -Successfully waited for workers to finish.
2025-04-13 22:45:12 -Shutdown ignored - container is not active already
2025-04-13 22:45:12 -Shutdown ignored - container is not active already
2025-04-13 22:45:12 -Shutdown ignored - container is not active already
2025-04-13 22:45:12 -Shutting down ExecutorService 'applicationTaskExecutor'
2025-04-13 22:45:16 -HikariPool-1 - Shutdown initiated...
2025-04-13 22:45:17 -HikariPool-1 - Shutdown completed.
2025-04-13 22:45:23 -Starting ServiceApplication on LAPTOP-7HT4VH9K with PID 28904 (D:\Java\ImSystem\im-system\service\target\classes started by 33175 in D:\Java\ImSystem)
2025-04-13 22:45:23 -The following profiles are active: dev
2025-04-13 22:45:23 -Multiple Spring Data modules found, entering strict repository configuration mode!
2025-04-13 22:45:23 -Bootstrapping Spring Data Redis repositories in DEFAULT mode.
2025-04-13 22:45:23 -Finished Spring Data repository scanning in 11ms. Found 0 Redis repository interfaces.
2025-04-13 22:45:23 -Tomcat initialized with port(s): 8000 (http)
2025-04-13 22:45:23 -Initializing ProtocolHandler ["http-nio-8000"]
2025-04-13 22:45:23 -Starting service [Tomcat]
2025-04-13 22:45:23 -Starting Servlet engine: [Apache Tomcat/9.0.37]
2025-04-13 22:45:23 -Initializing Spring embedded WebApplicationContext
2025-04-13 22:45:23 -Root WebApplicationContext: initialization completed in 714 ms
2025-04-13 22:45:24 -Initializing ExecutorService 'applicationTaskExecutor'
2025-04-13 22:45:25 -Starting ProtocolHandler ["http-nio-8000"]
2025-04-13 22:45:25 -Tomcat started on port(s): 8000 (http) with context path ''
2025-04-13 22:45:25 -Attempting to connect to: [192.168.88.130:5672]
2025-04-13 22:45:25 -Created new connection: rabbitConnectionFactory#44b29496:0/SimpleConnection@6b357eb6 [delegate=amqp://root@192.168.88.130:5672/, localPort= 58365]
2025-04-13 22:45:25 -Started ServiceApplication in 2.381 seconds (JVM running for 2.841)
2025-04-13 22:45:39 -CHAT MSG FROM QUEUE :::::{"clientType":1,"appId":10000,"imei":"10000","userId":"lld1","command":4001,"status":2}
2025-04-13 22:45:39 -HikariPool-1 - Starting...
2025-04-13 22:45:39 -HikariPool-1 - Start completed.
2025-04-13 22:45:47 -CHAT MSG FROM QUEUE :::::{"clientType":1,"appId":10000,"imei":"10000","userId":"lld1","command":4001,"status":1}
2025-04-13 22:45:50 -CHAT MSG FROM QUEUE :::::{"clientType":1,"appId":10000,"imei":"10000","userId":"lld2","command":4001,"status":2}
2025-04-13 22:46:02 -CHAT MSG FROM QUEUE :::::{"clientType":1,"appId":10000,"imei":"10000","userId":"lld2","command":4001,"status":1}
2025-04-13 22:47:00 -Waiting for workers to finish.
2025-04-13 22:47:00 -Successfully waited for workers to finish.
2025-04-13 22:47:00 -Waiting for workers to finish.
2025-04-13 22:47:00 -Waiting for workers to finish.
2025-04-13 22:47:01 -Successfully waited for workers to finish.
2025-04-13 22:47:01 -Waiting for workers to finish.
2025-04-13 22:47:01 -Successfully waited for workers to finish.
2025-04-13 22:47:01 -Waiting for workers to finish.
2025-04-13 22:47:02 -Successfully waited for workers to finish.
2025-04-13 22:47:02 -Shutdown ignored - container is not active already
2025-04-13 22:47:02 -Shutdown ignored - container is not active already
2025-04-13 22:47:02 -Successfully waited for workers to finish.
2025-04-13 22:47:02 -Shutdown ignored - container is not active already
2025-04-13 22:47:02 -Shutdown ignored - container is not active already
2025-04-13 22:47:02 -Shutdown ignored - container is not active already
2025-04-13 22:47:02 -Shutting down ExecutorService 'applicationTaskExecutor'
2025-04-13 22:47:07 -HikariPool-1 - Shutdown initiated...
2025-04-13 22:47:07 -HikariPool-1 - Shutdown completed.
2025-04-13 22:51:04 -Starting ServiceApplication on LAPTOP-7HT4VH9K with PID 15292 (D:\Java\ImSystem\im-system\service\target\classes started by 33175 in D:\Java\ImSystem)
2025-04-13 22:51:04 -The following profiles are active: dev
2025-04-13 22:51:05 -Multiple Spring Data modules found, entering strict repository configuration mode!
2025-04-13 22:51:05 -Bootstrapping Spring Data Redis repositories in DEFAULT mode.
2025-04-13 22:51:05 -Finished Spring Data repository scanning in 20ms. Found 0 Redis repository interfaces.
2025-04-13 22:51:05 -Tomcat initialized with port(s): 8000 (http)
2025-04-13 22:51:05 -Initializing ProtocolHandler ["http-nio-8000"]
2025-04-13 22:51:05 -Starting service [Tomcat]
2025-04-13 22:51:05 -Starting Servlet engine: [Apache Tomcat/9.0.37]
2025-04-13 22:51:05 -Initializing Spring embedded WebApplicationContext
2025-04-13 22:51:05 -Root WebApplicationContext: initialization completed in 873 ms
2025-04-13 22:51:07 -Initializing ExecutorService 'applicationTaskExecutor'
2025-04-13 22:51:07 -Starting ProtocolHandler ["http-nio-8000"]
2025-04-13 22:51:07 -Tomcat started on port(s): 8000 (http) with context path ''
2025-04-13 22:51:07 -Attempting to connect to: [192.168.88.130:5672]
2025-04-13 22:51:07 -Created new connection: rabbitConnectionFactory#15c4af7a:0/SimpleConnection@4c3de38e [delegate=amqp://root@192.168.88.130:5672/, localPort= 59081]
2025-04-13 22:51:07 -Started ServiceApplication in 3.065 seconds (JVM running for 3.641)
2025-04-13 22:56:19 -Initializing Spring DispatcherServlet 'dispatcherServlet'
2025-04-13 22:56:19 -Initializing Servlet 'dispatcherServlet'
2025-04-13 22:56:19 -Completed initialization in 14 ms
2025-04-13 22:58:25 -Waiting for workers to finish.
2025-04-13 22:58:26 -Successfully waited for workers to finish.
2025-04-13 22:58:26 -Waiting for workers to finish.
2025-04-13 22:58:27 -Successfully waited for workers to finish.
2025-04-13 22:58:27 -Waiting for workers to finish.
2025-04-13 22:58:28 -Successfully waited for workers to finish.
2025-04-13 22:58:28 -Shutdown ignored - container is not active already
2025-04-13 22:58:28 -Shutdown ignored - container is not active already
2025-04-13 22:58:28 -Shutdown ignored - container is not active already
2025-04-13 22:58:28 -Shutting down ExecutorService 'applicationTaskExecutor'
2025-04-13 22:58:36 -Starting ServiceApplication on LAPTOP-7HT4VH9K with PID 26308 (D:\Java\ImSystem\im-system\service\target\classes started by 33175 in D:\Java\ImSystem)
2025-04-13 22:58:36 -The following profiles are active: dev
2025-04-13 22:58:37 -Multiple Spring Data modules found, entering strict repository configuration mode!
2025-04-13 22:58:37 -Bootstrapping Spring Data Redis repositories in DEFAULT mode.
2025-04-13 22:58:37 -Finished Spring Data repository scanning in 11ms. Found 0 Redis repository interfaces.
2025-04-13 22:58:37 -Tomcat initialized with port(s): 8000 (http)
2025-04-13 22:58:37 -Initializing ProtocolHandler ["http-nio-8000"]
2025-04-13 22:58:37 -Starting service [Tomcat]
2025-04-13 22:58:37 -Starting Servlet engine: [Apache Tomcat/9.0.37]
2025-04-13 22:58:37 -Initializing Spring embedded WebApplicationContext
2025-04-13 22:58:37 -Root WebApplicationContext: initialization completed in 970 ms
2025-04-13 22:58:39 -Initializing ExecutorService 'applicationTaskExecutor'
2025-04-13 22:58:39 -Starting ProtocolHandler ["http-nio-8000"]
2025-04-13 22:58:39 -Tomcat started on port(s): 8000 (http) with context path ''
2025-04-13 22:58:39 -Attempting to connect to: [192.168.88.130:5672]
2025-04-13 22:58:39 -Created new connection: rabbitConnectionFactory#176f7f3b:0/SimpleConnection@5af5d76f [delegate=amqp://root@192.168.88.130:5672/, localPort= 59936]
2025-04-13 22:58:39 -Started ServiceApplication in 3.001 seconds (JVM running for 3.904)
2025-04-13 22:58:43 -Initializing Spring DispatcherServlet 'dispatcherServlet'
2025-04-13 22:58:43 -Initializing Servlet 'dispatcherServlet'
2025-04-13 22:58:43 -Completed initialization in 4 ms
2025-04-13 23:00:00 -Waiting for workers to finish.
2025-04-13 23:00:00 -Successfully waited for workers to finish.
2025-04-13 23:00:00 -Waiting for workers to finish.
2025-04-13 23:00:01 -Successfully waited for workers to finish.
2025-04-13 23:00:01 -Waiting for workers to finish.
2025-04-13 23:00:02 -Successfully waited for workers to finish.
2025-04-13 23:00:03 -Shutdown ignored - container is not active already
2025-04-13 23:00:03 -Shutdown ignored - container is not active already
2025-04-13 23:00:03 -Shutdown ignored - container is not active already
2025-04-13 23:00:03 -Shutting down ExecutorService 'applicationTaskExecutor'
2025-04-13 23:00:13 -Starting ServiceApplication on LAPTOP-7HT4VH9K with PID 4896 (D:\Java\ImSystem\im-system\service\target\classes started by 33175 in D:\Java\ImSystem)
2025-04-13 23:00:13 -The following profiles are active: dev
2025-04-13 23:00:13 -Multiple Spring Data modules found, entering strict repository configuration mode!
2025-04-13 23:00:13 -Bootstrapping Spring Data Redis repositories in DEFAULT mode.
2025-04-13 23:00:13 -Finished Spring Data repository scanning in 12ms. Found 0 Redis repository interfaces.
2025-04-13 23:00:14 -Tomcat initialized with port(s): 8000 (http)
2025-04-13 23:00:14 -Initializing ProtocolHandler ["http-nio-8000"]
2025-04-13 23:00:14 -Starting service [Tomcat]
2025-04-13 23:00:14 -Starting Servlet engine: [Apache Tomcat/9.0.37]
2025-04-13 23:00:14 -Initializing Spring embedded WebApplicationContext
2025-04-13 23:00:14 -Root WebApplicationContext: initialization completed in 722 ms
2025-04-13 23:00:15 -Initializing ExecutorService 'applicationTaskExecutor'
2025-04-13 23:00:15 -Starting ProtocolHandler ["http-nio-8000"]
2025-04-13 23:00:15 -Tomcat started on port(s): 8000 (http) with context path ''
2025-04-13 23:00:15 -Attempting to connect to: [192.168.88.130:5672]
2025-04-13 23:00:15 -Created new connection: rabbitConnectionFactory#459f703f:0/SimpleConnection@4391a2d8 [delegate=amqp://root@192.168.88.130:5672/, localPort= 60012]
2025-04-13 23:00:15 -Started ServiceApplication in 2.623 seconds (JVM running for 3.235)
2025-04-13 23:00:31 -Initializing Spring DispatcherServlet 'dispatcherServlet'
2025-04-13 23:00:31 -Initializing Servlet 'dispatcherServlet'
2025-04-13 23:00:31 -Completed initialization in 3 ms
2025-04-13 23:00:43 -Waiting for workers to finish.
2025-04-13 23:00:43 -Successfully waited for workers to finish.
2025-04-13 23:00:43 -Waiting for workers to finish.
2025-04-13 23:00:43 -Successfully waited for workers to finish.
2025-04-13 23:00:43 -Waiting for workers to finish.
2025-04-13 23:00:44 -Successfully waited for workers to finish.
2025-04-13 23:00:45 -Shutdown ignored - container is not active already
2025-04-13 23:00:45 -Shutdown ignored - container is not active already
2025-04-13 23:00:45 -Shutdown ignored - container is not active already
2025-04-13 23:00:45 -Shutting down ExecutorService 'applicationTaskExecutor'
2025-04-13 23:02:38 -Starting ServiceApplication on LAPTOP-7HT4VH9K with PID 21328 (D:\Java\ImSystem\im-system\service\target\classes started by 33175 in D:\Java\ImSystem)
2025-04-13 23:02:38 -The following profiles are active: dev
2025-04-13 23:02:38 -Multiple Spring Data modules found, entering strict repository configuration mode!
2025-04-13 23:02:38 -Bootstrapping Spring Data Redis repositories in DEFAULT mode.
2025-04-13 23:02:38 -Finished Spring Data repository scanning in 11ms. Found 0 Redis repository interfaces.
2025-04-13 23:02:50 -Starting ServiceApplication on LAPTOP-7HT4VH9K with PID 22296 (D:\Java\ImSystem\im-system\service\target\classes started by 33175 in D:\Java\ImSystem)
2025-04-13 23:02:50 -The following profiles are active: dev
2025-04-13 23:02:51 -Multiple Spring Data modules found, entering strict repository configuration mode!
2025-04-13 23:02:51 -Bootstrapping Spring Data Redis repositories in DEFAULT mode.
2025-04-13 23:02:51 -Finished Spring Data repository scanning in 11ms. Found 0 Redis repository interfaces.
2025-04-13 23:02:51 -Tomcat initialized with port(s): 8000 (http)
2025-04-13 23:02:51 -Initializing ProtocolHandler ["http-nio-8000"]
2025-04-13 23:02:51 -Starting service [Tomcat]
2025-04-13 23:02:51 -Starting Servlet engine: [Apache Tomcat/9.0.37]
2025-04-13 23:02:51 -Initializing Spring embedded WebApplicationContext
2025-04-13 23:02:51 -Root WebApplicationContext: initialization completed in 725 ms
2025-04-13 23:02:52 -Initializing ExecutorService 'applicationTaskExecutor'
2025-04-13 23:02:52 -Starting ProtocolHandler ["http-nio-8000"]
2025-04-13 23:02:52 -Tomcat started on port(s): 8000 (http) with context path ''
2025-04-13 23:02:52 -Attempting to connect to: [192.168.88.130:5672]
2025-04-13 23:02:52 -Created new connection: rabbitConnectionFactory#188ac8a3:0/SimpleConnection@47b269c4 [delegate=amqp://root@192.168.88.130:5672/, localPort= 60136]
2025-04-13 23:02:53 -Started ServiceApplication in 2.627 seconds (JVM running for 3.158)
2025-04-13 23:03:06 -Initializing Spring DispatcherServlet 'dispatcherServlet'
2025-04-13 23:03:06 -Initializing Servlet 'dispatcherServlet'
2025-04-13 23:03:06 -Completed initialization in 5 ms
2025-04-13 23:05:39 -checkUserSig-error:null
2025-04-13 23:11:00 -Waiting for workers to finish.
2025-04-13 23:11:00 -Successfully waited for workers to finish.
2025-04-13 23:11:00 -Waiting for workers to finish.
2025-04-13 23:11:01 -Successfully waited for workers to finish.
2025-04-13 23:11:01 -Waiting for workers to finish.
2025-04-13 23:11:02 -Successfully waited for workers to finish.
2025-04-13 23:11:02 -Shutdown ignored - container is not active already
2025-04-13 23:11:02 -Shutdown ignored - container is not active already
2025-04-13 23:11:02 -Shutdown ignored - container is not active already
2025-04-13 23:11:02 -Shutting down ExecutorService 'applicationTaskExecutor'
2025-04-13 23:11:19 -Starting ServiceApplication on LAPTOP-7HT4VH9K with PID 23460 (D:\Java\ImSystem\im-system\service\target\classes started by 33175 in D:\Java\ImSystem)
2025-04-13 23:11:19 -The following profiles are active: dev
2025-04-13 23:11:19 -Multiple Spring Data modules found, entering strict repository configuration mode!
2025-04-13 23:11:19 -Bootstrapping Spring Data Redis repositories in DEFAULT mode.
2025-04-13 23:11:19 -Finished Spring Data repository scanning in 11ms. Found 0 Redis repository interfaces.
2025-04-13 23:11:19 -Tomcat initialized with port(s): 8000 (http)
2025-04-13 23:11:19 -Initializing ProtocolHandler ["http-nio-8000"]
2025-04-13 23:11:19 -Starting service [Tomcat]
2025-04-13 23:11:19 -Starting Servlet engine: [Apache Tomcat/9.0.37]
2025-04-13 23:11:20 -Initializing Spring embedded WebApplicationContext
2025-04-13 23:11:20 -Root WebApplicationContext: initialization completed in 828 ms
2025-04-13 23:11:21 -Initializing ExecutorService 'applicationTaskExecutor'
2025-04-13 23:11:21 -Starting ProtocolHandler ["http-nio-8000"]
2025-04-13 23:11:21 -Tomcat started on port(s): 8000 (http) with context path ''
2025-04-13 23:11:21 -Attempting to connect to: [192.168.88.130:5672]
2025-04-13 23:11:21 -Created new connection: rabbitConnectionFactory#5793b87:0/SimpleConnection@2da81754 [delegate=amqp://root@192.168.88.130:5672/, localPort= 60573]
2025-04-13 23:11:21 -Started ServiceApplication in 2.752 seconds (JVM running for 3.348)
2025-04-13 23:11:26 -Initializing Spring DispatcherServlet 'dispatcherServlet'
2025-04-13 23:11:26 -Initializing Servlet 'dispatcherServlet'
2025-04-13 23:11:26 -Completed initialization in 4 ms
2025-04-13 23:11:26 -HikariPool-1 - Starting...
2025-04-13 23:11:26 -HikariPool-1 - Start completed.
2025-04-13 23:11:26 -callback 之前 回调friend.add.before : 10000出现异常 ： org.apache.http.client.ClientProtocolException 
2025-04-13 23:13:23 -callback 之前 回调friend.add.before : 10000出现异常 ： org.apache.http.client.ClientProtocolException 
2025-04-13 23:13:25 -callback 回调friend.add.after : 10000出现异常 ： org.apache.http.conn.ConnectTimeoutException: Connect to 127.0.0.1:8989 [/127.0.0.1] failed: connect timed out 
2025-04-13 23:13:35 -Waiting for workers to finish.
2025-04-13 23:13:35 -Successfully waited for workers to finish.
2025-04-13 23:13:35 -Waiting for workers to finish.
2025-04-13 23:13:36 -Successfully waited for workers to finish.
2025-04-13 23:13:36 -Waiting for workers to finish.
2025-04-13 23:13:37 -Successfully waited for workers to finish.
2025-04-13 23:13:37 -Shutdown ignored - container is not active already
2025-04-13 23:13:37 -Shutdown ignored - container is not active already
2025-04-13 23:13:37 -Shutdown ignored - container is not active already
2025-04-13 23:13:37 -Shutting down ExecutorService 'applicationTaskExecutor'
2025-04-13 23:13:42 -HikariPool-1 - Shutdown initiated...
2025-04-13 23:13:42 -HikariPool-1 - Shutdown completed.
2025-04-13 23:14:02 -Starting ServiceApplication on LAPTOP-7HT4VH9K with PID 24488 (D:\Java\ImSystem\im-system\service\target\classes started by 33175 in D:\Java\ImSystem)
2025-04-13 23:14:02 -The following profiles are active: dev
2025-04-13 23:14:02 -Multiple Spring Data modules found, entering strict repository configuration mode!
2025-04-13 23:14:02 -Bootstrapping Spring Data Redis repositories in DEFAULT mode.
2025-04-13 23:14:02 -Finished Spring Data repository scanning in 11ms. Found 0 Redis repository interfaces.
2025-04-13 23:14:02 -Tomcat initialized with port(s): 8000 (http)
2025-04-13 23:14:02 -Initializing ProtocolHandler ["http-nio-8000"]
2025-04-13 23:14:02 -Starting service [Tomcat]
2025-04-13 23:14:02 -Starting Servlet engine: [Apache Tomcat/9.0.37]
2025-04-13 23:14:02 -Initializing Spring embedded WebApplicationContext
2025-04-13 23:14:02 -Root WebApplicationContext: initialization completed in 795 ms
2025-04-13 23:14:04 -Initializing ExecutorService 'applicationTaskExecutor'
2025-04-13 23:14:04 -Starting ProtocolHandler ["http-nio-8000"]
2025-04-13 23:14:04 -Tomcat started on port(s): 8000 (http) with context path ''
2025-04-13 23:14:04 -Attempting to connect to: [192.168.88.130:5672]
2025-04-13 23:14:04 -Created new connection: rabbitConnectionFactory#44b29496:0/SimpleConnection@6579cdbb [delegate=amqp://root@192.168.88.130:5672/, localPort= 60839]
2025-04-13 23:14:04 -Started ServiceApplication in 2.683 seconds (JVM running for 3.157)
2025-04-13 23:14:07 -Initializing Spring DispatcherServlet 'dispatcherServlet'
2025-04-13 23:14:07 -Initializing Servlet 'dispatcherServlet'
2025-04-13 23:14:07 -Completed initialization in 5 ms
2025-04-13 23:14:07 -HikariPool-1 - Starting...
2025-04-13 23:14:07 -HikariPool-1 - Start completed.
2025-04-13 23:14:07 -callback 之前 回调friend.add.before : 10000出现异常 ： org.apache.http.client.ClientProtocolException 
2025-04-13 23:14:10 -callback 回调friend.add.after : 10000出现异常 ： org.apache.http.conn.ConnectTimeoutException: Connect to 127.0.0.1:8989 [/127.0.0.1] failed: connect timed out 
2025-04-13 23:14:41 -Waiting for workers to finish.
2025-04-13 23:14:41 -Successfully waited for workers to finish.
2025-04-13 23:14:41 -Waiting for workers to finish.
2025-04-13 23:14:41 -Successfully waited for workers to finish.
2025-04-13 23:14:41 -Waiting for workers to finish.
2025-04-13 23:14:42 -Successfully waited for workers to finish.
2025-04-13 23:15:26 -Starting ServiceApplication on LAPTOP-7HT4VH9K with PID 29984 (D:\Java\ImSystem\im-system\service\target\classes started by 33175 in D:\Java\ImSystem)
2025-04-13 23:15:26 -The following profiles are active: dev
2025-04-13 23:15:26 -Multiple Spring Data modules found, entering strict repository configuration mode!
2025-04-13 23:15:26 -Bootstrapping Spring Data Redis repositories in DEFAULT mode.
2025-04-13 23:15:26 -Finished Spring Data repository scanning in 16ms. Found 0 Redis repository interfaces.
2025-04-13 23:15:27 -Tomcat initialized with port(s): 8000 (http)
2025-04-13 23:15:27 -Initializing ProtocolHandler ["http-nio-8000"]
2025-04-13 23:15:27 -Starting service [Tomcat]
2025-04-13 23:15:27 -Starting Servlet engine: [Apache Tomcat/9.0.37]
2025-04-13 23:15:27 -Initializing Spring embedded WebApplicationContext
2025-04-13 23:15:27 -Root WebApplicationContext: initialization completed in 781 ms
2025-04-13 23:15:28 -Initializing ExecutorService 'applicationTaskExecutor'
2025-04-13 23:15:28 -Starting ProtocolHandler ["http-nio-8000"]
2025-04-13 23:15:28 -Tomcat started on port(s): 8000 (http) with context path ''
2025-04-13 23:15:28 -Attempting to connect to: [192.168.88.130:5672]
2025-04-13 23:15:28 -Created new connection: rabbitConnectionFactory#71e4b308:0/SimpleConnection@66f5a02e [delegate=amqp://root@192.168.88.130:5672/, localPort= 60991]
2025-04-13 23:15:28 -Started ServiceApplication in 2.746 seconds (JVM running for 3.251)
2025-04-13 23:15:33 -Initializing Spring DispatcherServlet 'dispatcherServlet'
2025-04-13 23:15:33 -Initializing Servlet 'dispatcherServlet'
2025-04-13 23:15:33 -Completed initialization in 4 ms
2025-04-13 23:15:34 -HikariPool-1 - Starting...
2025-04-13 23:15:34 -HikariPool-1 - Start completed.
2025-04-13 23:15:34 -callback 之前 回调friend.add.before : 10000出现异常 ： org.apache.http.client.ClientProtocolException 
2025-04-13 23:18:43 -Waiting for workers to finish.
2025-04-13 23:18:44 -Successfully waited for workers to finish.
2025-04-13 23:18:44 -Waiting for workers to finish.
2025-04-13 23:18:45 -Successfully waited for workers to finish.
2025-04-13 23:18:45 -Waiting for workers to finish.
2025-04-13 23:18:46 -Successfully waited for workers to finish.
2025-04-13 23:18:46 -Shutdown ignored - container is not active already
2025-04-13 23:18:46 -Shutdown ignored - container is not active already
2025-04-13 23:18:46 -Shutdown ignored - container is not active already
2025-04-13 23:18:46 -Shutting down ExecutorService 'applicationTaskExecutor'
2025-04-13 23:18:51 -HikariPool-1 - Shutdown initiated...
2025-04-13 23:18:51 -HikariPool-1 - Shutdown completed.
2025-04-13 23:19:09 -Starting ServiceApplication on LAPTOP-7HT4VH9K with PID 7336 (D:\Java\ImSystem\im-system\service\target\classes started by 33175 in D:\Java\ImSystem)
2025-04-13 23:19:09 -The following profiles are active: dev
2025-04-13 23:19:10 -Multiple Spring Data modules found, entering strict repository configuration mode!
2025-04-13 23:19:10 -Bootstrapping Spring Data Redis repositories in DEFAULT mode.
2025-04-13 23:19:10 -Finished Spring Data repository scanning in 10ms. Found 0 Redis repository interfaces.
2025-04-13 23:19:10 -Tomcat initialized with port(s): 8000 (http)
2025-04-13 23:19:10 -Initializing ProtocolHandler ["http-nio-8000"]
2025-04-13 23:19:10 -Starting service [Tomcat]
2025-04-13 23:19:10 -Starting Servlet engine: [Apache Tomcat/9.0.37]
2025-04-13 23:19:10 -Initializing Spring embedded WebApplicationContext
2025-04-13 23:19:10 -Root WebApplicationContext: initialization completed in 784 ms
2025-04-13 23:19:12 -Initializing ExecutorService 'applicationTaskExecutor'
2025-04-13 23:19:12 -Starting ProtocolHandler ["http-nio-8000"]
2025-04-13 23:19:12 -Tomcat started on port(s): 8000 (http) with context path ''
2025-04-13 23:19:12 -Attempting to connect to: [192.168.88.130:5672]
2025-04-13 23:19:12 -Created new connection: rabbitConnectionFactory#2e869098:0/SimpleConnection@157d3a45 [delegate=amqp://root@192.168.88.130:5672/, localPort= 61312]
2025-04-13 23:19:12 -Started ServiceApplication in 2.632 seconds (JVM running for 3.221)
2025-04-13 23:19:14 -Initializing Spring DispatcherServlet 'dispatcherServlet'
2025-04-13 23:19:14 -Initializing Servlet 'dispatcherServlet'
2025-04-13 23:19:14 -Completed initialization in 4 ms
2025-04-13 23:19:15 -HikariPool-1 - Starting...
2025-04-13 23:19:15 -HikariPool-1 - Start completed.
2025-04-13 23:25:01 -Waiting for workers to finish.
2025-04-13 23:25:02 -Successfully waited for workers to finish.
2025-04-13 23:25:02 -Waiting for workers to finish.
2025-04-13 23:25:03 -Successfully waited for workers to finish.
2025-04-13 23:25:03 -Waiting for workers to finish.
2025-04-13 23:25:04 -Successfully waited for workers to finish.
2025-04-13 23:25:04 -Shutdown ignored - container is not active already
2025-04-13 23:25:04 -Shutdown ignored - container is not active already
2025-04-13 23:25:04 -Shutdown ignored - container is not active already
2025-04-13 23:25:04 -Shutting down ExecutorService 'applicationTaskExecutor'
