2025-03-13 21:38:56 -Starting ServiceApplication on LAPTOP-7HT4VH9K with PID 7020 (D:\Java\ImSystem\im-system\service\target\classes started by 33175 in D:\Java\ImSystem)
2025-03-13 21:38:56 -The following profiles are active: dev
2025-03-13 21:38:56 -Multiple Spring Data modules found, entering strict repository configuration mode!
2025-03-13 21:38:56 -Bootstrapping Spring Data Redis repositories in DEFAULT mode.
2025-03-13 21:38:57 -Finished Spring Data repository scanning in 9ms. Found 0 Redis repository interfaces.
2025-03-13 21:38:57 -Tomcat initialized with port(s): 8000 (http)
2025-03-13 21:38:57 -Initializing ProtocolHandler ["http-nio-8000"]
2025-03-13 21:38:57 -Starting service [Tomcat]
2025-03-13 21:38:57 -Starting Servlet engine: [Apache Tomcat/9.0.37]
2025-03-13 21:38:57 -Initializing Spring embedded WebApplicationContext
2025-03-13 21:38:57 -Root WebApplicationContext: initialization completed in 891 ms
2025-03-13 21:38:58 -Initializing ExecutorService 'applicationTaskExecutor'
2025-03-13 21:38:58 -Starting ProtocolHandler ["http-nio-8000"]
2025-03-13 21:38:58 -Tomcat started on port(s): 8000 (http) with context path ''
2025-03-13 21:38:58 -Started ServiceApplication in 2.55 seconds (JVM running for 2.995)
2025-03-13 21:39:03 -Initializing Spring DispatcherServlet 'dispatcherServlet'
2025-03-13 21:39:03 -Initializing Servlet 'dispatcherServlet'
2025-03-13 21:39:03 -Completed initialization in 6 ms
2025-03-13 21:39:03 -HikariPool-1 - Starting...
2025-03-13 21:39:03 -HikariPool-1 - Start completed.
2025-03-13 21:40:31 -Shutting down ExecutorService 'applicationTaskExecutor'
2025-03-13 21:40:31 -HikariPool-1 - Shutdown initiated...
2025-03-13 21:40:31 -HikariPool-1 - Shutdown completed.
2025-03-13 21:41:34 -Starting ServiceApplication on LAPTOP-7HT4VH9K with PID 8276 (D:\Java\ImSystem\im-system\service\target\classes started by 33175 in D:\Java\ImSystem)
2025-03-13 21:41:34 -The following profiles are active: dev
2025-03-13 21:41:35 -Multiple Spring Data modules found, entering strict repository configuration mode!
2025-03-13 21:41:35 -Bootstrapping Spring Data Redis repositories in DEFAULT mode.
2025-03-13 21:41:35 -Finished Spring Data repository scanning in 11ms. Found 0 Redis repository interfaces.
2025-03-13 21:41:35 -Tomcat initialized with port(s): 8000 (http)
2025-03-13 21:41:35 -Initializing ProtocolHandler ["http-nio-8000"]
2025-03-13 21:41:35 -Starting service [Tomcat]
2025-03-13 21:41:35 -Starting Servlet engine: [Apache Tomcat/9.0.37]
2025-03-13 21:41:35 -Initializing Spring embedded WebApplicationContext
2025-03-13 21:41:35 -Root WebApplicationContext: initialization completed in 1014 ms
2025-03-13 21:41:36 -Initializing ExecutorService 'applicationTaskExecutor'
2025-03-13 21:41:36 -Starting ProtocolHandler ["http-nio-8000"]
2025-03-13 21:41:36 -Tomcat started on port(s): 8000 (http) with context path ''
2025-03-13 21:41:36 -Started ServiceApplication in 2.505 seconds (JVM running for 6.576)
2025-03-13 21:41:41 -Initializing Spring DispatcherServlet 'dispatcherServlet'
2025-03-13 21:41:41 -Initializing Servlet 'dispatcherServlet'
2025-03-13 21:41:41 -Completed initialization in 6 ms
2025-03-13 21:41:41 -HikariPool-1 - Starting...
2025-03-13 21:41:41 -HikariPool-1 - Start completed.
2025-03-13 21:42:23 -Shutting down ExecutorService 'applicationTaskExecutor'
2025-03-13 21:42:23 -HikariPool-1 - Shutdown initiated...
2025-03-13 21:42:23 -HikariPool-1 - Shutdown completed.
2025-03-13 21:43:38 -Starting ServiceApplication on LAPTOP-7HT4VH9K with PID 28584 (D:\Java\ImSystem\im-system\service\target\classes started by 33175 in D:\Java\ImSystem)
2025-03-13 21:43:38 -The following profiles are active: dev
2025-03-13 21:43:38 -Multiple Spring Data modules found, entering strict repository configuration mode!
2025-03-13 21:43:38 -Bootstrapping Spring Data Redis repositories in DEFAULT mode.
2025-03-13 21:43:38 -Finished Spring Data repository scanning in 13ms. Found 0 Redis repository interfaces.
2025-03-13 21:43:39 -Tomcat initialized with port(s): 8000 (http)
2025-03-13 21:43:39 -Initializing ProtocolHandler ["http-nio-8000"]
2025-03-13 21:43:39 -Starting service [Tomcat]
2025-03-13 21:43:39 -Starting Servlet engine: [Apache Tomcat/9.0.37]
2025-03-13 21:43:39 -Initializing Spring embedded WebApplicationContext
2025-03-13 21:43:39 -Root WebApplicationContext: initialization completed in 783 ms
2025-03-13 21:43:39 -Initializing ExecutorService 'applicationTaskExecutor'
2025-03-13 21:43:40 -Starting ProtocolHandler ["http-nio-8000"]
2025-03-13 21:43:40 -Tomcat started on port(s): 8000 (http) with context path ''
2025-03-13 21:43:40 -Started ServiceApplication in 2.043 seconds (JVM running for 2.402)
2025-03-13 21:43:43 -Initializing Spring DispatcherServlet 'dispatcherServlet'
2025-03-13 21:43:43 -Initializing Servlet 'dispatcherServlet'
2025-03-13 21:43:43 -Completed initialization in 6 ms
2025-03-13 21:43:43 -HikariPool-1 - Starting...
2025-03-13 21:43:44 -HikariPool-1 - Start completed.
2025-03-13 21:44:49 -Shutting down ExecutorService 'applicationTaskExecutor'
2025-03-13 21:44:49 -HikariPool-1 - Shutdown initiated...
2025-03-13 21:44:49 -HikariPool-1 - Shutdown completed.
2025-03-13 21:46:46 -Starting ServiceApplication on LAPTOP-7HT4VH9K with PID 36768 (D:\Java\ImSystem\im-system\service\target\classes started by 33175 in D:\Java\ImSystem)
2025-03-13 21:46:46 -The following profiles are active: dev
2025-03-13 21:46:46 -Multiple Spring Data modules found, entering strict repository configuration mode!
2025-03-13 21:46:46 -Bootstrapping Spring Data Redis repositories in DEFAULT mode.
2025-03-13 21:46:46 -Finished Spring Data repository scanning in 8ms. Found 0 Redis repository interfaces.
2025-03-13 21:46:47 -Tomcat initialized with port(s): 8000 (http)
2025-03-13 21:46:47 -Initializing ProtocolHandler ["http-nio-8000"]
2025-03-13 21:46:47 -Starting service [Tomcat]
2025-03-13 21:46:47 -Starting Servlet engine: [Apache Tomcat/9.0.37]
2025-03-13 21:46:47 -Initializing Spring embedded WebApplicationContext
2025-03-13 21:46:47 -Root WebApplicationContext: initialization completed in 796 ms
2025-03-13 21:46:47 -Initializing ExecutorService 'applicationTaskExecutor'
2025-03-13 21:46:48 -Starting ProtocolHandler ["http-nio-8000"]
2025-03-13 21:46:48 -Tomcat started on port(s): 8000 (http) with context path ''
2025-03-13 21:46:48 -Started ServiceApplication in 2.047 seconds (JVM running for 2.385)
2025-03-13 21:46:51 -Initializing Spring DispatcherServlet 'dispatcherServlet'
2025-03-13 21:46:51 -Initializing Servlet 'dispatcherServlet'
2025-03-13 21:46:51 -Completed initialization in 5 ms
2025-03-13 21:46:51 -HikariPool-1 - Starting...
2025-03-13 21:46:51 -HikariPool-1 - Start completed.
2025-03-13 21:48:10 -Shutting down ExecutorService 'applicationTaskExecutor'
2025-03-13 21:48:10 -HikariPool-1 - Shutdown initiated...
2025-03-13 21:48:10 -HikariPool-1 - Shutdown completed.
