2025-03-10 21:39:01 -Starting ServiceApplication on LAPTOP-7HT4VH9K with PID 28764 (D:\Java\ImSystem\im-system\service\target\classes started by 33175 in D:\Java\ImSystem)
2025-03-10 21:39:01 -The following profiles are active: dev
2025-03-10 21:39:02 -Multiple Spring Data modules found, entering strict repository configuration mode!
2025-03-10 21:39:02 -Bootstrapping Spring Data Redis repositories in DEFAULT mode.
2025-03-10 21:39:02 -Finished Spring Data repository scanning in 16ms. Found 0 Redis repository interfaces.
2025-03-10 21:39:02 -Tomcat initialized with port(s): 8000 (http)
2025-03-10 21:39:02 -Initializing ProtocolHandler ["http-nio-8000"]
2025-03-10 21:39:02 -Starting service [Tomcat]
2025-03-10 21:39:02 -Starting Servlet engine: [Apache Tomcat/9.0.37]
2025-03-10 21:39:03 -Initializing Spring embedded WebApplicationContext
2025-03-10 21:39:03 -Root WebApplicationContext: initialization completed in 1096 ms
2025-03-10 21:39:03 -Initializing ExecutorService 'applicationTaskExecutor'
2025-03-10 21:39:04 -Starting ProtocolHandler ["http-nio-8000"]
2025-03-10 21:39:04 -Tomcat started on port(s): 8000 (http) with context path ''
2025-03-10 21:39:04 -Started ServiceApplication in 2.886 seconds (JVM running for 3.391)
2025-03-10 21:43:01 -Initializing Spring DispatcherServlet 'dispatcherServlet'
2025-03-10 21:43:01 -Initializing Servlet 'dispatcherServlet'
2025-03-10 21:43:01 -Completed initialization in 4 ms
2025-03-10 21:45:47 -HikariPool-1 - Starting...
2025-03-10 21:45:47 -HikariPool-1 - Start completed.
2025-03-10 21:48:42 -Shutting down ExecutorService 'applicationTaskExecutor'
2025-03-10 21:48:42 -HikariPool-1 - Shutdown initiated...
2025-03-10 21:48:42 -HikariPool-1 - Shutdown completed.
2025-03-10 21:53:23 -Starting ServiceApplication on LAPTOP-7HT4VH9K with PID 27356 (D:\Java\ImSystem\im-system\service\target\classes started by 33175 in D:\Java\ImSystem)
2025-03-10 21:53:23 -The following profiles are active: dev
2025-03-10 21:53:23 -Multiple Spring Data modules found, entering strict repository configuration mode!
2025-03-10 21:53:23 -Bootstrapping Spring Data Redis repositories in DEFAULT mode.
2025-03-10 21:53:23 -Finished Spring Data repository scanning in 12ms. Found 0 Redis repository interfaces.
2025-03-10 21:53:24 -Tomcat initialized with port(s): 8000 (http)
2025-03-10 21:53:24 -Initializing ProtocolHandler ["http-nio-8000"]
2025-03-10 21:53:24 -Starting service [Tomcat]
2025-03-10 21:53:24 -Starting Servlet engine: [Apache Tomcat/9.0.37]
2025-03-10 21:53:24 -Initializing Spring embedded WebApplicationContext
2025-03-10 21:53:24 -Root WebApplicationContext: initialization completed in 752 ms
2025-03-10 21:53:24 -Initializing ExecutorService 'applicationTaskExecutor'
2025-03-10 21:53:25 -Starting ProtocolHandler ["http-nio-8000"]
2025-03-10 21:53:25 -Tomcat started on port(s): 8000 (http) with context path ''
2025-03-10 21:53:25 -Started ServiceApplication in 2.025 seconds (JVM running for 2.351)
2025-03-10 21:53:49 -Initializing Spring DispatcherServlet 'dispatcherServlet'
2025-03-10 21:53:49 -Initializing Servlet 'dispatcherServlet'
2025-03-10 21:53:50 -Completed initialization in 9 ms
2025-03-10 21:53:50 -HikariPool-1 - Starting...
2025-03-10 21:53:50 -HikariPool-1 - Start completed.
2025-03-10 21:54:39 -Shutting down ExecutorService 'applicationTaskExecutor'
2025-03-10 21:54:39 -HikariPool-1 - Shutdown initiated...
2025-03-10 21:54:39 -HikariPool-1 - Shutdown completed.
2025-03-10 21:59:40 -Starting ServiceApplication on LAPTOP-7HT4VH9K with PID 11280 (D:\Java\ImSystem\im-system\service\target\classes started by 33175 in D:\Java\ImSystem)
2025-03-10 21:59:40 -The following profiles are active: dev
2025-03-10 21:59:41 -Multiple Spring Data modules found, entering strict repository configuration mode!
2025-03-10 21:59:41 -Bootstrapping Spring Data Redis repositories in DEFAULT mode.
2025-03-10 21:59:41 -Finished Spring Data repository scanning in 17ms. Found 0 Redis repository interfaces.
2025-03-10 21:59:41 -Tomcat initialized with port(s): 8000 (http)
2025-03-10 21:59:41 -Initializing ProtocolHandler ["http-nio-8000"]
2025-03-10 21:59:41 -Starting service [Tomcat]
2025-03-10 21:59:41 -Starting Servlet engine: [Apache Tomcat/9.0.37]
2025-03-10 21:59:41 -Initializing Spring embedded WebApplicationContext
2025-03-10 21:59:41 -Root WebApplicationContext: initialization completed in 1253 ms
2025-03-10 21:59:42 -Initializing ExecutorService 'applicationTaskExecutor'
2025-03-10 21:59:43 -Starting ProtocolHandler ["http-nio-8000"]
2025-03-10 21:59:43 -Tomcat started on port(s): 8000 (http) with context path ''
2025-03-10 21:59:43 -Started ServiceApplication in 2.743 seconds (JVM running for 3.084)
2025-03-10 21:59:45 -Initializing Spring DispatcherServlet 'dispatcherServlet'
2025-03-10 21:59:45 -Initializing Servlet 'dispatcherServlet'
2025-03-10 21:59:45 -Completed initialization in 4 ms
2025-03-10 21:59:45 -HikariPool-1 - Starting...
2025-03-10 21:59:45 -HikariPool-1 - Start completed.
2025-03-10 22:02:38 -Shutting down ExecutorService 'applicationTaskExecutor'
2025-03-10 22:02:38 -HikariPool-1 - Shutdown initiated...
2025-03-10 22:02:38 -HikariPool-1 - Shutdown completed.
2025-03-10 22:02:49 -Starting ServiceApplication on LAPTOP-7HT4VH9K with PID 26672 (D:\Java\ImSystem\im-system\service\target\classes started by 33175 in D:\Java\ImSystem)
2025-03-10 22:02:49 -The following profiles are active: dev
2025-03-10 22:02:49 -Multiple Spring Data modules found, entering strict repository configuration mode!
2025-03-10 22:02:49 -Bootstrapping Spring Data Redis repositories in DEFAULT mode.
2025-03-10 22:02:49 -Finished Spring Data repository scanning in 8ms. Found 0 Redis repository interfaces.
2025-03-10 22:02:49 -Tomcat initialized with port(s): 8000 (http)
2025-03-10 22:02:49 -Initializing ProtocolHandler ["http-nio-8000"]
2025-03-10 22:02:49 -Starting service [Tomcat]
2025-03-10 22:02:49 -Starting Servlet engine: [Apache Tomcat/9.0.37]
2025-03-10 22:02:49 -Initializing Spring embedded WebApplicationContext
2025-03-10 22:02:49 -Root WebApplicationContext: initialization completed in 769 ms
2025-03-10 22:02:50 -Initializing ExecutorService 'applicationTaskExecutor'
2025-03-10 22:02:52 -Starting ProtocolHandler ["http-nio-8000"]
2025-03-10 22:02:52 -Tomcat started on port(s): 8000 (http) with context path ''
2025-03-10 22:02:52 -Started ServiceApplication in 3.344 seconds (JVM running for 6.078)
2025-03-10 22:02:52 -Initializing Spring DispatcherServlet 'dispatcherServlet'
2025-03-10 22:02:52 -Initializing Servlet 'dispatcherServlet'
2025-03-10 22:02:52 -Completed initialization in 8 ms
2025-03-10 22:02:59 -HikariPool-1 - Starting...
2025-03-10 22:02:59 -HikariPool-1 - Start completed.
2025-03-10 22:04:01 -Shutting down ExecutorService 'applicationTaskExecutor'
2025-03-10 22:04:01 -HikariPool-1 - Shutdown initiated...
2025-03-10 22:04:01 -HikariPool-1 - Shutdown completed.
2025-03-10 22:05:56 -Starting ServiceApplication on LAPTOP-7HT4VH9K with PID 16156 (D:\Java\ImSystem\im-system\service\target\classes started by 33175 in D:\Java\ImSystem)
2025-03-10 22:05:56 -The following profiles are active: dev
2025-03-10 22:05:57 -Multiple Spring Data modules found, entering strict repository configuration mode!
2025-03-10 22:05:57 -Bootstrapping Spring Data Redis repositories in DEFAULT mode.
2025-03-10 22:05:57 -Finished Spring Data repository scanning in 26ms. Found 0 Redis repository interfaces.
2025-03-10 22:05:57 -Tomcat initialized with port(s): 8000 (http)
2025-03-10 22:05:57 -Initializing ProtocolHandler ["http-nio-8000"]
2025-03-10 22:05:57 -Starting service [Tomcat]
2025-03-10 22:05:57 -Starting Servlet engine: [Apache Tomcat/9.0.37]
2025-03-10 22:05:57 -Initializing Spring embedded WebApplicationContext
2025-03-10 22:05:57 -Root WebApplicationContext: initialization completed in 849 ms
2025-03-10 22:05:57 -Initializing ExecutorService 'applicationTaskExecutor'
2025-03-10 22:05:58 -Starting ProtocolHandler ["http-nio-8000"]
2025-03-10 22:05:58 -Tomcat started on port(s): 8000 (http) with context path ''
2025-03-10 22:05:58 -Started ServiceApplication in 2.066 seconds (JVM running for 2.405)
2025-03-10 22:06:01 -Initializing Spring DispatcherServlet 'dispatcherServlet'
2025-03-10 22:06:01 -Initializing Servlet 'dispatcherServlet'
2025-03-10 22:06:01 -Completed initialization in 3 ms
2025-03-10 22:06:01 -HikariPool-1 - Starting...
2025-03-10 22:06:01 -HikariPool-1 - Start completed.
2025-03-10 22:06:16 -Shutting down ExecutorService 'applicationTaskExecutor'
2025-03-10 22:06:16 -HikariPool-1 - Shutdown initiated...
2025-03-10 22:06:16 -HikariPool-1 - Shutdown completed.
2025-03-10 22:30:42 -Starting ServiceApplication on LAPTOP-7HT4VH9K with PID 10580 (D:\Java\ImSystem\im-system\service\target\classes started by 33175 in D:\Java\ImSystem)
2025-03-10 22:30:42 -The following profiles are active: dev
2025-03-10 22:30:42 -Multiple Spring Data modules found, entering strict repository configuration mode!
2025-03-10 22:30:42 -Bootstrapping Spring Data Redis repositories in DEFAULT mode.
2025-03-10 22:30:42 -Finished Spring Data repository scanning in 13ms. Found 0 Redis repository interfaces.
2025-03-10 22:30:43 -Tomcat initialized with port(s): 8000 (http)
2025-03-10 22:30:43 -Initializing ProtocolHandler ["http-nio-8000"]
2025-03-10 22:30:43 -Starting service [Tomcat]
2025-03-10 22:30:43 -Starting Servlet engine: [Apache Tomcat/9.0.37]
2025-03-10 22:30:43 -Initializing Spring embedded WebApplicationContext
2025-03-10 22:30:43 -Root WebApplicationContext: initialization completed in 752 ms
2025-03-10 22:30:43 -Initializing ExecutorService 'applicationTaskExecutor'
2025-03-10 22:30:44 -Starting ProtocolHandler ["http-nio-8000"]
2025-03-10 22:30:44 -Tomcat started on port(s): 8000 (http) with context path ''
2025-03-10 22:30:44 -Started ServiceApplication in 2.031 seconds (JVM running for 2.41)
2025-03-10 22:32:19 -Initializing Spring DispatcherServlet 'dispatcherServlet'
2025-03-10 22:32:19 -Initializing Servlet 'dispatcherServlet'
2025-03-10 22:32:19 -Completed initialization in 7 ms
2025-03-10 22:32:20 -HikariPool-1 - Starting...
2025-03-10 22:32:20 -HikariPool-1 - Start completed.
2025-03-10 22:33:24 -Shutting down ExecutorService 'applicationTaskExecutor'
2025-03-10 22:33:24 -HikariPool-1 - Shutdown initiated...
2025-03-10 22:33:24 -HikariPool-1 - Shutdown completed.
