2025-03-26 17:44:30 -Starting ServiceApplication on LAPTOP-7HT4VH9K with PID 28280 (D:\Java\ImSystem\im-system\service\target\classes started by 33175 in D:\Java\ImSystem)
2025-03-26 17:44:30 -The following profiles are active: dev
2025-03-26 17:44:31 -Multiple Spring Data modules found, entering strict repository configuration mode!
2025-03-26 17:44:31 -Bootstrapping Spring Data Redis repositories in DEFAULT mode.
2025-03-26 17:44:31 -Finished Spring Data repository scanning in 10ms. Found 0 Redis repository interfaces.
2025-03-26 17:44:31 -Tomcat initialized with port(s): 8000 (http)
2025-03-26 17:44:31 -Initializing ProtocolHandler ["http-nio-8000"]
2025-03-26 17:44:31 -Starting service [Tomcat]
2025-03-26 17:44:31 -Starting Servlet engine: [Apache Tomcat/9.0.37]
2025-03-26 17:44:31 -Initializing Spring embedded WebApplicationContext
2025-03-26 17:44:31 -Root WebApplicationContext: initialization completed in 943 ms
2025-03-26 17:44:32 -Initializing ExecutorService 'applicationTaskExecutor'
2025-03-26 17:44:33 -Starting ProtocolHandler ["http-nio-8000"]
2025-03-26 17:44:33 -Tomcat started on port(s): 8000 (http) with context path ''
2025-03-26 17:44:33 -Started ServiceApplication in 2.804 seconds (JVM running for 3.37)
2025-03-26 17:48:50 -Initializing Spring DispatcherServlet 'dispatcherServlet'
2025-03-26 17:48:50 -Initializing Servlet 'dispatcherServlet'
2025-03-26 17:48:50 -Completed initialization in 15 ms
2025-03-26 17:53:03 -Shutting down ExecutorService 'applicationTaskExecutor'
2025-03-26 19:21:58 -Starting ServiceApplication on LAPTOP-7HT4VH9K with PID 28800 (D:\Java\ImSystem\im-system\service\target\classes started by 33175 in D:\Java\ImSystem)
2025-03-26 19:21:58 -The following profiles are active: dev
2025-03-26 19:21:58 -Multiple Spring Data modules found, entering strict repository configuration mode!
2025-03-26 19:21:58 -Bootstrapping Spring Data Redis repositories in DEFAULT mode.
2025-03-26 19:21:58 -Finished Spring Data repository scanning in 12ms. Found 0 Redis repository interfaces.
2025-03-26 19:21:59 -Tomcat initialized with port(s): 8000 (http)
2025-03-26 19:21:59 -Initializing ProtocolHandler ["http-nio-8000"]
2025-03-26 19:21:59 -Starting service [Tomcat]
2025-03-26 19:21:59 -Starting Servlet engine: [Apache Tomcat/9.0.37]
2025-03-26 19:21:59 -Initializing Spring embedded WebApplicationContext
2025-03-26 19:21:59 -Root WebApplicationContext: initialization completed in 947 ms
2025-03-26 19:22:00 -Initializing ExecutorService 'applicationTaskExecutor'
2025-03-26 19:22:00 -Starting ProtocolHandler ["http-nio-8000"]
2025-03-26 19:22:00 -Tomcat started on port(s): 8000 (http) with context path ''
2025-03-26 19:22:00 -Started ServiceApplication in 3.009 seconds (JVM running for 3.527)
2025-03-26 19:22:30 -Initializing Spring DispatcherServlet 'dispatcherServlet'
2025-03-26 19:22:30 -Initializing Servlet 'dispatcherServlet'
2025-03-26 19:22:30 -Completed initialization in 14 ms
2025-03-26 19:23:19 -Shutting down ExecutorService 'applicationTaskExecutor'
2025-03-26 21:43:49 -Starting ServiceApplication on LAPTOP-7HT4VH9K with PID 30452 (D:\Java\ImSystem\im-system\service\target\classes started by 33175 in D:\Java\ImSystem)
2025-03-26 21:43:49 -The following profiles are active: dev
2025-03-26 21:43:50 -Multiple Spring Data modules found, entering strict repository configuration mode!
2025-03-26 21:43:50 -Bootstrapping Spring Data Redis repositories in DEFAULT mode.
2025-03-26 21:43:50 -Finished Spring Data repository scanning in 10ms. Found 0 Redis repository interfaces.
2025-03-26 21:43:50 -Tomcat initialized with port(s): 8000 (http)
2025-03-26 21:43:50 -Initializing ProtocolHandler ["http-nio-8000"]
2025-03-26 21:43:50 -Starting service [Tomcat]
2025-03-26 21:43:50 -Starting Servlet engine: [Apache Tomcat/9.0.37]
2025-03-26 21:43:50 -Initializing Spring embedded WebApplicationContext
2025-03-26 21:43:50 -Root WebApplicationContext: initialization completed in 924 ms
2025-03-26 21:43:52 -Initializing ExecutorService 'applicationTaskExecutor'
2025-03-26 21:43:52 -Starting ProtocolHandler ["http-nio-8000"]
2025-03-26 21:43:52 -Tomcat started on port(s): 8000 (http) with context path ''
2025-03-26 21:43:52 -Started ServiceApplication in 2.939 seconds (JVM running for 3.436)
2025-03-26 21:44:01 -Initializing Spring DispatcherServlet 'dispatcherServlet'
2025-03-26 21:44:01 -Initializing Servlet 'dispatcherServlet'
2025-03-26 21:44:01 -Completed initialization in 8 ms
2025-03-26 21:45:02 -Shutting down ExecutorService 'applicationTaskExecutor'
