2025-03-29 22:49:19 -Starting ServiceApplication on LAPTOP-7HT4VH9K with PID 8288 (D:\Java\ImSystem\im-system\service\target\classes started by 33175 in D:\Java\ImSystem)
2025-03-29 22:49:19 -The following profiles are active: dev
2025-03-29 22:49:20 -Multiple Spring Data modules found, entering strict repository configuration mode!
2025-03-29 22:49:20 -Bootstrapping Spring Data Redis repositories in DEFAULT mode.
2025-03-29 22:49:20 -Finished Spring Data repository scanning in 15ms. Found 0 Redis repository interfaces.
2025-03-29 22:49:20 -Tomcat initialized with port(s): 8000 (http)
2025-03-29 22:49:20 -Initializing ProtocolHandler ["http-nio-8000"]
2025-03-29 22:49:20 -Starting service [Tomcat]
2025-03-29 22:49:20 -Starting Servlet engine: [Apache Tomcat/9.0.37]
2025-03-29 22:49:20 -Initializing Spring embedded WebApplicationContext
2025-03-29 22:49:20 -Root WebApplicationContext: initialization completed in 994 ms
2025-03-29 22:49:22 -Initializing ExecutorService 'applicationTaskExecutor'
2025-03-29 22:49:22 -Starting ProtocolHandler ["http-nio-8000"]
2025-03-29 22:49:22 -Tomcat started on port(s): 8000 (http) with context path ''
2025-03-29 22:49:22 -Started ServiceApplication in 2.856 seconds (JVM running for 3.504)
2025-03-29 23:01:24 -Initializing Spring DispatcherServlet 'dispatcherServlet'
2025-03-29 23:01:24 -Initializing Servlet 'dispatcherServlet'
2025-03-29 23:01:24 -Completed initialization in 7 ms
2025-03-29 23:01:24 -HikariPool-1 - Starting...
2025-03-29 23:01:25 -HikariPool-1 - Exception during pool initialization.
java.sql.SQLNonTransientConnectionException: Public Key Retrieval is not allowed
	at com.mysql.cj.jdbc.exceptions.SQLError.createSQLException(SQLError.java:110)
	at com.mysql.cj.jdbc.exceptions.SQLError.createSQLException(SQLError.java:97)
	at com.mysql.cj.jdbc.exceptions.SQLExceptionsMapping.translateException(SQLExceptionsMapping.java:122)
	at com.mysql.cj.jdbc.ConnectionImpl.createNewIO(ConnectionImpl.java:836)
	at com.mysql.cj.jdbc.ConnectionImpl.<init>(ConnectionImpl.java:456)
	at com.mysql.cj.jdbc.ConnectionImpl.getInstance(ConnectionImpl.java:246)
	at com.mysql.cj.jdbc.NonRegisteringDriver.connect(NonRegisteringDriver.java:197)
	at com.zaxxer.hikari.util.DriverDataSource.getConnection(DriverDataSource.java:138)
	at com.zaxxer.hikari.pool.PoolBase.newConnection(PoolBase.java:358)
	at com.zaxxer.hikari.pool.PoolBase.newPoolEntry(PoolBase.java:206)
	at com.zaxxer.hikari.pool.HikariPool.createPoolEntry(HikariPool.java:477)
	at com.zaxxer.hikari.pool.HikariPool.checkFailFast(HikariPool.java:560)
	at com.zaxxer.hikari.pool.HikariPool.<init>(HikariPool.java:115)
	at com.zaxxer.hikari.HikariDataSource.getConnection(HikariDataSource.java:112)
	at org.springframework.jdbc.datasource.DataSourceUtils.fetchConnection(DataSourceUtils.java:158)
	at org.springframework.jdbc.datasource.DataSourceUtils.doGetConnection(DataSourceUtils.java:116)
	at org.springframework.jdbc.datasource.DataSourceUtils.getConnection(DataSourceUtils.java:79)
	at org.mybatis.spring.transaction.SpringManagedTransaction.openConnection(SpringManagedTransaction.java:80)
	at org.mybatis.spring.transaction.SpringManagedTransaction.getConnection(SpringManagedTransaction.java:67)
	at org.apache.ibatis.executor.BaseExecutor.getConnection(BaseExecutor.java:337)
	at com.baomidou.mybatisplus.core.executor.MybatisSimpleExecutor.prepareStatement(MybatisSimpleExecutor.java:93)
	at com.baomidou.mybatisplus.core.executor.MybatisSimpleExecutor.doQuery(MybatisSimpleExecutor.java:68)
	at org.apache.ibatis.executor.BaseExecutor.queryFromDatabase(BaseExecutor.java:325)
	at org.apache.ibatis.executor.BaseExecutor.query(BaseExecutor.java:156)
	at com.baomidou.mybatisplus.core.executor.MybatisCachingExecutor.query(MybatisCachingExecutor.java:165)
	at com.baomidou.mybatisplus.core.executor.MybatisCachingExecutor.query(MybatisCachingExecutor.java:92)
	at org.apache.ibatis.session.defaults.DefaultSqlSession.selectList(DefaultSqlSession.java:147)
	at org.apache.ibatis.session.defaults.DefaultSqlSession.selectList(DefaultSqlSession.java:140)
	at org.apache.ibatis.session.defaults.DefaultSqlSession.selectOne(DefaultSqlSession.java:76)
	at sun.reflect.NativeMethodAccessorImpl.invoke0(Native Method)
	at sun.reflect.NativeMethodAccessorImpl.invoke(NativeMethodAccessorImpl.java:62)
	at sun.reflect.DelegatingMethodAccessorImpl.invoke(DelegatingMethodAccessorImpl.java:43)
	at java.lang.reflect.Method.invoke(Method.java:498)
	at org.mybatis.spring.SqlSessionTemplate$SqlSessionInterceptor.invoke(SqlSessionTemplate.java:426)
	at com.sun.proxy.$Proxy62.selectOne(Unknown Source)
	at org.mybatis.spring.SqlSessionTemplate.selectOne(SqlSessionTemplate.java:159)
	at com.baomidou.mybatisplus.core.override.MybatisMapperMethod.execute(MybatisMapperMethod.java:90)
	at com.baomidou.mybatisplus.core.override.MybatisMapperProxy$PlainMethodInvoker.invoke(MybatisMapperProxy.java:148)
	at com.baomidou.mybatisplus.core.override.MybatisMapperProxy.invoke(MybatisMapperProxy.java:89)
	at com.sun.proxy.$Proxy69.selectOne(Unknown Source)
	at com.lld.im.service.user.service.impl.ImUserServiceImpl.modifyUserInfo(ImUserServiceImpl.java:232)
	at com.lld.im.service.user.controller.ImUserDataController.modifyUserInfo(ImUserDataController.java:66)
	at sun.reflect.NativeMethodAccessorImpl.invoke0(Native Method)
	at sun.reflect.NativeMethodAccessorImpl.invoke(NativeMethodAccessorImpl.java:62)
	at sun.reflect.DelegatingMethodAccessorImpl.invoke(DelegatingMethodAccessorImpl.java:43)
	at java.lang.reflect.Method.invoke(Method.java:498)
	at org.springframework.web.method.support.InvocableHandlerMethod.doInvoke(InvocableHandlerMethod.java:190)
	at org.springframework.web.method.support.InvocableHandlerMethod.invokeForRequest(InvocableHandlerMethod.java:138)
	at org.springframework.web.servlet.mvc.method.annotation.ServletInvocableHandlerMethod.invokeAndHandle(ServletInvocableHandlerMethod.java:105)
	at org.springframework.web.servlet.mvc.method.annotation.RequestMappingHandlerAdapter.invokeHandlerMethod(RequestMappingHandlerAdapter.java:878)
	at org.springframework.web.servlet.mvc.method.annotation.RequestMappingHandlerAdapter.handleInternal(RequestMappingHandlerAdapter.java:792)
	at org.springframework.web.servlet.mvc.method.AbstractHandlerMethodAdapter.handle(AbstractHandlerMethodAdapter.java:87)
	at org.springframework.web.servlet.DispatcherServlet.doDispatch(DispatcherServlet.java:1040)
	at org.springframework.web.servlet.DispatcherServlet.doService(DispatcherServlet.java:943)
	at org.springframework.web.servlet.FrameworkServlet.processRequest(FrameworkServlet.java:1006)
	at org.springframework.web.servlet.FrameworkServlet.doPut(FrameworkServlet.java:920)
	at javax.servlet.http.HttpServlet.service(HttpServlet.java:655)
	at org.springframework.web.servlet.FrameworkServlet.service(FrameworkServlet.java:883)
	at javax.servlet.http.HttpServlet.service(HttpServlet.java:733)
	at org.apache.catalina.core.ApplicationFilterChain.internalDoFilter(ApplicationFilterChain.java:231)
	at org.apache.catalina.core.ApplicationFilterChain.doFilter(ApplicationFilterChain.java:166)
	at org.apache.tomcat.websocket.server.WsFilter.doFilter(WsFilter.java:53)
	at org.apache.catalina.core.ApplicationFilterChain.internalDoFilter(ApplicationFilterChain.java:193)
	at org.apache.catalina.core.ApplicationFilterChain.doFilter(ApplicationFilterChain.java:166)
	at org.springframework.web.filter.RequestContextFilter.doFilterInternal(RequestContextFilter.java:100)
	at org.springframework.web.filter.OncePerRequestFilter.doFilter(OncePerRequestFilter.java:119)
	at org.apache.catalina.core.ApplicationFilterChain.internalDoFilter(ApplicationFilterChain.java:193)
	at org.apache.catalina.core.ApplicationFilterChain.doFilter(ApplicationFilterChain.java:166)
	at org.springframework.web.filter.FormContentFilter.doFilterInternal(FormContentFilter.java:93)
	at org.springframework.web.filter.OncePerRequestFilter.doFilter(OncePerRequestFilter.java:119)
	at org.apache.catalina.core.ApplicationFilterChain.internalDoFilter(ApplicationFilterChain.java:193)
	at org.apache.catalina.core.ApplicationFilterChain.doFilter(ApplicationFilterChain.java:166)
	at org.springframework.web.filter.CharacterEncodingFilter.doFilterInternal(CharacterEncodingFilter.java:201)
	at org.springframework.web.filter.OncePerRequestFilter.doFilter(OncePerRequestFilter.java:119)
	at org.apache.catalina.core.ApplicationFilterChain.internalDoFilter(ApplicationFilterChain.java:193)
	at org.apache.catalina.core.ApplicationFilterChain.doFilter(ApplicationFilterChain.java:166)
	at org.apache.catalina.core.StandardWrapperValve.invoke(StandardWrapperValve.java:202)
	at org.apache.catalina.core.StandardContextValve.invoke(StandardContextValve.java:96)
	at org.apache.catalina.authenticator.AuthenticatorBase.invoke(AuthenticatorBase.java:541)
	at org.apache.catalina.core.StandardHostValve.invoke(StandardHostValve.java:139)
	at org.apache.catalina.valves.ErrorReportValve.invoke(ErrorReportValve.java:92)
	at org.apache.catalina.core.StandardEngineValve.invoke(StandardEngineValve.java:74)
	at org.apache.catalina.connector.CoyoteAdapter.service(CoyoteAdapter.java:343)
	at org.apache.coyote.http11.Http11Processor.service(Http11Processor.java:373)
	at org.apache.coyote.AbstractProcessorLight.process(AbstractProcessorLight.java:65)
	at org.apache.coyote.AbstractProtocol$ConnectionHandler.process(AbstractProtocol.java:868)
	at org.apache.tomcat.util.net.NioEndpoint$SocketProcessor.doRun(NioEndpoint.java:1589)
	at org.apache.tomcat.util.net.SocketProcessorBase.run(SocketProcessorBase.java:49)
	at java.util.concurrent.ThreadPoolExecutor.runWorker(ThreadPoolExecutor.java:1149)
	at java.util.concurrent.ThreadPoolExecutor$Worker.run(ThreadPoolExecutor.java:624)
	at org.apache.tomcat.util.threads.TaskThread$WrappingRunnable.run(TaskThread.java:61)
	at java.lang.Thread.run(Thread.java:750)
2025-03-29 23:02:00 -Shutting down ExecutorService 'applicationTaskExecutor'
2025-03-29 23:02:40 -Starting ServiceApplication on LAPTOP-7HT4VH9K with PID 484 (D:\Java\ImSystem\im-system\service\target\classes started by 33175 in D:\Java\ImSystem)
2025-03-29 23:02:40 -The following profiles are active: dev
2025-03-29 23:02:40 -Multiple Spring Data modules found, entering strict repository configuration mode!
2025-03-29 23:02:40 -Bootstrapping Spring Data Redis repositories in DEFAULT mode.
2025-03-29 23:02:40 -Finished Spring Data repository scanning in 7ms. Found 0 Redis repository interfaces.
2025-03-29 23:02:40 -Tomcat initialized with port(s): 8000 (http)
2025-03-29 23:02:40 -Initializing ProtocolHandler ["http-nio-8000"]
2025-03-29 23:02:40 -Starting service [Tomcat]
2025-03-29 23:02:40 -Starting Servlet engine: [Apache Tomcat/9.0.37]
2025-03-29 23:02:40 -Initializing Spring embedded WebApplicationContext
2025-03-29 23:02:40 -Root WebApplicationContext: initialization completed in 758 ms
2025-03-29 23:02:41 -Initializing ExecutorService 'applicationTaskExecutor'
2025-03-29 23:02:42 -Starting ProtocolHandler ["http-nio-8000"]
2025-03-29 23:02:42 -Tomcat started on port(s): 8000 (http) with context path ''
2025-03-29 23:02:42 -Started ServiceApplication in 2.378 seconds (JVM running for 2.886)
2025-03-29 23:03:12 -Initializing Spring DispatcherServlet 'dispatcherServlet'
2025-03-29 23:03:12 -Initializing Servlet 'dispatcherServlet'
2025-03-29 23:03:12 -Completed initialization in 4 ms
2025-03-29 23:03:12 -HikariPool-1 - Starting...
2025-03-29 23:03:13 -HikariPool-1 - Exception during pool initialization.
java.sql.SQLNonTransientConnectionException: Public Key Retrieval is not allowed
	at com.mysql.cj.jdbc.exceptions.SQLError.createSQLException(SQLError.java:110)
	at com.mysql.cj.jdbc.exceptions.SQLError.createSQLException(SQLError.java:97)
	at com.mysql.cj.jdbc.exceptions.SQLExceptionsMapping.translateException(SQLExceptionsMapping.java:122)
	at com.mysql.cj.jdbc.ConnectionImpl.createNewIO(ConnectionImpl.java:836)
	at com.mysql.cj.jdbc.ConnectionImpl.<init>(ConnectionImpl.java:456)
	at com.mysql.cj.jdbc.ConnectionImpl.getInstance(ConnectionImpl.java:246)
	at com.mysql.cj.jdbc.NonRegisteringDriver.connect(NonRegisteringDriver.java:197)
	at com.zaxxer.hikari.util.DriverDataSource.getConnection(DriverDataSource.java:138)
	at com.zaxxer.hikari.pool.PoolBase.newConnection(PoolBase.java:358)
	at com.zaxxer.hikari.pool.PoolBase.newPoolEntry(PoolBase.java:206)
	at com.zaxxer.hikari.pool.HikariPool.createPoolEntry(HikariPool.java:477)
	at com.zaxxer.hikari.pool.HikariPool.checkFailFast(HikariPool.java:560)
	at com.zaxxer.hikari.pool.HikariPool.<init>(HikariPool.java:115)
	at com.zaxxer.hikari.HikariDataSource.getConnection(HikariDataSource.java:112)
	at org.springframework.jdbc.datasource.DataSourceUtils.fetchConnection(DataSourceUtils.java:158)
	at org.springframework.jdbc.datasource.DataSourceUtils.doGetConnection(DataSourceUtils.java:116)
	at org.springframework.jdbc.datasource.DataSourceUtils.getConnection(DataSourceUtils.java:79)
	at org.mybatis.spring.transaction.SpringManagedTransaction.openConnection(SpringManagedTransaction.java:80)
	at org.mybatis.spring.transaction.SpringManagedTransaction.getConnection(SpringManagedTransaction.java:67)
	at org.apache.ibatis.executor.BaseExecutor.getConnection(BaseExecutor.java:337)
	at com.baomidou.mybatisplus.core.executor.MybatisSimpleExecutor.prepareStatement(MybatisSimpleExecutor.java:93)
	at com.baomidou.mybatisplus.core.executor.MybatisSimpleExecutor.doQuery(MybatisSimpleExecutor.java:68)
	at org.apache.ibatis.executor.BaseExecutor.queryFromDatabase(BaseExecutor.java:325)
	at org.apache.ibatis.executor.BaseExecutor.query(BaseExecutor.java:156)
	at com.baomidou.mybatisplus.core.executor.MybatisCachingExecutor.query(MybatisCachingExecutor.java:165)
	at com.baomidou.mybatisplus.core.executor.MybatisCachingExecutor.query(MybatisCachingExecutor.java:92)
	at org.apache.ibatis.session.defaults.DefaultSqlSession.selectList(DefaultSqlSession.java:147)
	at org.apache.ibatis.session.defaults.DefaultSqlSession.selectList(DefaultSqlSession.java:140)
	at org.apache.ibatis.session.defaults.DefaultSqlSession.selectOne(DefaultSqlSession.java:76)
	at sun.reflect.NativeMethodAccessorImpl.invoke0(Native Method)
	at sun.reflect.NativeMethodAccessorImpl.invoke(NativeMethodAccessorImpl.java:62)
	at sun.reflect.DelegatingMethodAccessorImpl.invoke(DelegatingMethodAccessorImpl.java:43)
	at java.lang.reflect.Method.invoke(Method.java:498)
	at org.mybatis.spring.SqlSessionTemplate$SqlSessionInterceptor.invoke(SqlSessionTemplate.java:426)
	at com.sun.proxy.$Proxy62.selectOne(Unknown Source)
	at org.mybatis.spring.SqlSessionTemplate.selectOne(SqlSessionTemplate.java:159)
	at com.baomidou.mybatisplus.core.override.MybatisMapperMethod.execute(MybatisMapperMethod.java:90)
	at com.baomidou.mybatisplus.core.override.MybatisMapperProxy$PlainMethodInvoker.invoke(MybatisMapperProxy.java:148)
	at com.baomidou.mybatisplus.core.override.MybatisMapperProxy.invoke(MybatisMapperProxy.java:89)
	at com.sun.proxy.$Proxy69.selectOne(Unknown Source)
	at com.lld.im.service.user.service.impl.ImUserServiceImpl.modifyUserInfo(ImUserServiceImpl.java:232)
	at com.lld.im.service.user.controller.ImUserDataController.modifyUserInfo(ImUserDataController.java:66)
	at sun.reflect.NativeMethodAccessorImpl.invoke0(Native Method)
	at sun.reflect.NativeMethodAccessorImpl.invoke(NativeMethodAccessorImpl.java:62)
	at sun.reflect.DelegatingMethodAccessorImpl.invoke(DelegatingMethodAccessorImpl.java:43)
	at java.lang.reflect.Method.invoke(Method.java:498)
	at org.springframework.web.method.support.InvocableHandlerMethod.doInvoke(InvocableHandlerMethod.java:190)
	at org.springframework.web.method.support.InvocableHandlerMethod.invokeForRequest(InvocableHandlerMethod.java:138)
	at org.springframework.web.servlet.mvc.method.annotation.ServletInvocableHandlerMethod.invokeAndHandle(ServletInvocableHandlerMethod.java:105)
	at org.springframework.web.servlet.mvc.method.annotation.RequestMappingHandlerAdapter.invokeHandlerMethod(RequestMappingHandlerAdapter.java:878)
	at org.springframework.web.servlet.mvc.method.annotation.RequestMappingHandlerAdapter.handleInternal(RequestMappingHandlerAdapter.java:792)
	at org.springframework.web.servlet.mvc.method.AbstractHandlerMethodAdapter.handle(AbstractHandlerMethodAdapter.java:87)
	at org.springframework.web.servlet.DispatcherServlet.doDispatch(DispatcherServlet.java:1040)
	at org.springframework.web.servlet.DispatcherServlet.doService(DispatcherServlet.java:943)
	at org.springframework.web.servlet.FrameworkServlet.processRequest(FrameworkServlet.java:1006)
	at org.springframework.web.servlet.FrameworkServlet.doPut(FrameworkServlet.java:920)
	at javax.servlet.http.HttpServlet.service(HttpServlet.java:655)
	at org.springframework.web.servlet.FrameworkServlet.service(FrameworkServlet.java:883)
	at javax.servlet.http.HttpServlet.service(HttpServlet.java:733)
	at org.apache.catalina.core.ApplicationFilterChain.internalDoFilter(ApplicationFilterChain.java:231)
	at org.apache.catalina.core.ApplicationFilterChain.doFilter(ApplicationFilterChain.java:166)
	at org.apache.tomcat.websocket.server.WsFilter.doFilter(WsFilter.java:53)
	at org.apache.catalina.core.ApplicationFilterChain.internalDoFilter(ApplicationFilterChain.java:193)
	at org.apache.catalina.core.ApplicationFilterChain.doFilter(ApplicationFilterChain.java:166)
	at org.springframework.web.filter.RequestContextFilter.doFilterInternal(RequestContextFilter.java:100)
	at org.springframework.web.filter.OncePerRequestFilter.doFilter(OncePerRequestFilter.java:119)
	at org.apache.catalina.core.ApplicationFilterChain.internalDoFilter(ApplicationFilterChain.java:193)
	at org.apache.catalina.core.ApplicationFilterChain.doFilter(ApplicationFilterChain.java:166)
	at org.springframework.web.filter.FormContentFilter.doFilterInternal(FormContentFilter.java:93)
	at org.springframework.web.filter.OncePerRequestFilter.doFilter(OncePerRequestFilter.java:119)
	at org.apache.catalina.core.ApplicationFilterChain.internalDoFilter(ApplicationFilterChain.java:193)
	at org.apache.catalina.core.ApplicationFilterChain.doFilter(ApplicationFilterChain.java:166)
	at org.springframework.web.filter.CharacterEncodingFilter.doFilterInternal(CharacterEncodingFilter.java:201)
	at org.springframework.web.filter.OncePerRequestFilter.doFilter(OncePerRequestFilter.java:119)
	at org.apache.catalina.core.ApplicationFilterChain.internalDoFilter(ApplicationFilterChain.java:193)
	at org.apache.catalina.core.ApplicationFilterChain.doFilter(ApplicationFilterChain.java:166)
	at org.apache.catalina.core.StandardWrapperValve.invoke(StandardWrapperValve.java:202)
	at org.apache.catalina.core.StandardContextValve.invoke(StandardContextValve.java:96)
	at org.apache.catalina.authenticator.AuthenticatorBase.invoke(AuthenticatorBase.java:541)
	at org.apache.catalina.core.StandardHostValve.invoke(StandardHostValve.java:139)
	at org.apache.catalina.valves.ErrorReportValve.invoke(ErrorReportValve.java:92)
	at org.apache.catalina.core.StandardEngineValve.invoke(StandardEngineValve.java:74)
	at org.apache.catalina.connector.CoyoteAdapter.service(CoyoteAdapter.java:343)
	at org.apache.coyote.http11.Http11Processor.service(Http11Processor.java:373)
	at org.apache.coyote.AbstractProcessorLight.process(AbstractProcessorLight.java:65)
	at org.apache.coyote.AbstractProtocol$ConnectionHandler.process(AbstractProtocol.java:868)
	at org.apache.tomcat.util.net.NioEndpoint$SocketProcessor.doRun(NioEndpoint.java:1589)
	at org.apache.tomcat.util.net.SocketProcessorBase.run(SocketProcessorBase.java:49)
	at java.util.concurrent.ThreadPoolExecutor.runWorker(ThreadPoolExecutor.java:1149)
	at java.util.concurrent.ThreadPoolExecutor$Worker.run(ThreadPoolExecutor.java:624)
	at org.apache.tomcat.util.threads.TaskThread$WrappingRunnable.run(TaskThread.java:61)
	at java.lang.Thread.run(Thread.java:750)
2025-03-29 23:03:22 -Shutting down ExecutorService 'applicationTaskExecutor'
2025-03-29 23:05:46 -Starting ServiceApplication on LAPTOP-7HT4VH9K with PID 8224 (D:\Java\ImSystem\im-system\service\target\classes started by 33175 in D:\Java\ImSystem)
2025-03-29 23:05:46 -The following profiles are active: dev
2025-03-29 23:05:46 -Multiple Spring Data modules found, entering strict repository configuration mode!
2025-03-29 23:05:46 -Bootstrapping Spring Data Redis repositories in DEFAULT mode.
2025-03-29 23:05:46 -Finished Spring Data repository scanning in 9ms. Found 0 Redis repository interfaces.
2025-03-29 23:05:47 -Tomcat initialized with port(s): 8000 (http)
2025-03-29 23:05:47 -Initializing ProtocolHandler ["http-nio-8000"]
2025-03-29 23:05:47 -Starting service [Tomcat]
2025-03-29 23:05:47 -Starting Servlet engine: [Apache Tomcat/9.0.37]
2025-03-29 23:05:47 -Initializing Spring embedded WebApplicationContext
2025-03-29 23:05:47 -Root WebApplicationContext: initialization completed in 718 ms
2025-03-29 23:05:48 -Initializing ExecutorService 'applicationTaskExecutor'
2025-03-29 23:05:48 -Starting ProtocolHandler ["http-nio-8000"]
2025-03-29 23:05:48 -Tomcat started on port(s): 8000 (http) with context path ''
2025-03-29 23:05:48 -Started ServiceApplication in 2.535 seconds (JVM running for 3.041)
2025-03-29 23:06:12 -Initializing Spring DispatcherServlet 'dispatcherServlet'
2025-03-29 23:06:12 -Initializing Servlet 'dispatcherServlet'
2025-03-29 23:06:12 -Completed initialization in 10 ms
2025-03-29 23:06:13 -HikariPool-1 - Starting...
2025-03-29 23:06:13 -HikariPool-1 - Start completed.
2025-03-29 23:06:38 -Shutting down ExecutorService 'applicationTaskExecutor'
2025-03-29 23:06:38 -HikariPool-1 - Shutdown initiated...
2025-03-29 23:06:38 -HikariPool-1 - Shutdown completed.
2025-03-29 23:14:44 -Starting ServiceApplication on LAPTOP-7HT4VH9K with PID 8708 (D:\Java\ImSystem\im-system\service\target\classes started by 33175 in D:\Java\ImSystem)
2025-03-29 23:14:44 -The following profiles are active: dev
2025-03-29 23:14:45 -Multiple Spring Data modules found, entering strict repository configuration mode!
2025-03-29 23:14:45 -Bootstrapping Spring Data Redis repositories in DEFAULT mode.
2025-03-29 23:14:45 -Finished Spring Data repository scanning in 8ms. Found 0 Redis repository interfaces.
2025-03-29 23:14:45 -Tomcat initialized with port(s): 8000 (http)
2025-03-29 23:14:45 -Initializing ProtocolHandler ["http-nio-8000"]
2025-03-29 23:14:45 -Starting service [Tomcat]
2025-03-29 23:14:45 -Starting Servlet engine: [Apache Tomcat/9.0.37]
2025-03-29 23:14:45 -Initializing Spring embedded WebApplicationContext
2025-03-29 23:14:45 -Root WebApplicationContext: initialization completed in 717 ms
2025-03-29 23:14:46 -Initializing ExecutorService 'applicationTaskExecutor'
2025-03-29 23:14:46 -Starting ProtocolHandler ["http-nio-8000"]
2025-03-29 23:14:46 -Tomcat started on port(s): 8000 (http) with context path ''
2025-03-29 23:14:46 -Started ServiceApplication in 2.243 seconds (JVM running for 2.789)
2025-03-29 23:15:59 -Initializing Spring DispatcherServlet 'dispatcherServlet'
2025-03-29 23:15:59 -Initializing Servlet 'dispatcherServlet'
2025-03-29 23:15:59 -Completed initialization in 19 ms
2025-03-29 23:15:59 -HikariPool-1 - Starting...
2025-03-29 23:15:59 -HikariPool-1 - Start completed.
2025-03-29 23:19:28 -Shutting down ExecutorService 'applicationTaskExecutor'
2025-03-29 23:19:28 -HikariPool-1 - Shutdown initiated...
2025-03-29 23:19:28 -HikariPool-1 - Shutdown completed.
2025-03-29 23:19:52 -Starting ServiceApplication on LAPTOP-7HT4VH9K with PID 12888 (D:\Java\ImSystem\im-system\service\target\classes started by 33175 in D:\Java\ImSystem)
2025-03-29 23:19:52 -The following profiles are active: dev
2025-03-29 23:19:52 -Multiple Spring Data modules found, entering strict repository configuration mode!
2025-03-29 23:19:52 -Bootstrapping Spring Data Redis repositories in DEFAULT mode.
2025-03-29 23:19:52 -Finished Spring Data repository scanning in 9ms. Found 0 Redis repository interfaces.
2025-03-29 23:19:53 -Tomcat initialized with port(s): 8000 (http)
2025-03-29 23:19:53 -Initializing ProtocolHandler ["http-nio-8000"]
2025-03-29 23:19:53 -Starting service [Tomcat]
2025-03-29 23:19:53 -Starting Servlet engine: [Apache Tomcat/9.0.37]
2025-03-29 23:19:53 -Initializing Spring embedded WebApplicationContext
2025-03-29 23:19:53 -Root WebApplicationContext: initialization completed in 816 ms
2025-03-29 23:19:54 -Initializing ExecutorService 'applicationTaskExecutor'
2025-03-29 23:19:54 -Starting ProtocolHandler ["http-nio-8000"]
2025-03-29 23:19:54 -Tomcat started on port(s): 8000 (http) with context path ''
2025-03-29 23:19:54 -Started ServiceApplication in 2.61 seconds (JVM running for 3.234)
2025-03-29 23:21:14 -Initializing Spring DispatcherServlet 'dispatcherServlet'
2025-03-29 23:21:14 -Initializing Servlet 'dispatcherServlet'
2025-03-29 23:21:14 -Completed initialization in 3 ms
2025-03-29 23:21:14 -HikariPool-1 - Starting...
2025-03-29 23:21:15 -HikariPool-1 - Start completed.
2025-03-29 23:23:41 -Shutting down ExecutorService 'applicationTaskExecutor'
2025-03-29 23:23:41 -HikariPool-1 - Shutdown initiated...
2025-03-29 23:23:41 -HikariPool-1 - Shutdown completed.
2025-03-29 23:25:28 -Starting ServiceApplication on LAPTOP-7HT4VH9K with PID 22656 (D:\Java\ImSystem\im-system\service\target\classes started by 33175 in D:\Java\ImSystem)
2025-03-29 23:25:28 -The following profiles are active: dev
2025-03-29 23:25:29 -Multiple Spring Data modules found, entering strict repository configuration mode!
2025-03-29 23:25:29 -Bootstrapping Spring Data Redis repositories in DEFAULT mode.
2025-03-29 23:25:29 -Finished Spring Data repository scanning in 10ms. Found 0 Redis repository interfaces.
2025-03-29 23:25:29 -Tomcat initialized with port(s): 8000 (http)
2025-03-29 23:25:29 -Initializing ProtocolHandler ["http-nio-8000"]
2025-03-29 23:25:29 -Starting service [Tomcat]
2025-03-29 23:25:29 -Starting Servlet engine: [Apache Tomcat/9.0.37]
2025-03-29 23:25:29 -Initializing Spring embedded WebApplicationContext
2025-03-29 23:25:29 -Root WebApplicationContext: initialization completed in 906 ms
2025-03-29 23:25:30 -Initializing ExecutorService 'applicationTaskExecutor'
2025-03-29 23:25:31 -Starting ProtocolHandler ["http-nio-8000"]
2025-03-29 23:25:31 -Tomcat started on port(s): 8000 (http) with context path ''
2025-03-29 23:25:31 -Started ServiceApplication in 2.724 seconds (JVM running for 3.277)
2025-03-29 23:26:25 -Initializing Spring DispatcherServlet 'dispatcherServlet'
2025-03-29 23:26:25 -Initializing Servlet 'dispatcherServlet'
2025-03-29 23:26:25 -Completed initialization in 5 ms
2025-03-29 23:26:25 -HikariPool-1 - Starting...
2025-03-29 23:26:25 -HikariPool-1 - Start completed.
2025-03-29 23:26:36 -Shutting down ExecutorService 'applicationTaskExecutor'
2025-03-29 23:26:36 -HikariPool-1 - Shutdown initiated...
2025-03-29 23:26:36 -HikariPool-1 - Shutdown completed.
