2025-03-14 21:31:52 -Starting ServiceApplication on LAPTOP-7HT4VH9K with PID 22436 (D:\Java\ImSystem\im-system\service\target\classes started by 33175 in D:\Java\ImSystem)
2025-03-14 21:31:52 -The following profiles are active: dev
2025-03-14 21:31:52 -Multiple Spring Data modules found, entering strict repository configuration mode!
2025-03-14 21:31:52 -Bootstrapping Spring Data Redis repositories in DEFAULT mode.
2025-03-14 21:31:52 -Finished Spring Data repository scanning in 13ms. Found 0 Redis repository interfaces.
2025-03-14 21:31:53 -Tomcat initialized with port(s): 8000 (http)
2025-03-14 21:31:53 -Initializing ProtocolHandler ["http-nio-8000"]
2025-03-14 21:31:53 -Starting service [Tomcat]
2025-03-14 21:31:53 -Starting Servlet engine: [Apache Tomcat/9.0.37]
2025-03-14 21:31:53 -Initializing Spring embedded WebApplicationContext
2025-03-14 21:31:53 -Root WebApplicationContext: initialization completed in 904 ms
2025-03-14 21:31:53 -Initializing ExecutorService 'applicationTaskExecutor'
2025-03-14 21:31:54 -Starting ProtocolHandler ["http-nio-8000"]
2025-03-14 21:31:54 -Tomcat started on port(s): 8000 (http) with context path ''
2025-03-14 21:31:54 -Started ServiceApplication in 2.326 seconds (JVM running for 2.788)
2025-03-14 21:31:58 -Initializing Spring DispatcherServlet 'dispatcherServlet'
2025-03-14 21:31:58 -Initializing Servlet 'dispatcherServlet'
2025-03-14 21:31:58 -Completed initialization in 5 ms
2025-03-14 21:31:58 -HikariPool-1 - Starting...
2025-03-14 21:31:58 -HikariPool-1 - Start completed.
2025-03-14 21:39:37 -Shutting down ExecutorService 'applicationTaskExecutor'
2025-03-14 21:39:37 -HikariPool-1 - Shutdown initiated...
2025-03-14 21:39:37 -HikariPool-1 - Shutdown completed.
2025-03-14 22:04:29 -Starting ServiceApplication on LAPTOP-7HT4VH9K with PID 1324 (D:\Java\ImSystem\im-system\service\target\classes started by 33175 in D:\Java\ImSystem)
2025-03-14 22:04:29 -The following profiles are active: dev
2025-03-14 22:04:29 -Multiple Spring Data modules found, entering strict repository configuration mode!
2025-03-14 22:04:29 -Bootstrapping Spring Data Redis repositories in DEFAULT mode.
2025-03-14 22:04:29 -Finished Spring Data repository scanning in 9ms. Found 0 Redis repository interfaces.
2025-03-14 22:04:30 -Tomcat initialized with port(s): 8000 (http)
2025-03-14 22:04:30 -Initializing ProtocolHandler ["http-nio-8000"]
2025-03-14 22:04:30 -Starting service [Tomcat]
2025-03-14 22:04:30 -Starting Servlet engine: [Apache Tomcat/9.0.37]
2025-03-14 22:04:30 -Initializing Spring embedded WebApplicationContext
2025-03-14 22:04:30 -Root WebApplicationContext: initialization completed in 941 ms
2025-03-14 22:04:30 -Initializing ExecutorService 'applicationTaskExecutor'
2025-03-14 22:04:31 -Starting ProtocolHandler ["http-nio-8000"]
2025-03-14 22:04:31 -Tomcat started on port(s): 8000 (http) with context path ''
2025-03-14 22:04:31 -Started ServiceApplication in 2.404 seconds (JVM running for 2.806)
2025-03-14 22:04:32 -Initializing Spring DispatcherServlet 'dispatcherServlet'
2025-03-14 22:04:32 -Initializing Servlet 'dispatcherServlet'
2025-03-14 22:04:32 -Completed initialization in 4 ms
2025-03-14 22:04:33 -HikariPool-1 - Starting...
2025-03-14 22:04:33 -HikariPool-1 - Start completed.
2025-03-14 22:04:59 -Shutting down ExecutorService 'applicationTaskExecutor'
2025-03-14 22:04:59 -HikariPool-1 - Shutdown initiated...
2025-03-14 22:05:00 -HikariPool-1 - Shutdown completed.
2025-03-14 22:38:00 -Starting ServiceApplication on LAPTOP-7HT4VH9K with PID 456 (D:\Java\ImSystem\im-system\service\target\classes started by 33175 in D:\Java\ImSystem)
2025-03-14 22:38:00 -The following profiles are active: dev
2025-03-14 22:38:00 -Multiple Spring Data modules found, entering strict repository configuration mode!
2025-03-14 22:38:00 -Bootstrapping Spring Data Redis repositories in DEFAULT mode.
2025-03-14 22:38:00 -Finished Spring Data repository scanning in 13ms. Found 0 Redis repository interfaces.
2025-03-14 22:38:00 -Tomcat initialized with port(s): 8000 (http)
2025-03-14 22:38:00 -Initializing ProtocolHandler ["http-nio-8000"]
2025-03-14 22:38:00 -Starting service [Tomcat]
2025-03-14 22:38:00 -Starting Servlet engine: [Apache Tomcat/9.0.37]
2025-03-14 22:38:01 -Initializing Spring embedded WebApplicationContext
2025-03-14 22:38:01 -Root WebApplicationContext: initialization completed in 738 ms
2025-03-14 22:38:01 -Initializing ExecutorService 'applicationTaskExecutor'
2025-03-14 22:38:01 -Starting ProtocolHandler ["http-nio-8000"]
2025-03-14 22:38:01 -Tomcat started on port(s): 8000 (http) with context path ''
2025-03-14 22:38:01 -Started ServiceApplication in 1.965 seconds (JVM running for 2.312)
2025-03-14 22:38:03 -Initializing Spring DispatcherServlet 'dispatcherServlet'
2025-03-14 22:38:03 -Initializing Servlet 'dispatcherServlet'
2025-03-14 22:38:03 -Completed initialization in 4 ms
2025-03-14 22:38:03 -HikariPool-1 - Starting...
2025-03-14 22:38:04 -HikariPool-1 - Start completed.
2025-03-14 22:41:38 -Shutting down ExecutorService 'applicationTaskExecutor'
2025-03-14 22:41:38 -HikariPool-1 - Shutdown initiated...
2025-03-14 22:41:38 -HikariPool-1 - Shutdown completed.
