2025-03-27 18:56:13 -Starting ServiceApplication on LAPTOP-7HT4VH9K with PID 29640 (D:\Java\ImSystem\im-system\service\target\classes started by 33175 in D:\Java\ImSystem)
2025-03-27 18:56:13 -The following profiles are active: dev
2025-03-27 18:56:13 -Multiple Spring Data modules found, entering strict repository configuration mode!
2025-03-27 18:56:13 -Bootstrapping Spring Data Redis repositories in DEFAULT mode.
2025-03-27 18:56:13 -Finished Spring Data repository scanning in 9ms. Found 0 Redis repository interfaces.
2025-03-27 18:56:14 -Tomcat initialized with port(s): 8000 (http)
2025-03-27 18:56:14 -Initializing ProtocolHandler ["http-nio-8000"]
2025-03-27 18:56:14 -Starting service [Tomcat]
2025-03-27 18:56:14 -Starting Servlet engine: [Apache Tomcat/9.0.37]
2025-03-27 18:56:14 -Initializing Spring embedded WebApplicationContext
2025-03-27 18:56:14 -Root WebApplicationContext: initialization completed in 762 ms
2025-03-27 18:56:15 -Initializing ExecutorService 'applicationTaskExecutor'
2025-03-27 18:56:15 -Starting ProtocolHandler ["http-nio-8000"]
2025-03-27 18:56:15 -Tomcat started on port(s): 8000 (http) with context path ''
2025-03-27 18:56:15 -Started ServiceApplication in 2.486 seconds (JVM running for 3.015)
2025-03-27 19:07:20 -Shutting down ExecutorService 'applicationTaskExecutor'
2025-03-27 19:07:52 -Starting ServiceApplication on LAPTOP-7HT4VH9K with PID 21564 (D:\Java\ImSystem\im-system\service\target\classes started by 33175 in D:\Java\ImSystem)
2025-03-27 19:07:52 -The following profiles are active: dev
2025-03-27 19:07:53 -Multiple Spring Data modules found, entering strict repository configuration mode!
2025-03-27 19:07:53 -Bootstrapping Spring Data Redis repositories in DEFAULT mode.
2025-03-27 19:07:53 -Finished Spring Data repository scanning in 9ms. Found 0 Redis repository interfaces.
2025-03-27 19:07:53 -Tomcat initialized with port(s): 8000 (http)
2025-03-27 19:07:53 -Initializing ProtocolHandler ["http-nio-8000"]
2025-03-27 19:07:53 -Starting service [Tomcat]
2025-03-27 19:07:53 -Starting Servlet engine: [Apache Tomcat/9.0.37]
2025-03-27 19:07:53 -Initializing Spring embedded WebApplicationContext
2025-03-27 19:07:53 -Root WebApplicationContext: initialization completed in 841 ms
2025-03-27 19:07:54 -Initializing ExecutorService 'applicationTaskExecutor'
2025-03-27 19:07:55 -Starting ProtocolHandler ["http-nio-8000"]
2025-03-27 19:07:55 -Tomcat started on port(s): 8000 (http) with context path ''
2025-03-27 19:07:55 -Started ServiceApplication in 2.754 seconds (JVM running for 3.44)
2025-03-27 19:08:21 -Initializing Spring DispatcherServlet 'dispatcherServlet'
2025-03-27 19:08:21 -Initializing Servlet 'dispatcherServlet'
2025-03-27 19:08:21 -Completed initialization in 17 ms
2025-03-27 19:08:22 -HikariPool-1 - Starting...
2025-03-27 19:08:22 -HikariPool-1 - Start completed.
2025-03-27 19:11:36 -Shutting down ExecutorService 'applicationTaskExecutor'
2025-03-27 19:11:36 -HikariPool-1 - Shutdown initiated...
2025-03-27 19:11:36 -HikariPool-1 - Shutdown completed.
2025-03-27 19:12:31 -Starting ServiceApplication on LAPTOP-7HT4VH9K with PID 25724 (D:\Java\ImSystem\im-system\service\target\classes started by 33175 in D:\Java\ImSystem)
2025-03-27 19:12:31 -The following profiles are active: dev
2025-03-27 19:12:31 -Multiple Spring Data modules found, entering strict repository configuration mode!
2025-03-27 19:12:31 -Bootstrapping Spring Data Redis repositories in DEFAULT mode.
2025-03-27 19:12:31 -Finished Spring Data repository scanning in 9ms. Found 0 Redis repository interfaces.
2025-03-27 19:12:32 -Tomcat initialized with port(s): 8000 (http)
2025-03-27 19:12:32 -Initializing ProtocolHandler ["http-nio-8000"]
2025-03-27 19:12:32 -Starting service [Tomcat]
2025-03-27 19:12:32 -Starting Servlet engine: [Apache Tomcat/9.0.37]
2025-03-27 19:12:32 -Initializing Spring embedded WebApplicationContext
2025-03-27 19:12:32 -Root WebApplicationContext: initialization completed in 789 ms
2025-03-27 19:12:33 -Initializing ExecutorService 'applicationTaskExecutor'
2025-03-27 19:12:33 -Starting ProtocolHandler ["http-nio-8000"]
2025-03-27 19:12:33 -Tomcat started on port(s): 8000 (http) with context path ''
2025-03-27 19:12:33 -Started ServiceApplication in 2.58 seconds (JVM running for 3.079)
2025-03-27 19:12:44 -Initializing Spring DispatcherServlet 'dispatcherServlet'
2025-03-27 19:12:44 -Initializing Servlet 'dispatcherServlet'
2025-03-27 19:12:44 -Completed initialization in 8 ms
2025-03-27 19:12:44 -HikariPool-1 - Starting...
2025-03-27 19:12:44 -HikariPool-1 - Start completed.
2025-03-27 19:13:15 -Shutting down ExecutorService 'applicationTaskExecutor'
2025-03-27 19:13:15 -HikariPool-1 - Shutdown initiated...
2025-03-27 19:13:15 -HikariPool-1 - Shutdown completed.
2025-03-27 19:16:44 -Starting ServiceApplication on LAPTOP-7HT4VH9K with PID 20988 (D:\Java\ImSystem\im-system\service\target\classes started by 33175 in D:\Java\ImSystem)
2025-03-27 19:16:44 -The following profiles are active: dev
2025-03-27 19:16:44 -Multiple Spring Data modules found, entering strict repository configuration mode!
2025-03-27 19:16:44 -Bootstrapping Spring Data Redis repositories in DEFAULT mode.
2025-03-27 19:16:44 -Finished Spring Data repository scanning in 8ms. Found 0 Redis repository interfaces.
2025-03-27 19:16:44 -Tomcat initialized with port(s): 8000 (http)
2025-03-27 19:16:44 -Initializing ProtocolHandler ["http-nio-8000"]
2025-03-27 19:16:44 -Starting service [Tomcat]
2025-03-27 19:16:44 -Starting Servlet engine: [Apache Tomcat/9.0.37]
2025-03-27 19:16:44 -Initializing Spring embedded WebApplicationContext
2025-03-27 19:16:44 -Root WebApplicationContext: initialization completed in 786 ms
2025-03-27 19:16:45 -Initializing ExecutorService 'applicationTaskExecutor'
2025-03-27 19:16:46 -Starting ProtocolHandler ["http-nio-8000"]
2025-03-27 19:16:46 -Tomcat started on port(s): 8000 (http) with context path ''
2025-03-27 19:16:46 -Started ServiceApplication in 2.596 seconds (JVM running for 3.168)
2025-03-27 19:17:06 -Initializing Spring DispatcherServlet 'dispatcherServlet'
2025-03-27 19:17:06 -Initializing Servlet 'dispatcherServlet'
2025-03-27 19:17:06 -Completed initialization in 6 ms
2025-03-27 19:17:06 -HikariPool-1 - Starting...
2025-03-27 19:17:07 -HikariPool-1 - Start completed.
2025-03-27 19:17:31 -Shutting down ExecutorService 'applicationTaskExecutor'
2025-03-27 19:17:31 -HikariPool-1 - Shutdown initiated...
2025-03-27 19:17:31 -HikariPool-1 - Shutdown completed.
