2025-04-01 13:44:56 -Starting ServiceApplication on LAPTOP-7HT4VH9K with PID 22188 (D:\Java\ImSystem\im-system\service\target\classes started by 33175 in D:\Java\ImSystem)
2025-04-01 13:44:56 -The following profiles are active: dev
2025-04-01 13:44:56 -Multiple Spring Data modules found, entering strict repository configuration mode!
2025-04-01 13:44:56 -Bootstrapping Spring Data Redis repositories in DEFAULT mode.
2025-04-01 13:44:56 -Finished Spring Data repository scanning in 11ms. Found 0 Redis repository interfaces.
2025-04-01 13:44:57 -Tomcat initialized with port(s): 8000 (http)
2025-04-01 13:44:57 -Initializing ProtocolHandler ["http-nio-8000"]
2025-04-01 13:44:57 -Starting service [Tomcat]
2025-04-01 13:44:57 -Starting Servlet engine: [Apache Tomcat/9.0.37]
2025-04-01 13:44:57 -Initializing Spring embedded WebApplicationContext
2025-04-01 13:44:57 -Root WebApplicationContext: initialization completed in 909 ms
2025-04-01 13:44:58 -Initializing ExecutorService 'applicationTaskExecutor'
2025-04-01 13:44:58 -Starting ProtocolHandler ["http-nio-8000"]
2025-04-01 13:44:58 -Tomcat started on port(s): 8000 (http) with context path ''
2025-04-01 13:44:58 -Attempting to connect to: [192.168.88.130:5672]
2025-04-01 13:44:58 -Created new connection: rabbitConnectionFactory#70e94ecb:0/SimpleConnection@3fbe503c [delegate=amqp://root@192.168.88.130:5672/, localPort= 65322]
2025-04-01 13:44:59 -Started ServiceApplication in 2.942 seconds (JVM running for 3.661)
2025-04-01 13:46:08 -CHAT MSG FORM QUEUE ::: {"messageHeader":{"appId":10000,"clientType":4,"command":1999999,"imei":"9c3d7cfb-0ebc-11f0-a66a-005056c00008","imeiLength":36,"length":17,"messageType":0,"version":1},"messagePack":{"clientType":4,"appId":10000,"imei":"9c3d7cfb-0ebc-11f0-a66a-005056c00008","userId":"lld","command":1999999}}
2025-04-01 13:46:08 -处理消息出现异常：null
2025-04-01 13:46:08 -RMQ_CHAT_TRAN_ERROR
java.lang.NullPointerException: null
	at com.lld.im.service.message.mq.ChatOperateReceiver.onChatMessage(ChatOperateReceiver.java:65)
	at sun.reflect.NativeMethodAccessorImpl.invoke0(Native Method)
	at sun.reflect.NativeMethodAccessorImpl.invoke(NativeMethodAccessorImpl.java:62)
	at sun.reflect.DelegatingMethodAccessorImpl.invoke(DelegatingMethodAccessorImpl.java:43)
	at java.lang.reflect.Method.invoke(Method.java:498)
	at org.springframework.messaging.handler.invocation.InvocableHandlerMethod.doInvoke(InvocableHandlerMethod.java:171)
	at org.springframework.messaging.handler.invocation.InvocableHandlerMethod.invoke(InvocableHandlerMethod.java:120)
	at org.springframework.amqp.rabbit.listener.adapter.HandlerAdapter.invoke(HandlerAdapter.java:53)
	at org.springframework.amqp.rabbit.listener.adapter.MessagingMessageListenerAdapter.invokeHandler(MessagingMessageListenerAdapter.java:220)
	at org.springframework.amqp.rabbit.listener.adapter.MessagingMessageListenerAdapter.invokeHandlerAndProcessResult(MessagingMessageListenerAdapter.java:148)
	at org.springframework.amqp.rabbit.listener.adapter.MessagingMessageListenerAdapter.onMessage(MessagingMessageListenerAdapter.java:133)
	at org.springframework.amqp.rabbit.listener.AbstractMessageListenerContainer.doInvokeListener(AbstractMessageListenerContainer.java:1591)
	at org.springframework.amqp.rabbit.listener.AbstractMessageListenerContainer.actualInvokeListener(AbstractMessageListenerContainer.java:1510)
	at org.springframework.amqp.rabbit.listener.AbstractMessageListenerContainer.invokeListener(AbstractMessageListenerContainer.java:1498)
	at org.springframework.amqp.rabbit.listener.AbstractMessageListenerContainer.doExecuteListener(AbstractMessageListenerContainer.java:1489)
	at org.springframework.amqp.rabbit.listener.AbstractMessageListenerContainer.executeListener(AbstractMessageListenerContainer.java:1433)
	at org.springframework.amqp.rabbit.listener.SimpleMessageListenerContainer.doReceiveAndExecute(SimpleMessageListenerContainer.java:970)
	at org.springframework.amqp.rabbit.listener.SimpleMessageListenerContainer.receiveAndExecute(SimpleMessageListenerContainer.java:916)
	at org.springframework.amqp.rabbit.listener.SimpleMessageListenerContainer.access$1600(SimpleMessageListenerContainer.java:83)
	at org.springframework.amqp.rabbit.listener.SimpleMessageListenerContainer$AsyncMessageProcessingConsumer.mainLoop(SimpleMessageListenerContainer.java:1291)
	at org.springframework.amqp.rabbit.listener.SimpleMessageListenerContainer$AsyncMessageProcessingConsumer.run(SimpleMessageListenerContainer.java:1197)
	at java.lang.Thread.run(Thread.java:750)
2025-04-01 13:46:08 -NACK_MSG:{"messageHeader":{"appId":10000,"clientType":4,"command":1999999,"imei":"9c3d7cfb-0ebc-11f0-a66a-005056c00008","imeiLength":36,"length":17,"messageType":0,"version":1},"messagePack":{"clientType":4,"appId":10000,"imei":"9c3d7cfb-0ebc-11f0-a66a-005056c00008","userId":"lld","command":1999999}}
2025-04-01 13:47:07 -Waiting for workers to finish.
2025-04-01 13:47:08 -Successfully waited for workers to finish.
2025-04-01 13:47:08 -Shutdown ignored - container is not active already
2025-04-01 13:47:08 -Shutting down ExecutorService 'applicationTaskExecutor'
2025-04-01 14:16:07 -Starting ServiceApplication on LAPTOP-7HT4VH9K with PID 31864 (D:\Java\ImSystem\im-system\service\target\classes started by 33175 in D:\Java\ImSystem)
2025-04-01 14:16:07 -The following profiles are active: dev
2025-04-01 14:16:08 -Multiple Spring Data modules found, entering strict repository configuration mode!
2025-04-01 14:16:08 -Bootstrapping Spring Data Redis repositories in DEFAULT mode.
2025-04-01 14:16:08 -Finished Spring Data repository scanning in 11ms. Found 0 Redis repository interfaces.
2025-04-01 14:16:08 -Tomcat initialized with port(s): 8000 (http)
2025-04-01 14:16:08 -Initializing ProtocolHandler ["http-nio-8000"]
2025-04-01 14:16:08 -Starting service [Tomcat]
2025-04-01 14:16:08 -Starting Servlet engine: [Apache Tomcat/9.0.37]
2025-04-01 14:16:08 -Initializing Spring embedded WebApplicationContext
2025-04-01 14:16:08 -Root WebApplicationContext: initialization completed in 858 ms
2025-04-01 14:16:09 -Initializing ExecutorService 'applicationTaskExecutor'
2025-04-01 14:16:10 -Starting ProtocolHandler ["http-nio-8000"]
2025-04-01 14:16:10 -Tomcat started on port(s): 8000 (http) with context path ''
2025-04-01 14:16:10 -Attempting to connect to: [192.168.88.130:5672]
2025-04-01 14:16:10 -Created new connection: rabbitConnectionFactory#94e51e8:0/SimpleConnection@38f981b6 [delegate=amqp://root@192.168.88.130:5672/, localPort= 50382]
2025-04-01 14:16:10 -Started ServiceApplication in 2.763 seconds (JVM running for 3.263)
2025-04-01 14:23:23 -Waiting for workers to finish.
2025-04-01 14:23:24 -Successfully waited for workers to finish.
2025-04-01 14:23:24 -Shutdown ignored - container is not active already
2025-04-01 14:23:24 -Shutting down ExecutorService 'applicationTaskExecutor'
2025-04-01 14:23:43 -Starting ServiceApplication on LAPTOP-7HT4VH9K with PID 18408 (D:\Java\ImSystem\im-system\service\target\classes started by 33175 in D:\Java\ImSystem)
2025-04-01 14:23:43 -The following profiles are active: dev
2025-04-01 14:23:44 -Multiple Spring Data modules found, entering strict repository configuration mode!
2025-04-01 14:23:44 -Bootstrapping Spring Data Redis repositories in DEFAULT mode.
2025-04-01 14:23:44 -Finished Spring Data repository scanning in 8ms. Found 0 Redis repository interfaces.
2025-04-01 14:23:44 -Tomcat initialized with port(s): 8000 (http)
2025-04-01 14:23:44 -Initializing ProtocolHandler ["http-nio-8000"]
2025-04-01 14:23:44 -Starting service [Tomcat]
2025-04-01 14:23:44 -Starting Servlet engine: [Apache Tomcat/9.0.37]
2025-04-01 14:23:44 -Initializing Spring embedded WebApplicationContext
2025-04-01 14:23:44 -Root WebApplicationContext: initialization completed in 708 ms
2025-04-01 14:23:45 -Initializing ExecutorService 'applicationTaskExecutor'
2025-04-01 14:23:46 -Starting ProtocolHandler ["http-nio-8000"]
2025-04-01 14:23:46 -Tomcat started on port(s): 8000 (http) with context path ''
2025-04-01 14:23:46 -Attempting to connect to: [192.168.88.130:5672]
2025-04-01 14:23:46 -Created new connection: rabbitConnectionFactory#1afd72ef:0/SimpleConnection@2c748a15 [delegate=amqp://root@192.168.88.130:5672/, localPort= 51026]
2025-04-01 14:23:46 -Started ServiceApplication in 2.514 seconds (JVM running for 3.094)
2025-04-01 14:25:09 -CHAT MSG FORM QUEUE ::: {"toId":"lld5","clientType":1,"messageBody":"123","appId":10000,"messageId":"450bf2a6-5f5b-4197-9773-2bcf4a449798","imei":"500","fromId":"lld2","command":1103}
2025-04-01 14:25:09 -HikariPool-1 - Starting...
2025-04-01 14:25:09 -HikariPool-1 - Start completed.
2025-04-01 14:25:09 -msg ack,msgId=450bf2a6-5f5b-4197-9773-2bcf4a449798,checkResult200
2025-04-01 14:25:10 -send message == {"appId":10000,"clientType":1,"command":1046,"data":{"msg":"success","code":200,"data":{"messageId":"450bf2a6-5f5b-4197-9773-2bcf4a449798"},"ok":true},"imei":"500","toId":"lld2"}
2025-04-01 14:25:10 -send message == {"appId":10000,"clientType":1,"command":1103,"data":{"toId":"lld5","clientType":1,"messageBody":"123","appId":10000,"imei":"500","messageId":"450bf2a6-5f5b-4197-9773-2bcf4a449798","fromId":"lld2"},"imei":"123","toId":"lld2"}
2025-04-01 14:25:10 -send message == {"appId":10000,"clientType":2,"command":1103,"data":{"toId":"lld5","clientType":1,"messageBody":"123","appId":10000,"imei":"500","messageId":"450bf2a6-5f5b-4197-9773-2bcf4a449798","fromId":"lld2"},"imei":"123456","toId":"lld2"}
2025-04-01 14:25:10 -send message == {"appId":10000,"clientType":1,"command":1103,"data":{"toId":"lld5","clientType":1,"messageBody":"123","appId":10000,"imei":"500","messageId":"450bf2a6-5f5b-4197-9773-2bcf4a449798","fromId":"lld2"},"imei":"400","toId":"lld5"}
2025-04-01 14:25:10 -CHAT MSG FORM QUEUE ::: {"toId":"lld2","clientType":1,"appId":10000,"messageId":"450bf2a6-5f5b-4197-9773-2bcf4a449798","imei":"400","fromId":"lld5","command":1107}
2025-04-01 14:25:10 -CHAT MSG FORM QUEUE ::: {"toId":"lld2","conversationType":0,"clientType":1,"appId":10000,"imei":"400","fromId":"lld5","command":1106}
2025-04-01 14:27:26 -CHAT MSG FORM QUEUE ::: {"toId":"lld2","clientType":1,"messageBody":"321","appId":10000,"messageId":"043e2dea-c468-43e4-ab0a-38b02f4ce373","imei":"400","fromId":"lld5","command":1103}
2025-04-01 14:27:26 -msg ack,msgId=043e2dea-c468-43e4-ab0a-38b02f4ce373,checkResult200
2025-04-01 14:27:26 -send message == {"appId":10000,"clientType":1,"command":1046,"data":{"msg":"success","code":200,"data":{"messageId":"043e2dea-c468-43e4-ab0a-38b02f4ce373"},"ok":true},"imei":"400","toId":"lld5"}
2025-04-01 14:27:26 -send message == {"appId":10000,"clientType":1,"command":1103,"data":{"toId":"lld2","clientType":1,"messageBody":"321","appId":10000,"imei":"400","messageId":"043e2dea-c468-43e4-ab0a-38b02f4ce373","fromId":"lld5"},"imei":"123","toId":"lld2"}
2025-04-01 14:27:26 -send message == {"appId":10000,"clientType":2,"command":1103,"data":{"toId":"lld2","clientType":1,"messageBody":"321","appId":10000,"imei":"400","messageId":"043e2dea-c468-43e4-ab0a-38b02f4ce373","fromId":"lld5"},"imei":"123456","toId":"lld2"}
2025-04-01 14:27:26 -send message == {"appId":10000,"clientType":1,"command":1103,"data":{"toId":"lld2","clientType":1,"messageBody":"321","appId":10000,"imei":"400","messageId":"043e2dea-c468-43e4-ab0a-38b02f4ce373","fromId":"lld5"},"imei":"500","toId":"lld2"}
2025-04-01 14:27:26 -CHAT MSG FORM QUEUE ::: {"toId":"lld5","clientType":1,"appId":10000,"messageId":"043e2dea-c468-43e4-ab0a-38b02f4ce373","imei":"500","fromId":"lld2","command":1107}
2025-04-01 14:27:26 -CHAT MSG FORM QUEUE ::: {"toId":"lld5","conversationType":0,"clientType":1,"appId":10000,"imei":"500","fromId":"lld2","command":1106}
2025-04-01 14:28:01 -CHAT MSG FORM QUEUE ::: {"toId":"lld5","clientType":1,"messageBody":"hhh","appId":10000,"messageId":"e7dca93d-c342-4eda-aed9-c6332caa5751","imei":"500","fromId":"lld2","command":1103}
2025-04-01 14:28:01 -msg ack,msgId=e7dca93d-c342-4eda-aed9-c6332caa5751,checkResult200
2025-04-01 14:28:01 -send message == {"appId":10000,"clientType":1,"command":1046,"data":{"msg":"success","code":200,"data":{"messageId":"e7dca93d-c342-4eda-aed9-c6332caa5751"},"ok":true},"imei":"500","toId":"lld2"}
2025-04-01 14:28:01 -send message == {"appId":10000,"clientType":1,"command":1103,"data":{"toId":"lld5","clientType":1,"messageBody":"hhh","appId":10000,"imei":"500","messageId":"e7dca93d-c342-4eda-aed9-c6332caa5751","fromId":"lld2"},"imei":"123","toId":"lld2"}
2025-04-01 14:28:01 -send message == {"appId":10000,"clientType":2,"command":1103,"data":{"toId":"lld5","clientType":1,"messageBody":"hhh","appId":10000,"imei":"500","messageId":"e7dca93d-c342-4eda-aed9-c6332caa5751","fromId":"lld2"},"imei":"123456","toId":"lld2"}
2025-04-01 14:28:01 -send message == {"appId":10000,"clientType":1,"command":1103,"data":{"toId":"lld5","clientType":1,"messageBody":"hhh","appId":10000,"imei":"500","messageId":"e7dca93d-c342-4eda-aed9-c6332caa5751","fromId":"lld2"},"imei":"400","toId":"lld5"}
2025-04-01 14:28:01 -CHAT MSG FORM QUEUE ::: {"toId":"lld2","clientType":1,"appId":10000,"messageId":"e7dca93d-c342-4eda-aed9-c6332caa5751","imei":"400","fromId":"lld5","command":1107}
2025-04-01 14:28:01 -CHAT MSG FORM QUEUE ::: {"toId":"lld2","conversationType":0,"clientType":1,"appId":10000,"imei":"400","fromId":"lld5","command":1106}
2025-04-01 14:29:17 -Waiting for workers to finish.
2025-04-01 14:29:18 -Successfully waited for workers to finish.
2025-04-01 14:29:18 -Shutdown ignored - container is not active already
2025-04-01 14:29:18 -Shutting down ExecutorService 'applicationTaskExecutor'
2025-04-01 14:29:23 -HikariPool-1 - Shutdown initiated...
2025-04-01 14:29:23 -HikariPool-1 - Shutdown completed.
2025-04-01 14:29:27 -Starting ServiceApplication on LAPTOP-7HT4VH9K with PID 24964 (D:\Java\ImSystem\im-system\service\target\classes started by 33175 in D:\Java\ImSystem)
2025-04-01 14:29:27 -The following profiles are active: dev
2025-04-01 14:29:27 -Multiple Spring Data modules found, entering strict repository configuration mode!
2025-04-01 14:29:27 -Bootstrapping Spring Data Redis repositories in DEFAULT mode.
2025-04-01 14:29:27 -Finished Spring Data repository scanning in 11ms. Found 0 Redis repository interfaces.
2025-04-01 14:29:28 -Tomcat initialized with port(s): 8000 (http)
2025-04-01 14:29:28 -Initializing ProtocolHandler ["http-nio-8000"]
2025-04-01 14:29:28 -Starting service [Tomcat]
2025-04-01 14:29:28 -Starting Servlet engine: [Apache Tomcat/9.0.37]
2025-04-01 14:29:28 -Initializing Spring embedded WebApplicationContext
2025-04-01 14:29:28 -Root WebApplicationContext: initialization completed in 830 ms
2025-04-01 14:29:29 -Initializing ExecutorService 'applicationTaskExecutor'
2025-04-01 14:29:29 -Starting ProtocolHandler ["http-nio-8000"]
2025-04-01 14:29:29 -Tomcat started on port(s): 8000 (http) with context path ''
2025-04-01 14:29:29 -Attempting to connect to: [192.168.88.130:5672]
2025-04-01 14:29:29 -Created new connection: rabbitConnectionFactory#7b122839:0/SimpleConnection@4fc165f6 [delegate=amqp://root@192.168.88.130:5672/, localPort= 51387]
2025-04-01 14:29:29 -Started ServiceApplication in 2.593 seconds (JVM running for 3.166)
2025-04-01 14:30:47 -CHAT MSG FORM QUEUE ::: {"toId":"lld5","clientType":1,"messageBody":"123","appId":10000,"messageId":"93e24ecd-4642-4aaf-86cd-f877bc813eb7","imei":"500","fromId":"lld2","command":1103}
2025-04-01 14:30:47 -HikariPool-1 - Starting...
2025-04-01 14:30:47 -HikariPool-1 - Start completed.
2025-04-01 14:30:47 -msg ack,msgId=93e24ecd-4642-4aaf-86cd-f877bc813eb7,checkResult200
2025-04-01 14:30:48 -send message == {"appId":10000,"clientType":1,"command":1046,"data":{"msg":"success","code":200,"data":{"messageId":"93e24ecd-4642-4aaf-86cd-f877bc813eb7"},"ok":true},"imei":"500","toId":"lld2"}
2025-04-01 14:30:48 -send message == {"appId":10000,"clientType":1,"command":1103,"data":{"toId":"lld5","clientType":1,"messageBody":"123","appId":10000,"imei":"500","messageId":"93e24ecd-4642-4aaf-86cd-f877bc813eb7","fromId":"lld2"},"imei":"123","toId":"lld2"}
2025-04-01 14:30:48 -send message == {"appId":10000,"clientType":2,"command":1103,"data":{"toId":"lld5","clientType":1,"messageBody":"123","appId":10000,"imei":"500","messageId":"93e24ecd-4642-4aaf-86cd-f877bc813eb7","fromId":"lld2"},"imei":"123456","toId":"lld2"}
2025-04-01 14:30:48 -send message == {"appId":10000,"clientType":1,"command":1103,"data":{"toId":"lld5","clientType":1,"messageBody":"123","appId":10000,"imei":"500","messageId":"93e24ecd-4642-4aaf-86cd-f877bc813eb7","fromId":"lld2"},"imei":"400","toId":"lld5"}
2025-04-01 14:30:48 -CHAT MSG FORM QUEUE ::: {"toId":"lld2","clientType":1,"appId":10000,"messageId":"93e24ecd-4642-4aaf-86cd-f877bc813eb7","imei":"400","fromId":"lld5","command":1107}
2025-04-01 14:30:48 -CHAT MSG FORM QUEUE ::: {"toId":"lld2","conversationType":0,"clientType":1,"appId":10000,"imei":"400","fromId":"lld5","command":1106}
2025-04-01 14:31:15 -Waiting for workers to finish.
2025-04-01 14:31:16 -Successfully waited for workers to finish.
2025-04-01 14:31:16 -Shutdown ignored - container is not active already
2025-04-01 14:31:16 -Shutting down ExecutorService 'applicationTaskExecutor'
2025-04-01 14:31:21 -HikariPool-1 - Shutdown initiated...
2025-04-01 14:31:21 -HikariPool-1 - Shutdown completed.
2025-04-01 14:33:43 -Starting ServiceApplication on LAPTOP-7HT4VH9K with PID 13552 (D:\Java\ImSystem\im-system\service\target\classes started by 33175 in D:\Java\ImSystem)
2025-04-01 14:33:43 -The following profiles are active: dev
2025-04-01 14:33:43 -Multiple Spring Data modules found, entering strict repository configuration mode!
2025-04-01 14:33:43 -Bootstrapping Spring Data Redis repositories in DEFAULT mode.
2025-04-01 14:33:43 -Finished Spring Data repository scanning in 10ms. Found 0 Redis repository interfaces.
2025-04-01 14:33:44 -Tomcat initialized with port(s): 8000 (http)
2025-04-01 14:33:44 -Initializing ProtocolHandler ["http-nio-8000"]
2025-04-01 14:33:44 -Starting service [Tomcat]
2025-04-01 14:33:44 -Starting Servlet engine: [Apache Tomcat/9.0.37]
2025-04-01 14:33:44 -Initializing Spring embedded WebApplicationContext
2025-04-01 14:33:44 -Root WebApplicationContext: initialization completed in 767 ms
2025-04-01 14:33:45 -Initializing ExecutorService 'applicationTaskExecutor'
2025-04-01 14:33:45 -Starting ProtocolHandler ["http-nio-8000"]
2025-04-01 14:33:45 -Tomcat started on port(s): 8000 (http) with context path ''
2025-04-01 14:33:45 -Attempting to connect to: [192.168.88.130:5672]
2025-04-01 14:33:45 -Created new connection: rabbitConnectionFactory#2cc75074:0/SimpleConnection@19fd43da [delegate=amqp://root@192.168.88.130:5672/, localPort= 51772]
2025-04-01 14:33:45 -Started ServiceApplication in 2.725 seconds (JVM running for 3.283)
2025-04-01 14:34:52 -CHAT MSG FORM QUEUE ::: {"toId":"lld5","clientType":1,"messageBody":"123","appId":10000,"messageId":"1591fa9e-9dd2-4397-85f3-1e942cd26c17","imei":"500","fromId":"lld2","command":1103}
2025-04-01 14:35:14 -HikariPool-1 - Starting...
2025-04-01 14:35:14 -HikariPool-1 - Start completed.
2025-04-01 14:35:50 -msg ack,msgId=1591fa9e-9dd2-4397-85f3-1e942cd26c17,checkResult200
2025-04-01 14:35:51 -send message == {"appId":10000,"clientType":1,"command":1046,"data":{"msg":"success","code":200,"data":{"messageId":"1591fa9e-9dd2-4397-85f3-1e942cd26c17"},"ok":true},"imei":"500","toId":"lld2"}
2025-04-01 14:35:51 -send message == {"appId":10000,"clientType":1,"command":1103,"data":{"toId":"lld5","clientType":1,"messageBody":"123","appId":10000,"imei":"500","messageId":"1591fa9e-9dd2-4397-85f3-1e942cd26c17","fromId":"lld2"},"imei":"123","toId":"lld2"}
2025-04-01 14:35:51 -send message == {"appId":10000,"clientType":2,"command":1103,"data":{"toId":"lld5","clientType":1,"messageBody":"123","appId":10000,"imei":"500","messageId":"1591fa9e-9dd2-4397-85f3-1e942cd26c17","fromId":"lld2"},"imei":"123456","toId":"lld2"}
2025-04-01 14:35:51 -send message == {"appId":10000,"clientType":1,"command":1103,"data":{"toId":"lld5","clientType":1,"messageBody":"123","appId":10000,"imei":"500","messageId":"1591fa9e-9dd2-4397-85f3-1e942cd26c17","fromId":"lld2"},"imei":"400","toId":"lld5"}
2025-04-01 14:35:51 -Waiting for workers to finish.
2025-04-01 14:35:52 -Successfully waited for workers to finish.
2025-04-01 14:35:52 -Shutdown ignored - container is not active already
2025-04-01 14:35:52 -Shutting down ExecutorService 'applicationTaskExecutor'
2025-04-01 14:35:57 -HikariPool-1 - Shutdown initiated...
2025-04-01 14:35:57 -HikariPool-1 - Shutdown completed.
2025-04-01 14:36:01 -Starting ServiceApplication on LAPTOP-7HT4VH9K with PID 17708 (D:\Java\ImSystem\im-system\service\target\classes started by 33175 in D:\Java\ImSystem)
2025-04-01 14:36:01 -The following profiles are active: dev
2025-04-01 14:36:02 -Multiple Spring Data modules found, entering strict repository configuration mode!
2025-04-01 14:36:02 -Bootstrapping Spring Data Redis repositories in DEFAULT mode.
2025-04-01 14:36:02 -Finished Spring Data repository scanning in 10ms. Found 0 Redis repository interfaces.
2025-04-01 14:36:02 -Tomcat initialized with port(s): 8000 (http)
2025-04-01 14:36:02 -Initializing ProtocolHandler ["http-nio-8000"]
2025-04-01 14:36:02 -Starting service [Tomcat]
2025-04-01 14:36:02 -Starting Servlet engine: [Apache Tomcat/9.0.37]
2025-04-01 14:36:02 -Initializing Spring embedded WebApplicationContext
2025-04-01 14:36:02 -Root WebApplicationContext: initialization completed in 934 ms
2025-04-01 14:36:04 -Initializing ExecutorService 'applicationTaskExecutor'
2025-04-01 14:36:04 -Starting ProtocolHandler ["http-nio-8000"]
2025-04-01 14:36:04 -Tomcat started on port(s): 8000 (http) with context path ''
2025-04-01 14:36:04 -Attempting to connect to: [192.168.88.130:5672]
2025-04-01 14:36:04 -Created new connection: rabbitConnectionFactory#7b122839:0/SimpleConnection@4fc165f6 [delegate=amqp://root@192.168.88.130:5672/, localPort= 52060]
2025-04-01 14:36:04 -Started ServiceApplication in 2.845 seconds (JVM running for 3.421)
2025-04-01 14:36:51 -CHAT MSG FORM QUEUE ::: {"toId":"lld5","clientType":1,"messageBody":"123","appId":10000,"messageId":"a39de076-6686-4f85-85b9-9fa6359be5eb","imei":"500","fromId":"lld2","command":1103}
2025-04-01 14:37:02 -HikariPool-1 - Starting...
2025-04-01 14:37:02 -HikariPool-1 - Start completed.
2025-04-01 14:37:19 -msg ack,msgId=a39de076-6686-4f85-85b9-9fa6359be5eb,checkResult200
2025-04-01 14:37:20 -send message == {"appId":10000,"clientType":1,"command":1046,"data":{"msg":"success","code":200,"data":{"messageId":"a39de076-6686-4f85-85b9-9fa6359be5eb"},"ok":true},"imei":"500","toId":"lld2"}
2025-04-01 14:37:20 -send message == {"appId":10000,"clientType":1,"command":1103,"data":{"toId":"lld5","clientType":1,"messageBody":"123","appId":10000,"imei":"500","messageId":"a39de076-6686-4f85-85b9-9fa6359be5eb","fromId":"lld2"},"imei":"123","toId":"lld2"}
2025-04-01 14:37:20 -send message == {"appId":10000,"clientType":2,"command":1103,"data":{"toId":"lld5","clientType":1,"messageBody":"123","appId":10000,"imei":"500","messageId":"a39de076-6686-4f85-85b9-9fa6359be5eb","fromId":"lld2"},"imei":"123456","toId":"lld2"}
2025-04-01 14:37:20 -send message == {"appId":10000,"clientType":1,"command":1103,"data":{"toId":"lld5","clientType":1,"messageBody":"123","appId":10000,"imei":"500","messageId":"a39de076-6686-4f85-85b9-9fa6359be5eb","fromId":"lld2"},"imei":"400","toId":"lld5"}
2025-04-01 14:37:20 -Waiting for workers to finish.
2025-04-01 14:37:21 -Successfully waited for workers to finish.
2025-04-01 14:37:21 -Shutdown ignored - container is not active already
2025-04-01 14:37:21 -Shutting down ExecutorService 'applicationTaskExecutor'
2025-04-01 14:37:26 -HikariPool-1 - Shutdown initiated...
2025-04-01 14:37:26 -HikariPool-1 - Shutdown completed.
2025-04-01 14:37:57 -Starting ServiceApplication on LAPTOP-7HT4VH9K with PID 32384 (D:\Java\ImSystem\im-system\service\target\classes started by 33175 in D:\Java\ImSystem)
2025-04-01 14:37:57 -The following profiles are active: dev
2025-04-01 14:37:57 -Multiple Spring Data modules found, entering strict repository configuration mode!
2025-04-01 14:37:57 -Bootstrapping Spring Data Redis repositories in DEFAULT mode.
2025-04-01 14:37:57 -Finished Spring Data repository scanning in 10ms. Found 0 Redis repository interfaces.
2025-04-01 14:37:58 -Tomcat initialized with port(s): 8000 (http)
2025-04-01 14:37:58 -Initializing ProtocolHandler ["http-nio-8000"]
2025-04-01 14:37:58 -Starting service [Tomcat]
2025-04-01 14:37:58 -Starting Servlet engine: [Apache Tomcat/9.0.37]
2025-04-01 14:37:58 -Initializing Spring embedded WebApplicationContext
2025-04-01 14:37:58 -Root WebApplicationContext: initialization completed in 852 ms
2025-04-01 14:37:59 -Initializing ExecutorService 'applicationTaskExecutor'
2025-04-01 14:37:59 -Starting ProtocolHandler ["http-nio-8000"]
2025-04-01 14:37:59 -Tomcat started on port(s): 8000 (http) with context path ''
2025-04-01 14:37:59 -Attempting to connect to: [192.168.88.130:5672]
2025-04-01 14:37:59 -Created new connection: rabbitConnectionFactory#1645f294:0/SimpleConnection@2e5e6fc4 [delegate=amqp://root@192.168.88.130:5672/, localPort= 52332]
2025-04-01 14:37:59 -Started ServiceApplication in 2.675 seconds (JVM running for 3.257)
2025-04-01 14:38:55 -CHAT MSG FORM QUEUE ::: {"toId":"lld5","clientType":1,"messageBody":"123","appId":10000,"messageId":"50c7ceeb-4188-4648-959a-d3a42ed63db5","imei":"500","fromId":"lld2","command":1103}
2025-04-01 14:39:04 -HikariPool-1 - Starting...
2025-04-01 14:39:04 -HikariPool-1 - Start completed.
2025-04-01 14:39:56 -msg ack,msgId=50c7ceeb-4188-4648-959a-d3a42ed63db5,checkResult200
2025-04-01 14:39:56 -Waiting for workers to finish.
2025-04-01 14:39:56 -send message == {"appId":10000,"clientType":1,"command":1046,"data":{"msg":"success","code":200,"data":{"messageId":"50c7ceeb-4188-4648-959a-d3a42ed63db5"},"ok":true},"imei":"500","toId":"lld2"}
2025-04-01 14:39:56 -send message == {"appId":10000,"clientType":1,"command":1103,"data":{"toId":"lld5","clientType":1,"messageBody":"123","appId":10000,"imei":"500","messageId":"50c7ceeb-4188-4648-959a-d3a42ed63db5","fromId":"lld2"},"imei":"123","toId":"lld2"}
2025-04-01 14:39:56 -send message == {"appId":10000,"clientType":2,"command":1103,"data":{"toId":"lld5","clientType":1,"messageBody":"123","appId":10000,"imei":"500","messageId":"50c7ceeb-4188-4648-959a-d3a42ed63db5","fromId":"lld2"},"imei":"123456","toId":"lld2"}
2025-04-01 14:39:56 -send message == {"appId":10000,"clientType":1,"command":1103,"data":{"toId":"lld5","clientType":1,"messageBody":"123","appId":10000,"imei":"500","messageId":"50c7ceeb-4188-4648-959a-d3a42ed63db5","fromId":"lld2"},"imei":"400","toId":"lld5"}
2025-04-01 14:39:56 -Successfully waited for workers to finish.
2025-04-01 14:39:56 -Shutdown ignored - container is not active already
2025-04-01 14:39:56 -Shutting down ExecutorService 'applicationTaskExecutor'
2025-04-01 14:40:01 -HikariPool-1 - Shutdown initiated...
2025-04-01 14:40:01 -HikariPool-1 - Shutdown completed.
2025-04-01 14:40:24 -Starting ServiceApplication on LAPTOP-7HT4VH9K with PID 17920 (D:\Java\ImSystem\im-system\service\target\classes started by 33175 in D:\Java\ImSystem)
2025-04-01 14:40:24 -The following profiles are active: dev
2025-04-01 14:40:24 -Multiple Spring Data modules found, entering strict repository configuration mode!
2025-04-01 14:40:24 -Bootstrapping Spring Data Redis repositories in DEFAULT mode.
2025-04-01 14:40:24 -Finished Spring Data repository scanning in 9ms. Found 0 Redis repository interfaces.
2025-04-01 14:40:25 -Tomcat initialized with port(s): 8000 (http)
2025-04-01 14:40:25 -Initializing ProtocolHandler ["http-nio-8000"]
2025-04-01 14:40:25 -Starting service [Tomcat]
2025-04-01 14:40:25 -Starting Servlet engine: [Apache Tomcat/9.0.37]
2025-04-01 14:40:25 -Initializing Spring embedded WebApplicationContext
2025-04-01 14:40:25 -Root WebApplicationContext: initialization completed in 706 ms
2025-04-01 14:40:26 -Initializing ExecutorService 'applicationTaskExecutor'
2025-04-01 14:40:26 -Starting ProtocolHandler ["http-nio-8000"]
2025-04-01 14:40:26 -Tomcat started on port(s): 8000 (http) with context path ''
2025-04-01 14:40:26 -Attempting to connect to: [192.168.88.130:5672]
2025-04-01 14:40:26 -Created new connection: rabbitConnectionFactory#58434b19:0/SimpleConnection@41b64020 [delegate=amqp://root@192.168.88.130:5672/, localPort= 52745]
2025-04-01 14:40:26 -Started ServiceApplication in 2.507 seconds (JVM running for 3.109)
2025-04-01 14:41:04 -CHAT MSG FORM QUEUE ::: {"toId":"lld5","clientType":1,"messageBody":"123","appId":10000,"messageId":"b2a7d244-a89a-4f15-8b6f-84afe5a97c2b","imei":"500","fromId":"lld2","command":1103}
2025-04-01 14:41:04 -HikariPool-1 - Starting...
2025-04-01 14:41:04 -HikariPool-1 - Start completed.
2025-04-01 14:41:04 -msg ack,msgId=b2a7d244-a89a-4f15-8b6f-84afe5a97c2b,checkResult30008
2025-04-01 14:41:05 -send message == {"appId":10000,"clientType":1,"command":1046,"data":{"msg":"关系链记录不存在","code":30008,"data":{"messageId":"b2a7d244-a89a-4f15-8b6f-84afe5a97c2b"},"ok":false},"imei":"500","toId":"lld2"}
2025-04-01 14:41:48 -Waiting for workers to finish.
2025-04-01 14:41:49 -Successfully waited for workers to finish.
2025-04-01 14:41:49 -Shutdown ignored - container is not active already
2025-04-01 14:41:49 -Shutting down ExecutorService 'applicationTaskExecutor'
2025-04-01 14:41:54 -HikariPool-1 - Shutdown initiated...
2025-04-01 14:41:54 -HikariPool-1 - Shutdown completed.
2025-04-01 18:58:32 -Starting ServiceApplication on LAPTOP-7HT4VH9K with PID 20736 (D:\Java\ImSystem\im-system\service\target\classes started by 33175 in D:\Java\ImSystem)
2025-04-01 18:58:32 -The following profiles are active: dev
2025-04-01 18:58:32 -Multiple Spring Data modules found, entering strict repository configuration mode!
2025-04-01 18:58:32 -Bootstrapping Spring Data Redis repositories in DEFAULT mode.
2025-04-01 18:58:32 -Finished Spring Data repository scanning in 13ms. Found 0 Redis repository interfaces.
2025-04-01 18:58:33 -Tomcat initialized with port(s): 8000 (http)
2025-04-01 18:58:33 -Initializing ProtocolHandler ["http-nio-8000"]
2025-04-01 18:58:33 -Starting service [Tomcat]
2025-04-01 18:58:33 -Starting Servlet engine: [Apache Tomcat/9.0.37]
2025-04-01 18:58:33 -Initializing Spring embedded WebApplicationContext
2025-04-01 18:58:33 -Root WebApplicationContext: initialization completed in 959 ms
2025-04-01 18:58:34 -Initializing ExecutorService 'applicationTaskExecutor'
2025-04-01 18:58:34 -Starting ProtocolHandler ["http-nio-8000"]
2025-04-01 18:58:34 -Tomcat started on port(s): 8000 (http) with context path ''
2025-04-01 18:58:34 -Attempting to connect to: [192.168.88.130:5672]
2025-04-01 18:58:34 -Created new connection: rabbitConnectionFactory#5c5d6175:0/SimpleConnection@5974b233 [delegate=amqp://root@192.168.88.130:5672/, localPort= 57658]
2025-04-01 18:58:35 -Started ServiceApplication in 3.168 seconds (JVM running for 3.743)
2025-04-01 19:03:29 -CHAT MSG FORM QUEUE ::: {"clientType":1,"messageBody":"123123","groupId":"123123","appId":10000,"messageId":"f5b678b2-3bf1-42ae-9881-3c573720ba8a","imei":"10000","fromId":"lld1","command":2104}
2025-04-01 19:03:48 -Waiting for workers to finish.
2025-04-01 19:03:49 -Successfully waited for workers to finish.
2025-04-01 19:03:49 -Waiting for workers to finish.
2025-04-01 19:03:49 -Successfully waited for workers to finish.
2025-04-01 19:03:49 -Shutdown ignored - container is not active already
2025-04-01 19:03:49 -Shutdown ignored - container is not active already
2025-04-01 19:03:49 -Shutting down ExecutorService 'applicationTaskExecutor'
2025-04-01 19:06:25 -Starting ServiceApplication on LAPTOP-7HT4VH9K with PID 35728 (D:\Java\ImSystem\im-system\service\target\classes started by 33175 in D:\Java\ImSystem)
2025-04-01 19:06:25 -The following profiles are active: dev
2025-04-01 19:06:25 -Multiple Spring Data modules found, entering strict repository configuration mode!
2025-04-01 19:06:25 -Bootstrapping Spring Data Redis repositories in DEFAULT mode.
2025-04-01 19:06:25 -Finished Spring Data repository scanning in 10ms. Found 0 Redis repository interfaces.
2025-04-01 19:06:25 -Tomcat initialized with port(s): 8000 (http)
2025-04-01 19:06:25 -Initializing ProtocolHandler ["http-nio-8000"]
2025-04-01 19:06:25 -Starting service [Tomcat]
2025-04-01 19:06:25 -Starting Servlet engine: [Apache Tomcat/9.0.37]
2025-04-01 19:06:26 -Initializing Spring embedded WebApplicationContext
2025-04-01 19:06:26 -Root WebApplicationContext: initialization completed in 858 ms
2025-04-01 19:06:27 -Initializing ExecutorService 'applicationTaskExecutor'
2025-04-01 19:06:27 -Starting ProtocolHandler ["http-nio-8000"]
2025-04-01 19:06:27 -Tomcat started on port(s): 8000 (http) with context path ''
2025-04-01 19:06:27 -Attempting to connect to: [192.168.88.130:5672]
2025-04-01 19:06:27 -Created new connection: rabbitConnectionFactory#79a04e5f:0/SimpleConnection@606a1bc4 [delegate=amqp://root@192.168.88.130:5672/, localPort= 62713]
2025-04-01 19:06:27 -Started ServiceApplication in 2.935 seconds (JVM running for 3.531)
2025-04-01 19:07:57 -CHAT MSG FORM QUEUE ::: {"clientType":1,"messageBody":"123123","groupId":"123123","appId":10000,"messageId":"6d7356f5-ea4a-4d42-b0fe-2ab28c9601fc","imei":"10000","fromId":"lld1","command":2104}
2025-04-01 19:08:14 -Waiting for workers to finish.
2025-04-01 19:08:15 -Successfully waited for workers to finish.
2025-04-01 19:08:15 -Waiting for workers to finish.
2025-04-01 19:08:16 -Successfully waited for workers to finish.
2025-04-01 19:08:16 -Shutdown ignored - container is not active already
2025-04-01 19:08:16 -Shutdown ignored - container is not active already
2025-04-01 19:08:16 -Shutting down ExecutorService 'applicationTaskExecutor'
2025-04-01 19:26:40 -Starting ServiceApplication on LAPTOP-7HT4VH9K with PID 36960 (D:\Java\ImSystem\im-system\service\target\classes started by 33175 in D:\Java\ImSystem)
2025-04-01 19:26:40 -The following profiles are active: dev
2025-04-01 19:26:41 -Multiple Spring Data modules found, entering strict repository configuration mode!
2025-04-01 19:26:41 -Bootstrapping Spring Data Redis repositories in DEFAULT mode.
2025-04-01 19:26:41 -Finished Spring Data repository scanning in 10ms. Found 0 Redis repository interfaces.
2025-04-01 19:26:41 -Tomcat initialized with port(s): 8000 (http)
2025-04-01 19:26:41 -Initializing ProtocolHandler ["http-nio-8000"]
2025-04-01 19:26:41 -Starting service [Tomcat]
2025-04-01 19:26:41 -Starting Servlet engine: [Apache Tomcat/9.0.37]
2025-04-01 19:26:41 -Initializing Spring embedded WebApplicationContext
2025-04-01 19:26:41 -Root WebApplicationContext: initialization completed in 802 ms
2025-04-01 19:26:43 -Initializing ExecutorService 'applicationTaskExecutor'
2025-04-01 19:26:43 -Starting ProtocolHandler ["http-nio-8000"]
2025-04-01 19:26:43 -Tomcat started on port(s): 8000 (http) with context path ''
2025-04-01 19:26:43 -Attempting to connect to: [192.168.88.130:5672]
2025-04-01 19:26:43 -Created new connection: rabbitConnectionFactory#188ac8a3:0/SimpleConnection@2251b3bc [delegate=amqp://root@192.168.88.130:5672/, localPort= 63837]
2025-04-01 19:26:43 -Started ServiceApplication in 3.108 seconds (JVM running for 3.612)
2025-04-01 19:27:52 -CHAT MSG FORM QUEUE ::: {"clientType":1,"messageBody":"123123","groupId":"123123","appId":10000,"messageId":"9088b88a-5761-4826-9f0e-139ba79f7f77","imei":"10000","fromId":"lld1","command":2104}
2025-04-01 19:27:52 -HikariPool-1 - Starting...
2025-04-01 19:27:52 -HikariPool-1 - Start completed.
2025-04-01 19:27:54 -send message == {"appId":10000,"clientType":1,"command":2104,"data":{"msg":"该群禁止发言","code":40012,"data":{"messageId":"9088b88a-5761-4826-9f0e-139ba79f7f77"},"ok":false},"imei":"10000","toId":"lld1"}
2025-04-01 19:27:54 -CHAT MSG FORM QUEUE ::: {"conversationType":1,"clientType":1,"appId":10000,"imei":"10000","fromId":"lld1","command":2106}
2025-04-01 19:29:52 -Waiting for workers to finish.
2025-04-01 19:29:53 -Successfully waited for workers to finish.
2025-04-01 19:29:53 -Waiting for workers to finish.
2025-04-01 19:29:54 -Successfully waited for workers to finish.
2025-04-01 19:29:54 -Shutdown ignored - container is not active already
2025-04-01 19:29:54 -Shutdown ignored - container is not active already
2025-04-01 19:29:54 -Shutting down ExecutorService 'applicationTaskExecutor'
2025-04-01 19:29:59 -HikariPool-1 - Shutdown initiated...
2025-04-01 19:29:59 -HikariPool-1 - Shutdown completed.
2025-04-01 19:30:07 -Starting ServiceApplication on LAPTOP-7HT4VH9K with PID 14304 (D:\Java\ImSystem\im-system\service\target\classes started by 33175 in D:\Java\ImSystem)
2025-04-01 19:30:07 -The following profiles are active: dev
2025-04-01 19:30:07 -Multiple Spring Data modules found, entering strict repository configuration mode!
2025-04-01 19:30:07 -Bootstrapping Spring Data Redis repositories in DEFAULT mode.
2025-04-01 19:30:07 -Finished Spring Data repository scanning in 13ms. Found 0 Redis repository interfaces.
2025-04-01 19:30:08 -Tomcat initialized with port(s): 8000 (http)
2025-04-01 19:30:08 -Initializing ProtocolHandler ["http-nio-8000"]
2025-04-01 19:30:08 -Starting service [Tomcat]
2025-04-01 19:30:08 -Starting Servlet engine: [Apache Tomcat/9.0.37]
2025-04-01 19:30:08 -Initializing Spring embedded WebApplicationContext
2025-04-01 19:30:08 -Root WebApplicationContext: initialization completed in 1059 ms
2025-04-01 19:30:09 -Initializing ExecutorService 'applicationTaskExecutor'
2025-04-01 19:30:10 -Starting ProtocolHandler ["http-nio-8000"]
2025-04-01 19:30:10 -Tomcat started on port(s): 8000 (http) with context path ''
2025-04-01 19:30:10 -Attempting to connect to: [192.168.88.130:5672]
2025-04-01 19:30:10 -Created new connection: rabbitConnectionFactory#6cbd0674:0/SimpleConnection@715a70e9 [delegate=amqp://root@192.168.88.130:5672/, localPort= 64067]
2025-04-01 19:30:10 -Started ServiceApplication in 3.169 seconds (JVM running for 3.721)
2025-04-01 19:30:16 -CHAT MSG FORM QUEUE ::: {"clientType":1,"messageBody":"123123","groupId":"123123","appId":10000,"messageId":"3757cb11-f071-4a8b-b26a-5ce6a2fbeb4d","imei":"10000","fromId":"lld1","command":2104}
2025-04-01 19:30:17 -HikariPool-1 - Starting...
2025-04-01 19:30:17 -HikariPool-1 - Start completed.
2025-04-01 19:30:17 -send message == {"appId":10000,"clientType":1,"command":2104,"data":{"msg":"success","code":200,"data":{"messageId":"3757cb11-f071-4a8b-b26a-5ce6a2fbeb4d"},"ok":true},"imei":"10000","toId":"lld1"}
2025-04-01 19:30:17 -CHAT MSG FORM QUEUE ::: {"conversationType":1,"clientType":1,"appId":10000,"imei":"10000","fromId":"lld1","command":2106}
2025-04-01 19:31:33 -Waiting for workers to finish.
2025-04-01 19:31:34 -Successfully waited for workers to finish.
2025-04-01 19:31:34 -Waiting for workers to finish.
2025-04-01 19:31:34 -Successfully waited for workers to finish.
2025-04-01 19:31:34 -Shutdown ignored - container is not active already
2025-04-01 19:31:34 -Shutdown ignored - container is not active already
2025-04-01 19:31:34 -Shutting down ExecutorService 'applicationTaskExecutor'
2025-04-01 19:31:39 -HikariPool-1 - Shutdown initiated...
2025-04-01 19:31:39 -HikariPool-1 - Shutdown completed.
2025-04-01 19:31:50 -Starting ServiceApplication on LAPTOP-7HT4VH9K with PID 37632 (D:\Java\ImSystem\im-system\service\target\classes started by 33175 in D:\Java\ImSystem)
2025-04-01 19:31:50 -The following profiles are active: dev
2025-04-01 19:31:51 -Multiple Spring Data modules found, entering strict repository configuration mode!
2025-04-01 19:31:51 -Bootstrapping Spring Data Redis repositories in DEFAULT mode.
2025-04-01 19:31:51 -Finished Spring Data repository scanning in 15ms. Found 0 Redis repository interfaces.
2025-04-01 19:31:51 -Tomcat initialized with port(s): 8000 (http)
2025-04-01 19:31:51 -Initializing ProtocolHandler ["http-nio-8000"]
2025-04-01 19:31:51 -Starting service [Tomcat]
2025-04-01 19:31:51 -Starting Servlet engine: [Apache Tomcat/9.0.37]
2025-04-01 19:31:51 -Initializing Spring embedded WebApplicationContext
2025-04-01 19:31:51 -Root WebApplicationContext: initialization completed in 928 ms
2025-04-01 19:31:53 -Initializing ExecutorService 'applicationTaskExecutor'
2025-04-01 19:31:53 -Starting ProtocolHandler ["http-nio-8000"]
2025-04-01 19:31:53 -Tomcat started on port(s): 8000 (http) with context path ''
2025-04-01 19:31:53 -Attempting to connect to: [192.168.88.130:5672]
2025-04-01 19:31:53 -Created new connection: rabbitConnectionFactory#15c4af7a:0/SimpleConnection@6eb089e6 [delegate=amqp://root@192.168.88.130:5672/, localPort= 64313]
2025-04-01 19:31:53 -Started ServiceApplication in 2.985 seconds (JVM running for 3.62)
2025-04-01 19:32:05 -CHAT MSG FORM QUEUE ::: {"clientType":1,"messageBody":"121212","groupId":"123123","appId":10000,"messageId":"6e9781b8-3aa7-429f-96d3-7c762afe04e1","imei":"10000","fromId":"lld1","command":2104}
2025-04-01 19:32:05 -HikariPool-1 - Starting...
2025-04-01 19:32:06 -HikariPool-1 - Start completed.
2025-04-01 19:32:06 -send message == {"appId":10000,"clientType":1,"command":2104,"data":{"msg":"success","code":200,"data":{"messageId":"6e9781b8-3aa7-429f-96d3-7c762afe04e1"},"ok":true},"imei":"10000","toId":"lld1"}
2025-04-01 19:32:06 -send message == {"appId":10000,"clientType":1,"command":2104,"data":{"clientType":1,"messageBody":"121212","appId":10000,"groupId":"123123","imei":"10000","messageId":"6e9781b8-3aa7-429f-96d3-7c762afe04e1","fromId":"lld1"},"imei":"10001","toId":"lld3"}
2025-04-01 19:32:06 -CHAT MSG FORM QUEUE ::: {"conversationType":1,"clientType":1,"appId":10000,"imei":"10000","fromId":"lld1","command":2106}
2025-04-01 19:32:06 -CHAT MSG FORM QUEUE ::: {"toId":"lld1","conversationType":1,"clientType":1,"groupId":"123123","appId":10000,"imei":"10001","fromId":"lld3","command":2106}
2025-04-01 19:33:19 -CHAT MSG FORM QUEUE ::: {"clientType":1,"messageBody":"12122222","groupId":"123123","appId":10000,"messageId":"d8a980f3-dfac-4d2e-8cf0-b634d5887b51","imei":"10002","fromId":"lld2","command":2104}
2025-04-01 19:33:19 -send message == {"appId":10000,"clientType":1,"command":2104,"data":{"msg":"该用户不在群内","code":40006,"data":{"messageId":"d8a980f3-dfac-4d2e-8cf0-b634d5887b51"},"ok":false},"imei":"10002","toId":"lld2"}
2025-04-01 19:33:19 -CHAT MSG FORM QUEUE ::: {"conversationType":1,"clientType":1,"appId":10000,"imei":"10002","fromId":"lld2","command":2106}
2025-04-01 19:34:18 -Waiting for workers to finish.
2025-04-01 19:34:18 -Successfully waited for workers to finish.
2025-04-01 19:34:18 -Waiting for workers to finish.
2025-04-01 19:34:19 -Successfully waited for workers to finish.
2025-04-01 19:34:19 -Shutdown ignored - container is not active already
2025-04-01 19:34:19 -Shutdown ignored - container is not active already
2025-04-01 19:34:19 -Shutting down ExecutorService 'applicationTaskExecutor'
2025-04-01 19:34:24 -HikariPool-1 - Shutdown initiated...
2025-04-01 19:34:24 -HikariPool-1 - Shutdown completed.
