2025-03-03 13:39:54 -Starting ServiceApplication on LAPTOP-7HT4VH9K with PID 2228 (D:\Java\ImSystem\im-system\service\target\classes started by 33175 in D:\Java\ImSystem)
2025-03-03 13:39:54 -The following profiles are active: dev
2025-03-03 13:39:54 -Multiple Spring Data modules found, entering strict repository configuration mode!
2025-03-03 13:39:54 -Bootstrapping Spring Data Redis repositories in DEFAULT mode.
2025-03-03 13:39:54 -Finished Spring Data repository scanning in 6ms. Found 0 Redis repository interfaces.
2025-03-03 13:39:55 -Tomcat initialized with port(s): 8000 (http)
2025-03-03 13:39:55 -Initializing ProtocolHandler ["http-nio-8000"]
2025-03-03 13:39:55 -Starting service [Tomcat]
2025-03-03 13:39:55 -Starting Servlet engine: [Apache Tomcat/9.0.37]
2025-03-03 13:39:55 -Initializing Spring embedded WebApplicationContext
2025-03-03 13:39:55 -Root WebApplicationContext: initialization completed in 904 ms
2025-03-03 13:39:55 -Initializing ExecutorService 'applicationTaskExecutor'
2025-03-03 13:39:56 -Starting ProtocolHandler ["http-nio-8000"]
2025-03-03 13:39:56 -Tomcat started on port(s): 8000 (http) with context path ''
2025-03-03 13:39:56 -Started ServiceApplication in 2.226 seconds (JVM running for 2.64)
2025-03-03 13:39:59 -Initializing Spring DispatcherServlet 'dispatcherServlet'
2025-03-03 13:39:59 -Initializing Servlet 'dispatcherServlet'
2025-03-03 13:39:59 -Completed initialization in 4 ms
2025-03-03 13:40:15 -HikariPool-1 - Starting...
2025-03-03 13:40:15 -HikariPool-1 - Start completed.
2025-03-03 13:47:58 -Shutting down ExecutorService 'applicationTaskExecutor'
2025-03-03 13:47:58 -HikariPool-1 - Shutdown initiated...
2025-03-03 13:47:58 -HikariPool-1 - Shutdown completed.
2025-03-03 13:56:02 -Starting ServiceApplication on LAPTOP-7HT4VH9K with PID 26176 (D:\Java\ImSystem\im-system\service\target\classes started by 33175 in D:\Java\ImSystem)
2025-03-03 13:56:02 -The following profiles are active: dev
2025-03-03 13:56:03 -Multiple Spring Data modules found, entering strict repository configuration mode!
2025-03-03 13:56:03 -Bootstrapping Spring Data Redis repositories in DEFAULT mode.
2025-03-03 13:56:03 -Finished Spring Data repository scanning in 11ms. Found 0 Redis repository interfaces.
2025-03-03 13:56:03 -Tomcat initialized with port(s): 8000 (http)
2025-03-03 13:56:03 -Initializing ProtocolHandler ["http-nio-8000"]
2025-03-03 13:56:03 -Starting service [Tomcat]
2025-03-03 13:56:03 -Starting Servlet engine: [Apache Tomcat/9.0.37]
2025-03-03 13:56:03 -Initializing Spring embedded WebApplicationContext
2025-03-03 13:56:03 -Root WebApplicationContext: initialization completed in 879 ms
2025-03-03 13:56:04 -Initializing ExecutorService 'applicationTaskExecutor'
2025-03-03 13:56:04 -Starting ProtocolHandler ["http-nio-8000"]
2025-03-03 13:56:04 -Tomcat started on port(s): 8000 (http) with context path ''
2025-03-03 13:56:04 -Started ServiceApplication in 1.955 seconds (JVM running for 2.327)
2025-03-03 13:56:06 -Initializing Spring DispatcherServlet 'dispatcherServlet'
2025-03-03 13:56:06 -Initializing Servlet 'dispatcherServlet'
2025-03-03 13:56:06 -Completed initialization in 4 ms
2025-03-03 13:56:06 -HikariPool-1 - Starting...
2025-03-03 13:56:06 -HikariPool-1 - Start completed.
2025-03-03 13:56:21 -Shutting down ExecutorService 'applicationTaskExecutor'
2025-03-03 13:56:21 -HikariPool-1 - Shutdown initiated...
2025-03-03 13:56:21 -HikariPool-1 - Shutdown completed.
2025-03-03 14:11:01 -Starting ServiceApplication on LAPTOP-7HT4VH9K with PID 16876 (D:\Java\ImSystem\im-system\service\target\classes started by 33175 in D:\Java\ImSystem)
2025-03-03 14:11:01 -The following profiles are active: dev
2025-03-03 14:11:02 -Multiple Spring Data modules found, entering strict repository configuration mode!
2025-03-03 14:11:02 -Bootstrapping Spring Data Redis repositories in DEFAULT mode.
2025-03-03 14:11:02 -Finished Spring Data repository scanning in 5ms. Found 0 Redis repository interfaces.
2025-03-03 14:11:02 -Tomcat initialized with port(s): 8000 (http)
2025-03-03 14:11:02 -Initializing ProtocolHandler ["http-nio-8000"]
2025-03-03 14:11:02 -Starting service [Tomcat]
2025-03-03 14:11:02 -Starting Servlet engine: [Apache Tomcat/9.0.37]
2025-03-03 14:11:02 -Initializing Spring embedded WebApplicationContext
2025-03-03 14:11:02 -Root WebApplicationContext: initialization completed in 716 ms
2025-03-03 14:11:02 -Initializing ExecutorService 'applicationTaskExecutor'
2025-03-03 14:11:03 -Starting ProtocolHandler ["http-nio-8000"]
2025-03-03 14:11:03 -Tomcat started on port(s): 8000 (http) with context path ''
2025-03-03 14:11:03 -Started ServiceApplication in 1.758 seconds (JVM running for 2.14)
2025-03-03 14:11:05 -Initializing Spring DispatcherServlet 'dispatcherServlet'
2025-03-03 14:11:05 -Initializing Servlet 'dispatcherServlet'
2025-03-03 14:11:05 -Completed initialization in 4 ms
2025-03-03 14:11:05 -HikariPool-1 - Starting...
2025-03-03 14:11:05 -HikariPool-1 - Start completed.
2025-03-03 14:12:26 -Shutting down ExecutorService 'applicationTaskExecutor'
2025-03-03 14:12:26 -HikariPool-1 - Shutdown initiated...
2025-03-03 14:12:26 -HikariPool-1 - Shutdown completed.
2025-03-03 19:02:57 -Starting ServiceApplication on LAPTOP-7HT4VH9K with PID 27240 (D:\Java\ImSystem\im-system\service\target\classes started by 33175 in D:\Java\ImSystem)
2025-03-03 19:02:57 -The following profiles are active: dev
2025-03-03 19:02:58 -Multiple Spring Data modules found, entering strict repository configuration mode!
2025-03-03 19:02:58 -Bootstrapping Spring Data Redis repositories in DEFAULT mode.
2025-03-03 19:02:58 -Finished Spring Data repository scanning in 8ms. Found 0 Redis repository interfaces.
2025-03-03 19:02:58 -Tomcat initialized with port(s): 8000 (http)
2025-03-03 19:02:58 -Initializing ProtocolHandler ["http-nio-8000"]
2025-03-03 19:02:58 -Starting service [Tomcat]
2025-03-03 19:02:58 -Starting Servlet engine: [Apache Tomcat/9.0.37]
2025-03-03 19:02:58 -Initializing Spring embedded WebApplicationContext
2025-03-03 19:02:58 -Root WebApplicationContext: initialization completed in 996 ms
2025-03-03 19:02:59 -Initializing ExecutorService 'applicationTaskExecutor'
2025-03-03 19:02:59 -Starting ProtocolHandler ["http-nio-8000"]
2025-03-03 19:03:00 -Tomcat started on port(s): 8000 (http) with context path ''
2025-03-03 19:03:00 -Started ServiceApplication in 2.423 seconds (JVM running for 2.938)
2025-03-03 19:03:03 -Initializing Spring DispatcherServlet 'dispatcherServlet'
2025-03-03 19:03:03 -Initializing Servlet 'dispatcherServlet'
2025-03-03 19:03:03 -Completed initialization in 7 ms
2025-03-03 19:03:03 -HikariPool-1 - Starting...
2025-03-03 19:03:03 -HikariPool-1 - Start completed.
2025-03-03 19:04:58 -Shutting down ExecutorService 'applicationTaskExecutor'
2025-03-03 19:04:58 -HikariPool-1 - Shutdown initiated...
2025-03-03 19:04:58 -HikariPool-1 - Shutdown completed.
2025-03-03 19:05:02 -Starting ServiceApplication on LAPTOP-7HT4VH9K with PID 38128 (D:\Java\ImSystem\im-system\service\target\classes started by 33175 in D:\Java\ImSystem)
2025-03-03 19:05:02 -The following profiles are active: dev
2025-03-03 19:05:03 -Multiple Spring Data modules found, entering strict repository configuration mode!
2025-03-03 19:05:03 -Bootstrapping Spring Data Redis repositories in DEFAULT mode.
2025-03-03 19:05:03 -Finished Spring Data repository scanning in 6ms. Found 0 Redis repository interfaces.
2025-03-03 19:05:03 -Tomcat initialized with port(s): 8000 (http)
2025-03-03 19:05:03 -Initializing ProtocolHandler ["http-nio-8000"]
2025-03-03 19:05:03 -Starting service [Tomcat]
2025-03-03 19:05:03 -Starting Servlet engine: [Apache Tomcat/9.0.37]
2025-03-03 19:05:03 -Initializing Spring embedded WebApplicationContext
2025-03-03 19:05:03 -Root WebApplicationContext: initialization completed in 997 ms
2025-03-03 19:05:04 -Initializing ExecutorService 'applicationTaskExecutor'
2025-03-03 19:05:04 -Starting ProtocolHandler ["http-nio-8000"]
2025-03-03 19:05:04 -Tomcat started on port(s): 8000 (http) with context path ''
2025-03-03 19:05:04 -Started ServiceApplication in 2.202 seconds (JVM running for 2.572)
2025-03-03 19:05:07 -Initializing Spring DispatcherServlet 'dispatcherServlet'
2025-03-03 19:05:07 -Initializing Servlet 'dispatcherServlet'
2025-03-03 19:05:07 -Completed initialization in 6 ms
2025-03-03 19:05:08 -HikariPool-1 - Starting...
2025-03-03 19:05:08 -HikariPool-1 - Start completed.
2025-03-03 19:07:06 -Shutting down ExecutorService 'applicationTaskExecutor'
2025-03-03 19:07:06 -HikariPool-1 - Shutdown initiated...
2025-03-03 19:07:06 -HikariPool-1 - Shutdown completed.
2025-03-03 19:09:18 -Starting ServiceApplication on LAPTOP-7HT4VH9K with PID 22360 (D:\Java\ImSystem\im-system\service\target\classes started by 33175 in D:\Java\ImSystem)
2025-03-03 19:09:18 -The following profiles are active: dev
2025-03-03 19:09:18 -Multiple Spring Data modules found, entering strict repository configuration mode!
2025-03-03 19:09:18 -Bootstrapping Spring Data Redis repositories in DEFAULT mode.
2025-03-03 19:09:18 -Finished Spring Data repository scanning in 7ms. Found 0 Redis repository interfaces.
2025-03-03 19:09:19 -Tomcat initialized with port(s): 8000 (http)
2025-03-03 19:09:19 -Initializing ProtocolHandler ["http-nio-8000"]
2025-03-03 19:09:19 -Starting service [Tomcat]
2025-03-03 19:09:19 -Starting Servlet engine: [Apache Tomcat/9.0.37]
2025-03-03 19:09:19 -Initializing Spring embedded WebApplicationContext
2025-03-03 19:09:19 -Root WebApplicationContext: initialization completed in 882 ms
2025-03-03 19:09:19 -Initializing ExecutorService 'applicationTaskExecutor'
2025-03-03 19:09:19 -Starting ProtocolHandler ["http-nio-8000"]
2025-03-03 19:09:20 -Tomcat started on port(s): 8000 (http) with context path ''
2025-03-03 19:09:20 -Started ServiceApplication in 2.033 seconds (JVM running for 2.379)
2025-03-03 19:09:52 -Initializing Spring DispatcherServlet 'dispatcherServlet'
2025-03-03 19:09:52 -Initializing Servlet 'dispatcherServlet'
2025-03-03 19:09:52 -Completed initialization in 7 ms
2025-03-03 19:09:53 -HikariPool-1 - Starting...
2025-03-03 19:09:53 -HikariPool-1 - Start completed.
2025-03-03 19:14:39 -Shutting down ExecutorService 'applicationTaskExecutor'
2025-03-03 19:14:39 -HikariPool-1 - Shutdown initiated...
2025-03-03 19:14:39 -HikariPool-1 - Shutdown completed.
2025-03-03 19:48:07 -Starting ServiceApplication on LAPTOP-7HT4VH9K with PID 35284 (D:\Java\ImSystem\im-system\service\target\classes started by 33175 in D:\Java\ImSystem)
2025-03-03 19:48:07 -The following profiles are active: dev
2025-03-03 19:48:07 -Multiple Spring Data modules found, entering strict repository configuration mode!
2025-03-03 19:48:07 -Bootstrapping Spring Data Redis repositories in DEFAULT mode.
2025-03-03 19:48:07 -Finished Spring Data repository scanning in 10ms. Found 0 Redis repository interfaces.
2025-03-03 19:48:08 -Tomcat initialized with port(s): 8000 (http)
2025-03-03 19:48:08 -Initializing ProtocolHandler ["http-nio-8000"]
2025-03-03 19:48:08 -Starting service [Tomcat]
2025-03-03 19:48:08 -Starting Servlet engine: [Apache Tomcat/9.0.37]
2025-03-03 19:48:08 -Initializing Spring embedded WebApplicationContext
2025-03-03 19:48:08 -Root WebApplicationContext: initialization completed in 916 ms
2025-03-03 19:48:08 -Initializing ExecutorService 'applicationTaskExecutor'
2025-03-03 19:48:09 -Starting ProtocolHandler ["http-nio-8000"]
2025-03-03 19:48:09 -Tomcat started on port(s): 8000 (http) with context path ''
2025-03-03 19:48:09 -Started ServiceApplication in 2.072 seconds (JVM running for 2.433)
2025-03-03 19:48:15 -Initializing Spring DispatcherServlet 'dispatcherServlet'
2025-03-03 19:48:15 -Initializing Servlet 'dispatcherServlet'
2025-03-03 19:48:15 -Completed initialization in 7 ms
2025-03-03 19:48:15 -HikariPool-1 - Starting...
2025-03-03 19:48:15 -HikariPool-1 - Start completed.
2025-03-03 19:49:16 -Shutting down ExecutorService 'applicationTaskExecutor'
2025-03-03 19:49:16 -HikariPool-1 - Shutdown initiated...
2025-03-03 19:49:16 -HikariPool-1 - Shutdown completed.
2025-03-03 19:49:38 -Starting ServiceApplication on LAPTOP-7HT4VH9K with PID 34116 (D:\Java\ImSystem\im-system\service\target\classes started by 33175 in D:\Java\ImSystem)
2025-03-03 19:49:38 -The following profiles are active: dev
2025-03-03 19:49:39 -Multiple Spring Data modules found, entering strict repository configuration mode!
2025-03-03 19:49:39 -Bootstrapping Spring Data Redis repositories in DEFAULT mode.
2025-03-03 19:49:39 -Finished Spring Data repository scanning in 7ms. Found 0 Redis repository interfaces.
2025-03-03 19:49:39 -Tomcat initialized with port(s): 8000 (http)
2025-03-03 19:49:39 -Initializing ProtocolHandler ["http-nio-8000"]
2025-03-03 19:49:39 -Starting service [Tomcat]
2025-03-03 19:49:39 -Starting Servlet engine: [Apache Tomcat/9.0.37]
2025-03-03 19:49:39 -Initializing Spring embedded WebApplicationContext
2025-03-03 19:49:39 -Root WebApplicationContext: initialization completed in 930 ms
2025-03-03 19:49:40 -Initializing ExecutorService 'applicationTaskExecutor'
2025-03-03 19:49:40 -Starting ProtocolHandler ["http-nio-8000"]
2025-03-03 19:49:40 -Tomcat started on port(s): 8000 (http) with context path ''
2025-03-03 19:49:40 -Started ServiceApplication in 2.125 seconds (JVM running for 2.479)
2025-03-03 19:49:47 -Initializing Spring DispatcherServlet 'dispatcherServlet'
2025-03-03 19:49:47 -Initializing Servlet 'dispatcherServlet'
2025-03-03 19:49:47 -Completed initialization in 6 ms
2025-03-03 19:49:47 -HikariPool-1 - Starting...
2025-03-03 19:49:47 -HikariPool-1 - Start completed.
2025-03-03 19:50:42 -Shutting down ExecutorService 'applicationTaskExecutor'
2025-03-03 19:50:42 -HikariPool-1 - Shutdown initiated...
2025-03-03 19:50:42 -HikariPool-1 - Shutdown completed.
2025-03-03 22:09:00 -Starting ServiceApplication on LAPTOP-7HT4VH9K with PID 35636 (D:\Java\ImSystem\im-system\service\target\classes started by 33175 in D:\Java\ImSystem)
2025-03-03 22:09:00 -The following profiles are active: dev
2025-03-03 22:09:01 -Multiple Spring Data modules found, entering strict repository configuration mode!
2025-03-03 22:09:01 -Bootstrapping Spring Data Redis repositories in DEFAULT mode.
2025-03-03 22:09:01 -Finished Spring Data repository scanning in 7ms. Found 0 Redis repository interfaces.
2025-03-03 22:09:01 -Tomcat initialized with port(s): 8000 (http)
2025-03-03 22:09:01 -Initializing ProtocolHandler ["http-nio-8000"]
2025-03-03 22:09:01 -Starting service [Tomcat]
2025-03-03 22:09:01 -Starting Servlet engine: [Apache Tomcat/9.0.37]
2025-03-03 22:09:01 -Initializing Spring embedded WebApplicationContext
2025-03-03 22:09:01 -Root WebApplicationContext: initialization completed in 1172 ms
2025-03-03 22:09:02 -Initializing ExecutorService 'applicationTaskExecutor'
2025-03-03 22:09:02 -Starting ProtocolHandler ["http-nio-8000"]
2025-03-03 22:09:02 -Tomcat started on port(s): 8000 (http) with context path ''
2025-03-03 22:09:02 -Started ServiceApplication in 2.837 seconds (JVM running for 3.431)
2025-03-03 22:09:06 -Initializing Spring DispatcherServlet 'dispatcherServlet'
2025-03-03 22:09:06 -Initializing Servlet 'dispatcherServlet'
2025-03-03 22:09:06 -Completed initialization in 5 ms
2025-03-03 22:09:06 -HikariPool-1 - Starting...
2025-03-03 22:09:06 -HikariPool-1 - Start completed.
2025-03-03 22:14:07 -Shutting down ExecutorService 'applicationTaskExecutor'
2025-03-03 22:14:07 -HikariPool-1 - Shutdown initiated...
2025-03-03 22:14:07 -HikariPool-1 - Shutdown completed.
2025-03-03 22:33:07 -Starting ServiceApplication on LAPTOP-7HT4VH9K with PID 26316 (D:\Java\ImSystem\im-system\service\target\classes started by 33175 in D:\Java\ImSystem)
2025-03-03 22:33:07 -The following profiles are active: dev
2025-03-03 22:33:07 -Multiple Spring Data modules found, entering strict repository configuration mode!
2025-03-03 22:33:07 -Bootstrapping Spring Data Redis repositories in DEFAULT mode.
2025-03-03 22:33:07 -Finished Spring Data repository scanning in 6ms. Found 0 Redis repository interfaces.
2025-03-03 22:33:07 -Tomcat initialized with port(s): 8000 (http)
2025-03-03 22:33:07 -Initializing ProtocolHandler ["http-nio-8000"]
2025-03-03 22:33:07 -Starting service [Tomcat]
2025-03-03 22:33:07 -Starting Servlet engine: [Apache Tomcat/9.0.37]
2025-03-03 22:33:07 -Initializing Spring embedded WebApplicationContext
2025-03-03 22:33:07 -Root WebApplicationContext: initialization completed in 776 ms
2025-03-03 22:33:08 -Initializing ExecutorService 'applicationTaskExecutor'
2025-03-03 22:33:08 -Starting ProtocolHandler ["http-nio-8000"]
2025-03-03 22:33:08 -Tomcat started on port(s): 8000 (http) with context path ''
2025-03-03 22:33:08 -Started ServiceApplication in 2.058 seconds (JVM running for 2.448)
2025-03-03 22:33:12 -Initializing Spring DispatcherServlet 'dispatcherServlet'
2025-03-03 22:33:12 -Initializing Servlet 'dispatcherServlet'
2025-03-03 22:33:12 -Completed initialization in 8 ms
2025-03-03 22:33:12 -HikariPool-1 - Starting...
2025-03-03 22:33:12 -HikariPool-1 - Start completed.
2025-03-03 22:33:35 -Shutting down ExecutorService 'applicationTaskExecutor'
2025-03-03 22:33:35 -HikariPool-1 - Shutdown initiated...
2025-03-03 22:33:35 -HikariPool-1 - Shutdown completed.
