2025-03-30 16:16:31 -Starting ServiceApplication on LAPTOP-7HT4VH9K with PID 6356 (D:\Java\ImSystem\im-system\service\target\classes started by 33175 in D:\Java\ImSystem)
2025-03-30 16:16:31 -The following profiles are active: dev
2025-03-30 16:16:31 -Multiple Spring Data modules found, entering strict repository configuration mode!
2025-03-30 16:16:31 -Bootstrapping Spring Data Redis repositories in DEFAULT mode.
2025-03-30 16:16:31 -Finished Spring Data repository scanning in 9ms. Found 0 Redis repository interfaces.
2025-03-30 16:16:32 -Tomcat initialized with port(s): 8000 (http)
2025-03-30 16:16:32 -Initializing ProtocolHandler ["http-nio-8000"]
2025-03-30 16:16:32 -Starting service [Tomcat]
2025-03-30 16:16:32 -Starting Servlet engine: [Apache Tomcat/9.0.37]
2025-03-30 16:16:32 -Initializing Spring embedded WebApplicationContext
2025-03-30 16:16:32 -Root WebApplicationContext: initialization completed in 757 ms
2025-03-30 16:16:33 -Initializing ExecutorService 'applicationTaskExecutor'
2025-03-30 16:16:33 -Starting ProtocolHandler ["http-nio-8000"]
2025-03-30 16:16:33 -Tomcat started on port(s): 8000 (http) with context path ''
2025-03-30 16:16:33 -Started ServiceApplication in 2.387 seconds (JVM running for 2.887)
2025-03-30 16:19:20 -Initializing Spring DispatcherServlet 'dispatcherServlet'
2025-03-30 16:19:20 -Initializing Servlet 'dispatcherServlet'
2025-03-30 16:19:20 -Completed initialization in 12 ms
2025-03-30 16:19:21 -HikariPool-1 - Starting...
2025-03-30 16:19:21 -HikariPool-1 - Start completed.
2025-03-30 16:22:32 -Shutting down ExecutorService 'applicationTaskExecutor'
2025-03-30 16:22:32 -HikariPool-1 - Shutdown initiated...
2025-03-30 16:22:32 -HikariPool-1 - Shutdown completed.
2025-03-30 16:38:17 -Starting ServiceApplication on LAPTOP-7HT4VH9K with PID 7944 (D:\Java\ImSystem\im-system\service\target\classes started by 33175 in D:\Java\ImSystem)
2025-03-30 16:38:17 -The following profiles are active: dev
2025-03-30 16:38:17 -Multiple Spring Data modules found, entering strict repository configuration mode!
2025-03-30 16:38:17 -Bootstrapping Spring Data Redis repositories in DEFAULT mode.
2025-03-30 16:38:17 -Finished Spring Data repository scanning in 8ms. Found 0 Redis repository interfaces.
2025-03-30 16:38:18 -Tomcat initialized with port(s): 8000 (http)
2025-03-30 16:38:18 -Initializing ProtocolHandler ["http-nio-8000"]
2025-03-30 16:38:18 -Starting service [Tomcat]
2025-03-30 16:38:18 -Starting Servlet engine: [Apache Tomcat/9.0.37]
2025-03-30 16:38:18 -Initializing Spring embedded WebApplicationContext
2025-03-30 16:38:18 -Root WebApplicationContext: initialization completed in 661 ms
2025-03-30 16:38:19 -Initializing ExecutorService 'applicationTaskExecutor'
2025-03-30 16:38:19 -Starting ProtocolHandler ["http-nio-8000"]
2025-03-30 16:38:19 -Tomcat started on port(s): 8000 (http) with context path ''
2025-03-30 16:38:19 -Started ServiceApplication in 2.134 seconds (JVM running for 2.581)
2025-03-30 16:39:11 -Initializing Spring DispatcherServlet 'dispatcherServlet'
2025-03-30 16:39:11 -Initializing Servlet 'dispatcherServlet'
2025-03-30 16:39:11 -Completed initialization in 6 ms
2025-03-30 16:39:11 -HikariPool-1 - Starting...
2025-03-30 16:39:11 -HikariPool-1 - Start completed.
2025-03-30 16:39:34 -Shutting down ExecutorService 'applicationTaskExecutor'
2025-03-30 16:39:34 -HikariPool-1 - Shutdown initiated...
2025-03-30 16:39:34 -HikariPool-1 - Shutdown completed.
2025-03-30 16:53:43 -Starting ServiceApplication on LAPTOP-7HT4VH9K with PID 19968 (D:\Java\ImSystem\im-system\service\target\classes started by 33175 in D:\Java\ImSystem)
2025-03-30 16:53:43 -The following profiles are active: dev
2025-03-30 16:53:43 -Multiple Spring Data modules found, entering strict repository configuration mode!
2025-03-30 16:53:43 -Bootstrapping Spring Data Redis repositories in DEFAULT mode.
2025-03-30 16:53:43 -Finished Spring Data repository scanning in 11ms. Found 0 Redis repository interfaces.
2025-03-30 16:53:44 -Tomcat initialized with port(s): 8000 (http)
2025-03-30 16:53:44 -Initializing ProtocolHandler ["http-nio-8000"]
2025-03-30 16:53:44 -Starting service [Tomcat]
2025-03-30 16:53:44 -Starting Servlet engine: [Apache Tomcat/9.0.37]
2025-03-30 16:53:44 -Initializing Spring embedded WebApplicationContext
2025-03-30 16:53:44 -Root WebApplicationContext: initialization completed in 643 ms
2025-03-30 16:53:45 -Initializing ExecutorService 'applicationTaskExecutor'
2025-03-30 16:53:45 -Starting ProtocolHandler ["http-nio-8000"]
2025-03-30 16:53:45 -Tomcat started on port(s): 8000 (http) with context path ''
2025-03-30 16:53:45 -Started ServiceApplication in 2.193 seconds (JVM running for 2.693)
2025-03-30 16:54:37 -Initializing Spring DispatcherServlet 'dispatcherServlet'
2025-03-30 16:54:37 -Initializing Servlet 'dispatcherServlet'
2025-03-30 16:54:37 -Completed initialization in 12 ms
2025-03-30 16:54:37 -HikariPool-1 - Starting...
2025-03-30 16:54:37 -HikariPool-1 - Start completed.
2025-03-30 16:54:59 -Shutting down ExecutorService 'applicationTaskExecutor'
2025-03-30 16:54:59 -HikariPool-1 - Shutdown initiated...
2025-03-30 16:54:59 -HikariPool-1 - Shutdown completed.
2025-03-30 17:21:20 -Starting ServiceApplication on LAPTOP-7HT4VH9K with PID 25340 (D:\Java\ImSystem\im-system\service\target\classes started by 33175 in D:\Java\ImSystem)
2025-03-30 17:21:20 -The following profiles are active: dev
2025-03-30 17:21:21 -Multiple Spring Data modules found, entering strict repository configuration mode!
2025-03-30 17:21:21 -Bootstrapping Spring Data Redis repositories in DEFAULT mode.
2025-03-30 17:21:21 -Finished Spring Data repository scanning in 7ms. Found 0 Redis repository interfaces.
2025-03-30 17:21:21 -Tomcat initialized with port(s): 8000 (http)
2025-03-30 17:21:21 -Initializing ProtocolHandler ["http-nio-8000"]
2025-03-30 17:21:21 -Starting service [Tomcat]
2025-03-30 17:21:21 -Starting Servlet engine: [Apache Tomcat/9.0.37]
2025-03-30 17:21:21 -Initializing Spring embedded WebApplicationContext
2025-03-30 17:21:21 -Root WebApplicationContext: initialization completed in 686 ms
2025-03-30 17:21:21 -Exception encountered during context initialization - cancelling refresh attempt: org.springframework.beans.factory.BeanCreationException: Error creating bean with name 'redisConfig': Injection of autowired dependencies failed; nested exception is java.lang.IllegalArgumentException: Could not resolve placeholder 'spring.redis.host' in value "${spring.redis.host}"
2025-03-30 17:21:21 -Stopping service [Tomcat]
2025-03-30 17:21:21 -

Error starting ApplicationContext. To display the conditions report re-run your application with 'debug' enabled.
2025-03-30 17:21:21 -Application run failed
org.springframework.beans.factory.BeanCreationException: Error creating bean with name 'redisConfig': Injection of autowired dependencies failed; nested exception is java.lang.IllegalArgumentException: Could not resolve placeholder 'spring.redis.host' in value "${spring.redis.host}"
	at org.springframework.beans.factory.annotation.AutowiredAnnotationBeanPostProcessor.postProcessProperties(AutowiredAnnotationBeanPostProcessor.java:405)
	at org.springframework.beans.factory.support.AbstractAutowireCapableBeanFactory.populateBean(AbstractAutowireCapableBeanFactory.java:1420)
	at org.springframework.beans.factory.support.AbstractAutowireCapableBeanFactory.doCreateBean(AbstractAutowireCapableBeanFactory.java:593)
	at org.springframework.beans.factory.support.AbstractAutowireCapableBeanFactory.createBean(AbstractAutowireCapableBeanFactory.java:516)
	at org.springframework.beans.factory.support.AbstractBeanFactory.lambda$doGetBean$0(AbstractBeanFactory.java:324)
	at org.springframework.beans.factory.support.DefaultSingletonBeanRegistry.getSingleton(DefaultSingletonBeanRegistry.java:226)
	at org.springframework.beans.factory.support.AbstractBeanFactory.doGetBean(AbstractBeanFactory.java:322)
	at org.springframework.beans.factory.support.AbstractBeanFactory.getBean(AbstractBeanFactory.java:202)
	at org.springframework.beans.factory.support.DefaultListableBeanFactory.preInstantiateSingletons(DefaultListableBeanFactory.java:897)
	at org.springframework.context.support.AbstractApplicationContext.finishBeanFactoryInitialization(AbstractApplicationContext.java:879)
	at org.springframework.context.support.AbstractApplicationContext.refresh(AbstractApplicationContext.java:551)
	at org.springframework.boot.web.servlet.context.ServletWebServerApplicationContext.refresh(ServletWebServerApplicationContext.java:143)
	at org.springframework.boot.SpringApplication.refresh(SpringApplication.java:758)
	at org.springframework.boot.SpringApplication.refresh(SpringApplication.java:750)
	at org.springframework.boot.SpringApplication.refreshContext(SpringApplication.java:397)
	at org.springframework.boot.SpringApplication.run(SpringApplication.java:315)
	at org.springframework.boot.SpringApplication.run(SpringApplication.java:1237)
	at org.springframework.boot.SpringApplication.run(SpringApplication.java:1226)
	at com.lld.im.service.ServiceApplication.main(ServiceApplication.java:11)
Caused by: java.lang.IllegalArgumentException: Could not resolve placeholder 'spring.redis.host' in value "${spring.redis.host}"
	at org.springframework.util.PropertyPlaceholderHelper.parseStringValue(PropertyPlaceholderHelper.java:178)
	at org.springframework.util.PropertyPlaceholderHelper.replacePlaceholders(PropertyPlaceholderHelper.java:124)
	at org.springframework.core.env.AbstractPropertyResolver.doResolvePlaceholders(AbstractPropertyResolver.java:239)
	at org.springframework.core.env.AbstractPropertyResolver.resolveRequiredPlaceholders(AbstractPropertyResolver.java:210)
	at org.springframework.context.support.PropertySourcesPlaceholderConfigurer.lambda$processProperties$0(PropertySourcesPlaceholderConfigurer.java:175)
	at org.springframework.beans.factory.support.AbstractBeanFactory.resolveEmbeddedValue(AbstractBeanFactory.java:918)
	at org.springframework.beans.factory.support.DefaultListableBeanFactory.doResolveDependency(DefaultListableBeanFactory.java:1248)
	at org.springframework.beans.factory.support.DefaultListableBeanFactory.resolveDependency(DefaultListableBeanFactory.java:1227)
	at org.springframework.beans.factory.annotation.AutowiredAnnotationBeanPostProcessor$AutowiredFieldElement.inject(AutowiredAnnotationBeanPostProcessor.java:640)
	at org.springframework.beans.factory.annotation.InjectionMetadata.inject(InjectionMetadata.java:130)
	at org.springframework.beans.factory.annotation.AutowiredAnnotationBeanPostProcessor.postProcessProperties(AutowiredAnnotationBeanPostProcessor.java:399)
	... 18 common frames omitted
2025-03-30 17:34:25 -Starting ServiceApplication on LAPTOP-7HT4VH9K with PID 25152 (D:\Java\ImSystem\im-system\service\target\classes started by 33175 in D:\Java\ImSystem)
2025-03-30 17:34:25 -The following profiles are active: dev
2025-03-30 17:34:26 -Multiple Spring Data modules found, entering strict repository configuration mode!
2025-03-30 17:34:26 -Bootstrapping Spring Data Redis repositories in DEFAULT mode.
2025-03-30 17:34:26 -Finished Spring Data repository scanning in 8ms. Found 0 Redis repository interfaces.
2025-03-30 17:34:26 -Tomcat initialized with port(s): 8000 (http)
2025-03-30 17:34:26 -Initializing ProtocolHandler ["http-nio-8000"]
2025-03-30 17:34:26 -Starting service [Tomcat]
2025-03-30 17:34:26 -Starting Servlet engine: [Apache Tomcat/9.0.37]
2025-03-30 17:34:26 -Initializing Spring embedded WebApplicationContext
2025-03-30 17:34:26 -Root WebApplicationContext: initialization completed in 668 ms
2025-03-30 17:34:27 -Exception encountered during context initialization - cancelling refresh attempt: org.springframework.beans.factory.UnsatisfiedDependencyException: Error creating bean with name 'imFriendShipController': Unsatisfied dependency expressed through field 'imFriendShipService'; nested exception is org.springframework.beans.factory.UnsatisfiedDependencyException: Error creating bean with name 'imFriendShipServiceImpl': Unsatisfied dependency expressed through field 'imUserService'; nested exception is org.springframework.beans.factory.UnsatisfiedDependencyException: Error creating bean with name 'imUserServiceImpl': Unsatisfied dependency expressed through field 'messageProducer'; nested exception is org.springframework.beans.factory.UnsatisfiedDependencyException: Error creating bean with name 'messageProducer': Unsatisfied dependency expressed through field 'userSessionUtils'; nested exception is org.springframework.beans.factory.UnsatisfiedDependencyException: Error creating bean with name 'userSessionUtils': Unsatisfied dependency expressed through field 'stringRedisTemplate'; nested exception is org.springframework.beans.factory.UnsatisfiedDependencyException: Error creating bean with name 'stringRedisTemplate' defined in class path resource [org/springframework/boot/autoconfigure/data/redis/RedisAutoConfiguration.class]: Unsatisfied dependency expressed through method 'stringRedisTemplate' parameter 0; nested exception is org.springframework.beans.factory.BeanCreationException: Error creating bean with name 'redisConnectionFactory' defined in class path resource [com/lld/im/service/config/RedisConfig.class]: Bean instantiation via factory method failed; nested exception is org.springframework.beans.BeanInstantiationException: Failed to instantiate [org.springframework.data.redis.connection.RedisConnectionFactory]: Factory method 'redisConnectionFactory' threw exception; nested exception is java.lang.NoSuchMethodError: redis.clients.jedis.JedisPoolConfig.setMinEvictableIdleTime(Ljava/time/Duration;)V
2025-03-30 17:34:27 -Stopping service [Tomcat]
2025-03-30 17:34:27 -

Error starting ApplicationContext. To display the conditions report re-run your application with 'debug' enabled.
2025-03-30 17:34:27 -

***************************
APPLICATION FAILED TO START
***************************

Description:

An attempt was made to call a method that does not exist. The attempt was made from the following location:

    redis.clients.jedis.JedisPoolConfig.<init>(JedisPoolConfig.java:11)

The following method did not exist:

    redis.clients.jedis.JedisPoolConfig.setMinEvictableIdleTime(Ljava/time/Duration;)V

The method's class, redis.clients.jedis.JedisPoolConfig, is available from the following locations:

    jar:file:/D:/maven/apache-maven-3.6.1-bin/apache-maven-3.6.1/mvn_repo/redis/clients/jedis/4.4.0/jedis-4.4.0.jar!/redis/clients/jedis/JedisPoolConfig.class

The class hierarchy was loaded from the following locations:

    redis.clients.jedis.JedisPoolConfig: file:/D:/maven/apache-maven-3.6.1-bin/apache-maven-3.6.1/mvn_repo/redis/clients/jedis/4.4.0/jedis-4.4.0.jar
    org.apache.commons.pool2.impl.GenericObjectPoolConfig: file:/D:/maven/apache-maven-3.6.1-bin/apache-maven-3.6.1/mvn_repo/org/apache/commons/commons-pool2/2.8.0/commons-pool2-2.8.0.jar
    org.apache.commons.pool2.impl.BaseObjectPoolConfig: file:/D:/maven/apache-maven-3.6.1-bin/apache-maven-3.6.1/mvn_repo/org/apache/commons/commons-pool2/2.8.0/commons-pool2-2.8.0.jar
    org.apache.commons.pool2.BaseObject: file:/D:/maven/apache-maven-3.6.1-bin/apache-maven-3.6.1/mvn_repo/org/apache/commons/commons-pool2/2.8.0/commons-pool2-2.8.0.jar


Action:

Correct the classpath of your application so that it contains a single, compatible version of redis.clients.jedis.JedisPoolConfig

2025-03-30 17:36:53 -Starting ServiceApplication on LAPTOP-7HT4VH9K with PID 24548 (D:\Java\ImSystem\im-system\service\target\classes started by 33175 in D:\Java\ImSystem)
2025-03-30 17:36:53 -The following profiles are active: dev
2025-03-30 17:36:53 -Multiple Spring Data modules found, entering strict repository configuration mode!
2025-03-30 17:36:53 -Bootstrapping Spring Data Redis repositories in DEFAULT mode.
2025-03-30 17:36:53 -Finished Spring Data repository scanning in 7ms. Found 0 Redis repository interfaces.
2025-03-30 17:36:54 -Tomcat initialized with port(s): 8000 (http)
2025-03-30 17:36:54 -Initializing ProtocolHandler ["http-nio-8000"]
2025-03-30 17:36:54 -Starting service [Tomcat]
2025-03-30 17:36:54 -Starting Servlet engine: [Apache Tomcat/9.0.37]
2025-03-30 17:36:54 -Initializing Spring embedded WebApplicationContext
2025-03-30 17:36:54 -Root WebApplicationContext: initialization completed in 737 ms
2025-03-30 17:36:55 -Initializing ExecutorService 'applicationTaskExecutor'
2025-03-30 17:36:55 -Starting ProtocolHandler ["http-nio-8000"]
2025-03-30 17:36:55 -Tomcat started on port(s): 8000 (http) with context path ''
2025-03-30 17:36:55 -Started ServiceApplication in 2.155 seconds (JVM running for 2.593)
2025-03-30 17:37:55 -Initializing Spring DispatcherServlet 'dispatcherServlet'
2025-03-30 17:37:55 -Initializing Servlet 'dispatcherServlet'
2025-03-30 17:37:55 -Completed initialization in 4 ms
2025-03-30 17:37:55 -HikariPool-1 - Starting...
2025-03-30 17:37:56 -HikariPool-1 - Start completed.
2025-03-30 17:37:56 -send message == {"appId":10000,"clientType":1,"command":4000,"data":{"nickName":"xiowang","userId":"lld2"},"imei":"123","toId":"lld2"}
2025-03-30 17:37:56 -Attempting to connect to: [localhost:5672]
2025-03-30 17:38:00 -send error :java.net.ConnectException: Connection refused: connect
2025-03-30 17:38:21 -Shutting down ExecutorService 'applicationTaskExecutor'
2025-03-30 17:38:21 -HikariPool-1 - Shutdown initiated...
2025-03-30 17:38:21 -HikariPool-1 - Shutdown completed.
2025-03-30 18:59:20 -Starting ServiceApplication on LAPTOP-7HT4VH9K with PID 4848 (D:\Java\ImSystem\im-system\service\target\classes started by 33175 in D:\Java\ImSystem)
2025-03-30 18:59:20 -The following profiles are active: dev
2025-03-30 18:59:20 -Multiple Spring Data modules found, entering strict repository configuration mode!
2025-03-30 18:59:20 -Bootstrapping Spring Data Redis repositories in DEFAULT mode.
2025-03-30 18:59:20 -Finished Spring Data repository scanning in 12ms. Found 0 Redis repository interfaces.
2025-03-30 18:59:20 -Tomcat initialized with port(s): 8000 (http)
2025-03-30 18:59:20 -Initializing ProtocolHandler ["http-nio-8000"]
2025-03-30 18:59:20 -Starting service [Tomcat]
2025-03-30 18:59:20 -Starting Servlet engine: [Apache Tomcat/9.0.37]
2025-03-30 18:59:20 -Initializing Spring embedded WebApplicationContext
2025-03-30 18:59:20 -Root WebApplicationContext: initialization completed in 810 ms
2025-03-30 18:59:27 -Initializing ExecutorService 'applicationTaskExecutor'
2025-03-30 18:59:27 -Starting ProtocolHandler ["http-nio-8000"]
2025-03-30 18:59:27 -Tomcat started on port(s): 8000 (http) with context path ''
2025-03-30 18:59:27 -Started ServiceApplication in 7.515 seconds (JVM running for 8.052)
2025-03-30 19:01:51 -Initializing Spring DispatcherServlet 'dispatcherServlet'
2025-03-30 19:01:51 -Initializing Servlet 'dispatcherServlet'
2025-03-30 19:01:51 -Completed initialization in 9 ms
2025-03-30 19:01:51 -HikariPool-1 - Starting...
2025-03-30 19:01:51 -HikariPool-1 - Start completed.
2025-03-30 19:01:51 -send message == {"appId":10000,"clientType":1,"command":4000,"data":{"nickName":"lld2","userId":"lld2"},"imei":"123","toId":"lld2"}
2025-03-30 19:01:51 -Attempting to connect to: [localhost:5672]
2025-03-30 19:01:55 -send error :java.net.ConnectException: Connection refused: connect
2025-03-30 19:08:04 -Shutting down ExecutorService 'applicationTaskExecutor'
2025-03-30 19:08:04 -HikariPool-1 - Shutdown initiated...
2025-03-30 19:08:04 -HikariPool-1 - Shutdown completed.
2025-03-30 19:14:47 -Starting ServiceApplication on LAPTOP-7HT4VH9K with PID 22268 (D:\Java\ImSystem\im-system\service\target\classes started by 33175 in D:\Java\ImSystem)
2025-03-30 19:14:47 -The following profiles are active: dev
2025-03-30 19:14:47 -Multiple Spring Data modules found, entering strict repository configuration mode!
2025-03-30 19:14:47 -Bootstrapping Spring Data Redis repositories in DEFAULT mode.
2025-03-30 19:14:47 -Finished Spring Data repository scanning in 8ms. Found 0 Redis repository interfaces.
2025-03-30 19:14:47 -Tomcat initialized with port(s): 8000 (http)
2025-03-30 19:14:47 -Initializing ProtocolHandler ["http-nio-8000"]
2025-03-30 19:14:47 -Starting service [Tomcat]
2025-03-30 19:14:47 -Starting Servlet engine: [Apache Tomcat/9.0.37]
2025-03-30 19:14:48 -Initializing Spring embedded WebApplicationContext
2025-03-30 19:14:48 -Root WebApplicationContext: initialization completed in 741 ms
2025-03-30 19:14:49 -Initializing ExecutorService 'applicationTaskExecutor'
2025-03-30 19:14:49 -Starting ProtocolHandler ["http-nio-8000"]
2025-03-30 19:14:49 -Tomcat started on port(s): 8000 (http) with context path ''
2025-03-30 19:14:49 -Started ServiceApplication in 2.34 seconds (JVM running for 2.828)
2025-03-30 19:16:00 -Shutting down ExecutorService 'applicationTaskExecutor'
2025-03-30 19:16:49 -Starting ServiceApplication on LAPTOP-7HT4VH9K with PID 280 (D:\Java\ImSystem\im-system\service\target\classes started by 33175 in D:\Java\ImSystem)
2025-03-30 19:16:49 -The following profiles are active: dev
2025-03-30 19:16:50 -Multiple Spring Data modules found, entering strict repository configuration mode!
2025-03-30 19:16:50 -Bootstrapping Spring Data Redis repositories in DEFAULT mode.
2025-03-30 19:16:50 -Finished Spring Data repository scanning in 9ms. Found 0 Redis repository interfaces.
2025-03-30 19:16:50 -Tomcat initialized with port(s): 8000 (http)
2025-03-30 19:16:50 -Initializing ProtocolHandler ["http-nio-8000"]
2025-03-30 19:16:50 -Starting service [Tomcat]
2025-03-30 19:16:50 -Starting Servlet engine: [Apache Tomcat/9.0.37]
2025-03-30 19:16:50 -Initializing Spring embedded WebApplicationContext
2025-03-30 19:16:50 -Root WebApplicationContext: initialization completed in 758 ms
2025-03-30 19:16:51 -Initializing ExecutorService 'applicationTaskExecutor'
2025-03-30 19:16:52 -Starting ProtocolHandler ["http-nio-8000"]
2025-03-30 19:16:52 -Tomcat started on port(s): 8000 (http) with context path ''
2025-03-30 19:16:52 -Started ServiceApplication in 2.733 seconds (JVM running for 3.236)
2025-03-30 19:17:46 -Initializing Spring DispatcherServlet 'dispatcherServlet'
2025-03-30 19:17:46 -Initializing Servlet 'dispatcherServlet'
2025-03-30 19:17:46 -Completed initialization in 7 ms
2025-03-30 19:17:46 -HikariPool-1 - Starting...
2025-03-30 19:17:46 -HikariPool-1 - Start completed.
2025-03-30 19:17:47 -send message == {"appId":10000,"clientType":1,"command":4000,"data":{"nickName":"xiowang","userId":"lld2"},"imei":"123","toId":"lld2"}
2025-03-30 19:17:47 -Attempting to connect to: [localhost:5672]
2025-03-30 19:17:51 -send error :java.net.ConnectException: Connection refused: connect
2025-03-30 19:18:27 -send message == {"appId":10000,"clientType":1,"command":4000,"data":{"nickName":"xiowang","userId":"lld2"},"imei":"123","toId":"lld2"}
2025-03-30 19:18:27 -Attempting to connect to: [localhost:5672]
2025-03-30 19:18:31 -send error :java.net.ConnectException: Connection refused: connect
2025-03-30 19:19:00 -Shutting down ExecutorService 'applicationTaskExecutor'
2025-03-30 19:19:00 -HikariPool-1 - Shutdown initiated...
2025-03-30 19:19:00 -HikariPool-1 - Shutdown completed.
2025-03-30 19:19:38 -Starting ServiceApplication on LAPTOP-7HT4VH9K with PID 24656 (D:\Java\ImSystem\im-system\service\target\classes started by 33175 in D:\Java\ImSystem)
2025-03-30 19:19:38 -The following profiles are active: dev
2025-03-30 19:19:39 -Multiple Spring Data modules found, entering strict repository configuration mode!
2025-03-30 19:19:39 -Bootstrapping Spring Data Redis repositories in DEFAULT mode.
2025-03-30 19:19:39 -Finished Spring Data repository scanning in 14ms. Found 0 Redis repository interfaces.
2025-03-30 19:19:39 -Tomcat initialized with port(s): 8000 (http)
2025-03-30 19:19:39 -Initializing ProtocolHandler ["http-nio-8000"]
2025-03-30 19:19:39 -Starting service [Tomcat]
2025-03-30 19:19:39 -Starting Servlet engine: [Apache Tomcat/9.0.37]
2025-03-30 19:19:39 -Initializing Spring embedded WebApplicationContext
2025-03-30 19:19:39 -Root WebApplicationContext: initialization completed in 1184 ms
2025-03-30 19:19:41 -Initializing ExecutorService 'applicationTaskExecutor'
2025-03-30 19:19:41 -Starting ProtocolHandler ["http-nio-8000"]
2025-03-30 19:19:41 -Tomcat started on port(s): 8000 (http) with context path ''
2025-03-30 19:19:41 -Started ServiceApplication in 3.412 seconds (JVM running for 4.352)
2025-03-30 19:20:43 -Initializing Spring DispatcherServlet 'dispatcherServlet'
2025-03-30 19:20:43 -Initializing Servlet 'dispatcherServlet'
2025-03-30 19:20:43 -Completed initialization in 10 ms
2025-03-30 19:20:44 -HikariPool-1 - Starting...
2025-03-30 19:20:44 -HikariPool-1 - Start completed.
2025-03-30 19:23:32 -send message == {"appId":10000,"clientType":1,"command":4000,"data":{"nickName":"lld2","userId":"lld2"},"imei":"123","toId":"lld2"}
2025-03-30 19:23:33 -Attempting to connect to: [localhost:5672]
2025-03-30 19:24:06 -HikariPool-1 - Thread starvation or clock leap detected (housekeeper delta=58s596ms145µs400ns).
2025-03-30 19:24:12 -send error :java.net.ConnectException: Connection refused: connect
2025-03-30 19:24:21 -Shutting down ExecutorService 'applicationTaskExecutor'
2025-03-30 19:24:22 -HikariPool-1 - Shutdown initiated...
2025-03-30 19:24:22 -HikariPool-1 - Shutdown completed.
2025-03-30 19:42:14 -Starting ServiceApplication on LAPTOP-7HT4VH9K with PID 18900 (D:\Java\ImSystem\im-system\service\target\classes started by 33175 in D:\Java\ImSystem)
2025-03-30 19:42:14 -The following profiles are active: dev
2025-03-30 19:42:14 -Multiple Spring Data modules found, entering strict repository configuration mode!
2025-03-30 19:42:14 -Bootstrapping Spring Data Redis repositories in DEFAULT mode.
2025-03-30 19:42:14 -Finished Spring Data repository scanning in 10ms. Found 0 Redis repository interfaces.
2025-03-30 19:42:14 -Tomcat initialized with port(s): 8000 (http)
2025-03-30 19:42:14 -Initializing ProtocolHandler ["http-nio-8000"]
2025-03-30 19:42:14 -Starting service [Tomcat]
2025-03-30 19:42:14 -Starting Servlet engine: [Apache Tomcat/9.0.37]
2025-03-30 19:42:14 -Initializing Spring embedded WebApplicationContext
2025-03-30 19:42:14 -Root WebApplicationContext: initialization completed in 908 ms
2025-03-30 19:42:15 -Initializing ExecutorService 'applicationTaskExecutor'
2025-03-30 19:42:16 -Starting ProtocolHandler ["http-nio-8000"]
2025-03-30 19:42:16 -Tomcat started on port(s): 8000 (http) with context path ''
2025-03-30 19:42:16 -Started ServiceApplication in 2.455 seconds (JVM running for 3.021)
2025-03-30 19:44:34 -Initializing Spring DispatcherServlet 'dispatcherServlet'
2025-03-30 19:44:34 -Initializing Servlet 'dispatcherServlet'
2025-03-30 19:44:34 -Completed initialization in 15 ms
2025-03-30 19:44:34 -HikariPool-1 - Starting...
2025-03-30 19:44:34 -HikariPool-1 - Start completed.
2025-03-30 19:44:35 -send message == {"appId":10000,"clientType":1,"command":4000,"data":{"nickName":"xiowang","userId":"lld2"},"imei":"123","toId":"lld2"}
2025-03-30 19:44:35 -Attempting to connect to: [localhost:5672]
2025-03-30 19:44:39 -send error :java.net.ConnectException: Connection refused: connect
2025-03-30 19:45:05 -Shutting down ExecutorService 'applicationTaskExecutor'
2025-03-30 19:45:05 -HikariPool-1 - Shutdown initiated...
2025-03-30 19:45:05 -HikariPool-1 - Shutdown completed.
2025-03-30 20:11:48 -Starting ServiceApplication on LAPTOP-7HT4VH9K with PID 1380 (D:\Java\ImSystem\im-system\service\target\classes started by 33175 in D:\Java\ImSystem)
2025-03-30 20:11:48 -The following profiles are active: dev
2025-03-30 20:11:48 -Multiple Spring Data modules found, entering strict repository configuration mode!
2025-03-30 20:11:48 -Bootstrapping Spring Data Redis repositories in DEFAULT mode.
2025-03-30 20:11:48 -Finished Spring Data repository scanning in 8ms. Found 0 Redis repository interfaces.
2025-03-30 20:11:48 -Tomcat initialized with port(s): 8000 (http)
2025-03-30 20:11:48 -Initializing ProtocolHandler ["http-nio-8000"]
2025-03-30 20:11:48 -Starting service [Tomcat]
2025-03-30 20:11:48 -Starting Servlet engine: [Apache Tomcat/9.0.37]
2025-03-30 20:11:48 -Initializing Spring embedded WebApplicationContext
2025-03-30 20:11:48 -Root WebApplicationContext: initialization completed in 627 ms
2025-03-30 20:12:26 -Starting ServiceApplication on LAPTOP-7HT4VH9K with PID 24080 (D:\Java\ImSystem\im-system\service\target\classes started by 33175 in D:\Java\ImSystem)
2025-03-30 20:12:26 -The following profiles are active: dev
2025-03-30 20:12:27 -Multiple Spring Data modules found, entering strict repository configuration mode!
2025-03-30 20:12:27 -Bootstrapping Spring Data Redis repositories in DEFAULT mode.
2025-03-30 20:12:27 -Finished Spring Data repository scanning in 9ms. Found 0 Redis repository interfaces.
2025-03-30 20:12:27 -Tomcat initialized with port(s): 8000 (http)
2025-03-30 20:12:27 -Initializing ProtocolHandler ["http-nio-8000"]
2025-03-30 20:12:27 -Starting service [Tomcat]
2025-03-30 20:12:27 -Starting Servlet engine: [Apache Tomcat/9.0.37]
2025-03-30 20:12:27 -Initializing Spring embedded WebApplicationContext
2025-03-30 20:12:27 -Root WebApplicationContext: initialization completed in 742 ms
2025-03-30 20:12:28 -Initializing ExecutorService 'applicationTaskExecutor'
2025-03-30 20:12:28 -Starting ProtocolHandler ["http-nio-8000"]
2025-03-30 20:12:28 -Tomcat started on port(s): 8000 (http) with context path ''
2025-03-30 20:12:28 -Started ServiceApplication in 2.35 seconds (JVM running for 2.827)
2025-03-30 20:13:48 -Initializing Spring DispatcherServlet 'dispatcherServlet'
2025-03-30 20:13:48 -Initializing Servlet 'dispatcherServlet'
2025-03-30 20:13:48 -Completed initialization in 9 ms
2025-03-30 20:13:49 -HikariPool-1 - Starting...
2025-03-30 20:13:49 -HikariPool-1 - Start completed.
2025-03-30 20:13:51 -send message == {"appId":10000,"clientType":1,"command":4000,"data":{"nickName":"lld2","userId":"lld2"},"imei":"123","toId":"lld2"}
2025-03-30 20:13:51 -Attempting to connect to: [192.168.88.130:5672]
2025-03-30 20:13:51 -Created new connection: rabbitConnectionFactory#2a869a16:0/SimpleConnection@6b3035a7 [delegate=amqp://root@192.168.88.130:5672/, localPort= 62838]
2025-03-30 20:18:06 -send message == {"appId":10000,"clientType":2,"command":4000,"data":{"nickName":"xiowang","userId":"lld2"},"imei":"123456","toId":"lld2"}
2025-03-30 20:18:06 -send message == {"appId":10000,"clientType":1,"command":4000,"data":{"nickName":"xiowang","userId":"lld2"},"imei":"123","toId":"lld2"}
2025-03-30 20:18:50 -Shutting down ExecutorService 'applicationTaskExecutor'
2025-03-30 20:18:50 -HikariPool-1 - Shutdown initiated...
2025-03-30 20:18:50 -HikariPool-1 - Shutdown completed.
