2025-03-16 23:05:56 -Starting ServiceApplication on LAPTOP-7HT4VH9K with PID 23768 (D:\Java\ImSystem\im-system\service\target\classes started by 33175 in D:\Java\ImSystem)
2025-03-16 23:05:56 -The following profiles are active: dev
2025-03-16 23:05:56 -Multiple Spring Data modules found, entering strict repository configuration mode!
2025-03-16 23:05:56 -Bootstrapping Spring Data Redis repositories in DEFAULT mode.
2025-03-16 23:05:56 -Finished Spring Data repository scanning in 10ms. Found 0 Redis repository interfaces.
2025-03-16 23:05:57 -Tomcat initialized with port(s): 8000 (http)
2025-03-16 23:05:57 -Initializing ProtocolHandler ["http-nio-8000"]
2025-03-16 23:05:57 -Starting service [Tomcat]
2025-03-16 23:05:57 -Starting Servlet engine: [Apache Tomcat/9.0.37]
2025-03-16 23:05:57 -Initializing Spring embedded WebApplicationContext
2025-03-16 23:05:57 -Root WebApplicationContext: initialization completed in 1006 ms
2025-03-16 23:05:57 -Initializing ExecutorService 'applicationTaskExecutor'
2025-03-16 23:05:58 -Starting ProtocolHandler ["http-nio-8000"]
2025-03-16 23:05:58 -Tomcat started on port(s): 8000 (http) with context path ''
2025-03-16 23:05:58 -Started ServiceApplication in 2.691 seconds (JVM running for 3.11)
2025-03-16 23:07:05 -Initializing Spring DispatcherServlet 'dispatcherServlet'
2025-03-16 23:07:05 -Initializing Servlet 'dispatcherServlet'
2025-03-16 23:07:05 -Completed initialization in 4 ms
2025-03-16 23:07:05 -HikariPool-1 - Starting...
2025-03-16 23:07:05 -HikariPool-1 - Start completed.
2025-03-16 23:07:29 -Shutting down ExecutorService 'applicationTaskExecutor'
2025-03-16 23:07:29 -HikariPool-1 - Shutdown initiated...
2025-03-16 23:07:29 -HikariPool-1 - Shutdown completed.
