2025-03-09 18:50:11 -Starting ServiceApplication on LAPTOP-7HT4VH9K with PID 24208 (D:\Java\ImSystem\im-system\service\target\classes started by 33175 in D:\Java\ImSystem)
2025-03-09 18:50:11 -The following profiles are active: dev
2025-03-09 18:50:12 -Multiple Spring Data modules found, entering strict repository configuration mode!
2025-03-09 18:50:12 -Bootstrapping Spring Data Redis repositories in DEFAULT mode.
2025-03-09 18:50:12 -Finished Spring Data repository scanning in 11ms. Found 0 Redis repository interfaces.
2025-03-09 18:50:12 -Tomcat initialized with port(s): 8000 (http)
2025-03-09 18:50:12 -Initializing ProtocolHandler ["http-nio-8000"]
2025-03-09 18:50:12 -Starting service [Tomcat]
2025-03-09 18:50:12 -Starting Servlet engine: [Apache Tomcat/9.0.37]
2025-03-09 18:50:12 -Initializing Spring embedded WebApplicationContext
2025-03-09 18:50:12 -Root WebApplicationContext: initialization completed in 865 ms
2025-03-09 18:50:13 -Initializing ExecutorService 'applicationTaskExecutor'
2025-03-09 18:50:13 -Starting ProtocolHandler ["http-nio-8000"]
2025-03-09 18:50:13 -Tomcat started on port(s): 8000 (http) with context path ''
2025-03-09 18:50:13 -Started ServiceApplication in 2.45 seconds (JVM running for 2.876)
2025-03-09 18:50:19 -Initializing Spring DispatcherServlet 'dispatcherServlet'
2025-03-09 18:50:19 -Initializing Servlet 'dispatcherServlet'
2025-03-09 18:50:19 -Completed initialization in 13 ms
2025-03-09 18:50:19 -HikariPool-1 - Starting...
2025-03-09 18:50:19 -HikariPool-1 - Start completed.
2025-03-09 18:54:02 -Shutting down ExecutorService 'applicationTaskExecutor'
2025-03-09 18:54:02 -HikariPool-1 - Shutdown initiated...
2025-03-09 18:54:02 -HikariPool-1 - Shutdown completed.
2025-03-09 18:54:38 -Starting ServiceApplication on LAPTOP-7HT4VH9K with PID 7540 (D:\Java\ImSystem\im-system\service\target\classes started by 33175 in D:\Java\ImSystem)
2025-03-09 18:54:38 -The following profiles are active: dev
2025-03-09 18:54:38 -Multiple Spring Data modules found, entering strict repository configuration mode!
2025-03-09 18:54:38 -Bootstrapping Spring Data Redis repositories in DEFAULT mode.
2025-03-09 18:54:38 -Finished Spring Data repository scanning in 6ms. Found 0 Redis repository interfaces.
2025-03-09 18:54:38 -Tomcat initialized with port(s): 8000 (http)
2025-03-09 18:54:38 -Initializing ProtocolHandler ["http-nio-8000"]
2025-03-09 18:54:38 -Starting service [Tomcat]
2025-03-09 18:54:38 -Starting Servlet engine: [Apache Tomcat/9.0.37]
2025-03-09 18:54:38 -Initializing Spring embedded WebApplicationContext
2025-03-09 18:54:38 -Root WebApplicationContext: initialization completed in 697 ms
2025-03-09 18:54:39 -Initializing ExecutorService 'applicationTaskExecutor'
2025-03-09 18:54:39 -Starting ProtocolHandler ["http-nio-8000"]
2025-03-09 18:54:39 -Tomcat started on port(s): 8000 (http) with context path ''
2025-03-09 18:54:39 -Started ServiceApplication in 1.796 seconds (JVM running for 2.139)
2025-03-09 18:54:43 -Initializing Spring DispatcherServlet 'dispatcherServlet'
2025-03-09 18:54:43 -Initializing Servlet 'dispatcherServlet'
2025-03-09 18:54:43 -Completed initialization in 4 ms
2025-03-09 18:54:43 -HikariPool-1 - Starting...
2025-03-09 18:54:43 -HikariPool-1 - Start completed.
2025-03-09 18:56:33 -Shutting down ExecutorService 'applicationTaskExecutor'
2025-03-09 18:56:33 -HikariPool-1 - Shutdown initiated...
2025-03-09 18:56:33 -HikariPool-1 - Shutdown completed.
2025-03-09 19:00:45 -Starting ServiceApplication on LAPTOP-7HT4VH9K with PID 29308 (D:\Java\ImSystem\im-system\service\target\classes started by 33175 in D:\Java\ImSystem)
2025-03-09 19:00:45 -The following profiles are active: dev
2025-03-09 19:00:46 -Multiple Spring Data modules found, entering strict repository configuration mode!
2025-03-09 19:00:46 -Bootstrapping Spring Data Redis repositories in DEFAULT mode.
2025-03-09 19:00:46 -Finished Spring Data repository scanning in 6ms. Found 0 Redis repository interfaces.
2025-03-09 19:00:46 -Tomcat initialized with port(s): 8000 (http)
2025-03-09 19:00:46 -Initializing ProtocolHandler ["http-nio-8000"]
2025-03-09 19:00:46 -Starting service [Tomcat]
2025-03-09 19:00:46 -Starting Servlet engine: [Apache Tomcat/9.0.37]
2025-03-09 19:00:46 -Initializing Spring embedded WebApplicationContext
2025-03-09 19:00:46 -Root WebApplicationContext: initialization completed in 741 ms
2025-03-09 19:00:47 -Initializing ExecutorService 'applicationTaskExecutor'
2025-03-09 19:00:47 -Starting ProtocolHandler ["http-nio-8000"]
2025-03-09 19:00:47 -Tomcat started on port(s): 8000 (http) with context path ''
2025-03-09 19:00:47 -Started ServiceApplication in 1.964 seconds (JVM running for 2.32)
2025-03-09 19:00:53 -Initializing Spring DispatcherServlet 'dispatcherServlet'
2025-03-09 19:00:53 -Initializing Servlet 'dispatcherServlet'
2025-03-09 19:00:53 -Completed initialization in 3 ms
2025-03-09 19:00:53 -HikariPool-1 - Starting...
2025-03-09 19:00:53 -HikariPool-1 - Start completed.
2025-03-09 19:01:09 -Shutting down ExecutorService 'applicationTaskExecutor'
2025-03-09 19:01:09 -HikariPool-1 - Shutdown initiated...
2025-03-09 19:01:09 -HikariPool-1 - Shutdown completed.
2025-03-09 19:11:06 -Starting ServiceApplication on LAPTOP-7HT4VH9K with PID 27700 (D:\Java\ImSystem\im-system\service\target\classes started by 33175 in D:\Java\ImSystem)
2025-03-09 19:11:06 -The following profiles are active: dev
2025-03-09 19:11:06 -Multiple Spring Data modules found, entering strict repository configuration mode!
2025-03-09 19:11:06 -Bootstrapping Spring Data Redis repositories in DEFAULT mode.
2025-03-09 19:11:06 -Finished Spring Data repository scanning in 7ms. Found 0 Redis repository interfaces.
2025-03-09 19:11:07 -Tomcat initialized with port(s): 8000 (http)
2025-03-09 19:11:07 -Initializing ProtocolHandler ["http-nio-8000"]
2025-03-09 19:11:07 -Starting service [Tomcat]
2025-03-09 19:11:07 -Starting Servlet engine: [Apache Tomcat/9.0.37]
2025-03-09 19:11:07 -Initializing Spring embedded WebApplicationContext
2025-03-09 19:11:07 -Root WebApplicationContext: initialization completed in 672 ms
2025-03-09 19:11:07 -Initializing ExecutorService 'applicationTaskExecutor'
2025-03-09 19:11:08 -Starting ProtocolHandler ["http-nio-8000"]
2025-03-09 19:11:08 -Tomcat started on port(s): 8000 (http) with context path ''
2025-03-09 19:11:08 -Started ServiceApplication in 1.828 seconds (JVM running for 2.172)
2025-03-09 19:11:14 -Initializing Spring DispatcherServlet 'dispatcherServlet'
2025-03-09 19:11:14 -Initializing Servlet 'dispatcherServlet'
2025-03-09 19:11:14 -Completed initialization in 3 ms
2025-03-09 19:12:19 -Shutting down ExecutorService 'applicationTaskExecutor'
2025-03-09 19:12:34 -Starting ServiceApplication on LAPTOP-7HT4VH9K with PID 18280 (D:\Java\ImSystem\im-system\service\target\classes started by 33175 in D:\Java\ImSystem)
2025-03-09 19:12:34 -The following profiles are active: dev
2025-03-09 19:12:35 -Multiple Spring Data modules found, entering strict repository configuration mode!
2025-03-09 19:12:35 -Bootstrapping Spring Data Redis repositories in DEFAULT mode.
2025-03-09 19:12:35 -Finished Spring Data repository scanning in 6ms. Found 0 Redis repository interfaces.
2025-03-09 19:12:35 -Tomcat initialized with port(s): 8000 (http)
2025-03-09 19:12:35 -Initializing ProtocolHandler ["http-nio-8000"]
2025-03-09 19:12:35 -Starting service [Tomcat]
2025-03-09 19:12:35 -Starting Servlet engine: [Apache Tomcat/9.0.37]
2025-03-09 19:12:35 -Initializing Spring embedded WebApplicationContext
2025-03-09 19:12:35 -Root WebApplicationContext: initialization completed in 744 ms
2025-03-09 19:12:35 -Initializing ExecutorService 'applicationTaskExecutor'
2025-03-09 19:12:36 -Starting ProtocolHandler ["http-nio-8000"]
2025-03-09 19:12:36 -Tomcat started on port(s): 8000 (http) with context path ''
2025-03-09 19:12:36 -Started ServiceApplication in 2.0 seconds (JVM running for 4.636)
2025-03-09 19:12:39 -Initializing Spring DispatcherServlet 'dispatcherServlet'
2025-03-09 19:12:39 -Initializing Servlet 'dispatcherServlet'
2025-03-09 19:12:39 -Completed initialization in 12 ms
2025-03-09 19:12:54 -Shutting down ExecutorService 'applicationTaskExecutor'
2025-03-09 19:12:58 -Starting ServiceApplication on LAPTOP-7HT4VH9K with PID 27004 (D:\Java\ImSystem\im-system\service\target\classes started by 33175 in D:\Java\ImSystem)
2025-03-09 19:12:58 -The following profiles are active: dev
2025-03-09 19:12:58 -Multiple Spring Data modules found, entering strict repository configuration mode!
2025-03-09 19:12:58 -Bootstrapping Spring Data Redis repositories in DEFAULT mode.
2025-03-09 19:12:58 -Finished Spring Data repository scanning in 6ms. Found 0 Redis repository interfaces.
2025-03-09 19:12:58 -Tomcat initialized with port(s): 8000 (http)
2025-03-09 19:12:58 -Initializing ProtocolHandler ["http-nio-8000"]
2025-03-09 19:12:58 -Starting service [Tomcat]
2025-03-09 19:12:58 -Starting Servlet engine: [Apache Tomcat/9.0.37]
2025-03-09 19:12:59 -Initializing Spring embedded WebApplicationContext
2025-03-09 19:12:59 -Root WebApplicationContext: initialization completed in 903 ms
2025-03-09 19:12:59 -Initializing ExecutorService 'applicationTaskExecutor'
2025-03-09 19:12:59 -Starting ProtocolHandler ["http-nio-8000"]
2025-03-09 19:12:59 -Tomcat started on port(s): 8000 (http) with context path ''
2025-03-09 19:12:59 -Started ServiceApplication in 2.033 seconds (JVM running for 4.426)
2025-03-09 19:13:00 -Initializing Spring DispatcherServlet 'dispatcherServlet'
2025-03-09 19:13:00 -Initializing Servlet 'dispatcherServlet'
2025-03-09 19:13:00 -Completed initialization in 3 ms
2025-03-09 19:13:27 -Shutting down ExecutorService 'applicationTaskExecutor'
2025-03-09 19:13:56 -Starting ServiceApplication on LAPTOP-7HT4VH9K with PID 15816 (D:\Java\ImSystem\im-system\service\target\classes started by 33175 in D:\Java\ImSystem)
2025-03-09 19:13:56 -The following profiles are active: dev
2025-03-09 19:13:57 -Multiple Spring Data modules found, entering strict repository configuration mode!
2025-03-09 19:13:57 -Bootstrapping Spring Data Redis repositories in DEFAULT mode.
2025-03-09 19:13:57 -Finished Spring Data repository scanning in 7ms. Found 0 Redis repository interfaces.
2025-03-09 19:13:57 -Tomcat initialized with port(s): 8000 (http)
2025-03-09 19:13:57 -Initializing ProtocolHandler ["http-nio-8000"]
2025-03-09 19:13:57 -Starting service [Tomcat]
2025-03-09 19:13:57 -Starting Servlet engine: [Apache Tomcat/9.0.37]
2025-03-09 19:13:57 -Initializing Spring embedded WebApplicationContext
2025-03-09 19:13:57 -Root WebApplicationContext: initialization completed in 703 ms
2025-03-09 19:13:57 -Initializing ExecutorService 'applicationTaskExecutor'
2025-03-09 19:13:58 -Starting ProtocolHandler ["http-nio-8000"]
2025-03-09 19:13:58 -Tomcat started on port(s): 8000 (http) with context path ''
2025-03-09 19:13:58 -Started ServiceApplication in 1.739 seconds (JVM running for 2.034)
2025-03-09 19:14:00 -Initializing Spring DispatcherServlet 'dispatcherServlet'
2025-03-09 19:14:00 -Initializing Servlet 'dispatcherServlet'
2025-03-09 19:14:00 -Completed initialization in 3 ms
2025-03-09 19:14:01 -HikariPool-1 - Starting...
2025-03-09 19:14:01 -HikariPool-1 - Start completed.
2025-03-09 19:14:44 -Shutting down ExecutorService 'applicationTaskExecutor'
2025-03-09 19:14:44 -HikariPool-1 - Shutdown initiated...
2025-03-09 19:14:44 -HikariPool-1 - Shutdown completed.
2025-03-09 19:16:56 -Starting ServiceApplication on LAPTOP-7HT4VH9K with PID 13576 (D:\Java\ImSystem\im-system\service\target\classes started by 33175 in D:\Java\ImSystem)
2025-03-09 19:16:56 -The following profiles are active: dev
2025-03-09 19:16:57 -Multiple Spring Data modules found, entering strict repository configuration mode!
2025-03-09 19:16:57 -Bootstrapping Spring Data Redis repositories in DEFAULT mode.
2025-03-09 19:16:57 -Finished Spring Data repository scanning in 7ms. Found 0 Redis repository interfaces.
2025-03-09 19:16:57 -Tomcat initialized with port(s): 8000 (http)
2025-03-09 19:16:57 -Initializing ProtocolHandler ["http-nio-8000"]
2025-03-09 19:16:57 -Starting service [Tomcat]
2025-03-09 19:16:57 -Starting Servlet engine: [Apache Tomcat/9.0.37]
2025-03-09 19:16:57 -Initializing Spring embedded WebApplicationContext
2025-03-09 19:16:57 -Root WebApplicationContext: initialization completed in 686 ms
2025-03-09 19:16:57 -Initializing ExecutorService 'applicationTaskExecutor'
2025-03-09 19:16:58 -Starting ProtocolHandler ["http-nio-8000"]
2025-03-09 19:16:58 -Tomcat started on port(s): 8000 (http) with context path ''
2025-03-09 19:16:58 -Started ServiceApplication in 1.763 seconds (JVM running for 2.103)
2025-03-09 19:17:01 -Initializing Spring DispatcherServlet 'dispatcherServlet'
2025-03-09 19:17:01 -Initializing Servlet 'dispatcherServlet'
2025-03-09 19:17:01 -Completed initialization in 3 ms
2025-03-09 19:17:52 -HikariPool-1 - Starting...
2025-03-09 19:17:52 -HikariPool-1 - Start completed.
2025-03-09 19:18:40 -Shutting down ExecutorService 'applicationTaskExecutor'
2025-03-09 19:18:40 -HikariPool-1 - Shutdown initiated...
2025-03-09 19:18:40 -HikariPool-1 - Shutdown completed.
2025-03-09 19:19:59 -Starting ServiceApplication on LAPTOP-7HT4VH9K with PID 26512 (D:\Java\ImSystem\im-system\service\target\classes started by 33175 in D:\Java\ImSystem)
2025-03-09 19:19:59 -The following profiles are active: dev
2025-03-09 19:19:59 -Multiple Spring Data modules found, entering strict repository configuration mode!
2025-03-09 19:19:59 -Bootstrapping Spring Data Redis repositories in DEFAULT mode.
2025-03-09 19:19:59 -Finished Spring Data repository scanning in 6ms. Found 0 Redis repository interfaces.
2025-03-09 19:19:59 -Tomcat initialized with port(s): 8000 (http)
2025-03-09 19:19:59 -Initializing ProtocolHandler ["http-nio-8000"]
2025-03-09 19:19:59 -Starting service [Tomcat]
2025-03-09 19:19:59 -Starting Servlet engine: [Apache Tomcat/9.0.37]
2025-03-09 19:19:59 -Initializing Spring embedded WebApplicationContext
2025-03-09 19:19:59 -Root WebApplicationContext: initialization completed in 668 ms
2025-03-09 19:20:00 -Initializing ExecutorService 'applicationTaskExecutor'
2025-03-09 19:20:00 -Starting ProtocolHandler ["http-nio-8000"]
2025-03-09 19:20:00 -Tomcat started on port(s): 8000 (http) with context path ''
2025-03-09 19:20:00 -Started ServiceApplication in 1.703 seconds (JVM running for 1.994)
2025-03-09 19:20:13 -Initializing Spring DispatcherServlet 'dispatcherServlet'
2025-03-09 19:20:13 -Initializing Servlet 'dispatcherServlet'
2025-03-09 19:20:13 -Completed initialization in 5 ms
2025-03-09 19:20:13 -HikariPool-1 - Starting...
2025-03-09 19:20:13 -HikariPool-1 - Start completed.
2025-03-09 19:21:26 -Shutting down ExecutorService 'applicationTaskExecutor'
2025-03-09 19:21:26 -HikariPool-1 - Shutdown initiated...
2025-03-09 19:21:26 -HikariPool-1 - Shutdown completed.
2025-03-09 19:24:06 -Starting ServiceApplication on LAPTOP-7HT4VH9K with PID 28140 (D:\Java\ImSystem\im-system\service\target\classes started by 33175 in D:\Java\ImSystem)
2025-03-09 19:24:06 -The following profiles are active: dev
2025-03-09 19:24:06 -Multiple Spring Data modules found, entering strict repository configuration mode!
2025-03-09 19:24:06 -Bootstrapping Spring Data Redis repositories in DEFAULT mode.
2025-03-09 19:24:06 -Finished Spring Data repository scanning in 5ms. Found 0 Redis repository interfaces.
2025-03-09 19:24:07 -Tomcat initialized with port(s): 8000 (http)
2025-03-09 19:24:07 -Initializing ProtocolHandler ["http-nio-8000"]
2025-03-09 19:24:07 -Starting service [Tomcat]
2025-03-09 19:24:07 -Starting Servlet engine: [Apache Tomcat/9.0.37]
2025-03-09 19:24:07 -Initializing Spring embedded WebApplicationContext
2025-03-09 19:24:07 -Root WebApplicationContext: initialization completed in 646 ms
2025-03-09 19:24:07 -Initializing ExecutorService 'applicationTaskExecutor'
2025-03-09 19:24:08 -Starting ProtocolHandler ["http-nio-8000"]
2025-03-09 19:24:08 -Tomcat started on port(s): 8000 (http) with context path ''
2025-03-09 19:24:08 -Started ServiceApplication in 1.757 seconds (JVM running for 2.071)
2025-03-09 19:24:12 -Initializing Spring DispatcherServlet 'dispatcherServlet'
2025-03-09 19:24:12 -Initializing Servlet 'dispatcherServlet'
2025-03-09 19:24:12 -Completed initialization in 4 ms
2025-03-09 19:24:12 -HikariPool-1 - Starting...
2025-03-09 19:24:13 -HikariPool-1 - Start completed.
2025-03-09 19:24:47 -Shutting down ExecutorService 'applicationTaskExecutor'
2025-03-09 19:24:47 -HikariPool-1 - Shutdown initiated...
2025-03-09 19:24:47 -HikariPool-1 - Shutdown completed.
2025-03-09 19:24:49 -Starting ServiceApplication on LAPTOP-7HT4VH9K with PID 11500 (D:\Java\ImSystem\im-system\service\target\classes started by 33175 in D:\Java\ImSystem)
2025-03-09 19:24:49 -The following profiles are active: dev
2025-03-09 19:24:49 -Multiple Spring Data modules found, entering strict repository configuration mode!
2025-03-09 19:24:49 -Bootstrapping Spring Data Redis repositories in DEFAULT mode.
2025-03-09 19:24:49 -Finished Spring Data repository scanning in 12ms. Found 0 Redis repository interfaces.
2025-03-09 19:24:50 -Tomcat initialized with port(s): 8000 (http)
2025-03-09 19:24:50 -Initializing ProtocolHandler ["http-nio-8000"]
2025-03-09 19:24:50 -Starting service [Tomcat]
2025-03-09 19:24:50 -Starting Servlet engine: [Apache Tomcat/9.0.37]
2025-03-09 19:24:50 -Initializing Spring embedded WebApplicationContext
2025-03-09 19:24:50 -Root WebApplicationContext: initialization completed in 806 ms
2025-03-09 19:24:50 -Initializing ExecutorService 'applicationTaskExecutor'
2025-03-09 19:24:51 -Starting ProtocolHandler ["http-nio-8000"]
2025-03-09 19:24:51 -Tomcat started on port(s): 8000 (http) with context path ''
2025-03-09 19:24:51 -Started ServiceApplication in 2.294 seconds (JVM running for 2.619)
2025-03-09 19:25:06 -Initializing Spring DispatcherServlet 'dispatcherServlet'
2025-03-09 19:25:06 -Initializing Servlet 'dispatcherServlet'
2025-03-09 19:25:06 -Completed initialization in 3 ms
2025-03-09 19:25:06 -HikariPool-1 - Starting...
2025-03-09 19:25:06 -HikariPool-1 - Start completed.
2025-03-09 19:25:19 -Shutting down ExecutorService 'applicationTaskExecutor'
2025-03-09 19:25:19 -HikariPool-1 - Shutdown initiated...
2025-03-09 19:25:19 -HikariPool-1 - Shutdown completed.
2025-03-09 19:27:53 -Starting ServiceApplication on LAPTOP-7HT4VH9K with PID 24048 (D:\Java\ImSystem\im-system\service\target\classes started by 33175 in D:\Java\ImSystem)
2025-03-09 19:27:53 -The following profiles are active: dev
2025-03-09 19:27:53 -Multiple Spring Data modules found, entering strict repository configuration mode!
2025-03-09 19:27:53 -Bootstrapping Spring Data Redis repositories in DEFAULT mode.
2025-03-09 19:27:53 -Finished Spring Data repository scanning in 7ms. Found 0 Redis repository interfaces.
2025-03-09 19:27:53 -Tomcat initialized with port(s): 8000 (http)
2025-03-09 19:27:53 -Initializing ProtocolHandler ["http-nio-8000"]
2025-03-09 19:27:53 -Starting service [Tomcat]
2025-03-09 19:27:53 -Starting Servlet engine: [Apache Tomcat/9.0.37]
2025-03-09 19:27:53 -Initializing Spring embedded WebApplicationContext
2025-03-09 19:27:53 -Root WebApplicationContext: initialization completed in 654 ms
2025-03-09 19:27:54 -Initializing ExecutorService 'applicationTaskExecutor'
2025-03-09 19:27:54 -Starting ProtocolHandler ["http-nio-8000"]
2025-03-09 19:27:54 -Tomcat started on port(s): 8000 (http) with context path ''
2025-03-09 19:27:54 -Started ServiceApplication in 1.771 seconds (JVM running for 2.113)
2025-03-09 19:27:57 -Initializing Spring DispatcherServlet 'dispatcherServlet'
2025-03-09 19:27:57 -Initializing Servlet 'dispatcherServlet'
2025-03-09 19:27:57 -Completed initialization in 8 ms
2025-03-09 19:27:57 -HikariPool-1 - Starting...
2025-03-09 19:27:57 -HikariPool-1 - Start completed.
2025-03-09 19:28:10 -Shutting down ExecutorService 'applicationTaskExecutor'
2025-03-09 19:28:10 -HikariPool-1 - Shutdown initiated...
2025-03-09 19:28:10 -HikariPool-1 - Shutdown completed.
2025-03-09 20:38:21 -Starting ServiceApplication on LAPTOP-7HT4VH9K with PID 26284 (D:\Java\ImSystem\im-system\service\target\classes started by 33175 in D:\Java\ImSystem)
2025-03-09 20:38:21 -The following profiles are active: dev
2025-03-09 20:38:21 -Multiple Spring Data modules found, entering strict repository configuration mode!
2025-03-09 20:38:21 -Bootstrapping Spring Data Redis repositories in DEFAULT mode.
2025-03-09 20:38:21 -Finished Spring Data repository scanning in 11ms. Found 0 Redis repository interfaces.
2025-03-09 20:38:21 -Tomcat initialized with port(s): 8000 (http)
2025-03-09 20:38:22 -Initializing ProtocolHandler ["http-nio-8000"]
2025-03-09 20:38:22 -Starting service [Tomcat]
2025-03-09 20:38:22 -Starting Servlet engine: [Apache Tomcat/9.0.37]
2025-03-09 20:38:22 -Initializing Spring embedded WebApplicationContext
2025-03-09 20:38:22 -Root WebApplicationContext: initialization completed in 985 ms
2025-03-09 20:38:22 -Initializing ExecutorService 'applicationTaskExecutor'
2025-03-09 20:38:23 -Starting ProtocolHandler ["http-nio-8000"]
2025-03-09 20:38:23 -Tomcat started on port(s): 8000 (http) with context path ''
2025-03-09 20:38:23 -Started ServiceApplication in 2.466 seconds (JVM running for 2.846)
2025-03-09 20:45:25 -Initializing Spring DispatcherServlet 'dispatcherServlet'
2025-03-09 20:45:25 -Initializing Servlet 'dispatcherServlet'
2025-03-09 20:45:25 -Completed initialization in 6 ms
2025-03-09 20:45:26 -HikariPool-1 - Starting...
2025-03-09 20:45:26 -HikariPool-1 - Start completed.
2025-03-09 20:47:42 -Shutting down ExecutorService 'applicationTaskExecutor'
2025-03-09 20:47:42 -HikariPool-1 - Shutdown initiated...
2025-03-09 20:47:42 -HikariPool-1 - Shutdown completed.
